<?xml version="1.0" encoding="utf-8"?><testsuites name="pytest tests"><testsuite name="pytest" errors="0" failures="0" skipped="0" tests="27" time="16.767" timestamp="2026-07-14T00:48:55.790774+00:00" hostname="agent-env-98e91e96-5bae-4605-9923-88feb0f5c5bd"><testcase classname="tests.test_alert_noise_suppression_iter882.TestQAAllowlistSpikeStatic" name="test_get_qa_allowlisted_ips_helper_exists" time="0.000" /><testcase classname="tests.test_alert_noise_suppression_iter882.TestQAAllowlistSpikeStatic" name="test_check_incident_spike_uses_base_match_with_nin" time="0.000" /><testcase classname="tests.test_alert_noise_suppression_iter882" name="test_check_incident_spike_excludes_qa_ips_live" time="0.287" /><testcase classname="tests.test_alert_noise_suppression_iter882.TestSuspiciousLoginQASkipStatic" name="test_auth_login_wraps_notify_in_qa_check" time="0.001" /><testcase classname="tests.test_alert_noise_suppression_iter882.TestSuspiciousLoginLogic" name="test_qa_ip_suppresses_email" time="0.000" /><testcase classname="tests.test_alert_noise_suppression_iter882.TestSuspiciousLoginLogic" name="test_non_qa_ip_still_notifies" time="0.000" /><testcase classname="tests.test_alert_noise_suppression_iter882.TestSuspiciousLoginLogic" name="test_below_threshold_no_email" time="0.000" /><testcase classname="tests.test_alert_noise_suppression_iter882.TestIntegrityConfigStatic" name="test_critical_collections_includes_integrity_config" time="0.000" /><testcase classname="tests.test_alert_noise_suppression_iter882" name="test_integrity_config_collection_seeded" time="0.004" /><testcase classname="tests.test_alert_noise_suppression_iter882" name="test_ai_autofix_review_queue_no_stale_pending" time="0.001" /><testcase classname="tests.test_alert_noise_suppression_iter882" name="test_database_integrity_guard_reports_healthy" time="9.860" /><testcase classname="tests.test_alert_noise_suppression_iter882.TestGtecC5CooldownStatic" name="test_gtec_c5_cooldown_gates_hard_block_email" time="0.001" /><testcase classname="tests.test_alert_noise_suppression_iter882.TestGtecC5CooldownStatic" name="test_gtec_state_updated_every_cycle" time="0.001" /><testcase classname="tests.test_alert_noise_suppression_iter882.TestGtecC5CooldownLogic" name="test_transition_healthy_to_degraded_sends" time="0.000" /><testcase classname="tests.test_alert_noise_suppression_iter882.TestGtecC5CooldownLogic" name="test_repeat_degraded_within_cooldown_suppressed" time="0.000" /><testcase classname="tests.test_alert_noise_suppression_iter882.TestGtecC5CooldownLogic" name="test_repeat_degraded_after_cooldown_sends" time="0.000" /><testcase classname="tests.test_alert_noise_suppression_iter882.TestGtecC5CooldownLogic" name="test_healthy_no_email" time="0.000" /><testcase classname="tests.test_alert_noise_suppression_iter882.TestPerfAuditPolicyStatic" name="test_default_db_bloat_alert_mb_is_4096" time="0.000" /><testcase classname="tests.test_alert_noise_suppression_iter882.TestPerfAuditPolicyStatic" name="test_db_bloat_fallback_uses_4096" time="0.000" /><testcase classname="tests.test_alert_noise_suppression_iter882.TestPerfAuditPolicyStatic" name="test_perf_audit_email_gated_by_state_and_cooldown" time="0.000" /><testcase classname="tests.test_alert_noise_suppression_iter882" name="test_run_perf_audit_persists_and_cooldown_gated" time="5.833" /><testcase classname="tests.test_alert_noise_suppression_iter882.TestRetentionCleanupStatic" name="test_scheduled_monitoring_retention_cleanup_defined" time="0.001" /><testcase classname="tests.test_alert_noise_suppression_iter882" name="test_retention_cleanup_heartbeat_or_manual_run" time="0.001" /><testcase classname="tests.test_alert_noise_suppression_iter882.TestBackendRegression" name="test_health" time="0.104" /><testcase classname="tests.test_alert_noise_suppression_iter882.TestBackendRegression" name="test_admin_login" time="0.473" /><testcase classname="tests.test_alert_noise_suppression_iter882.TestBackendRegression" name="test_autonomous_engine_status" time="0.094" /><testcase classname="tests.test_alert_noise_suppression_iter882" name="test_qa_ip_incidents_still_logged" time="0.004" /></testsuite></testsuites>