<?xml version="1.0" encoding="utf-8"?><testsuites name="pytest tests"><testsuite name="pytest" errors="0" failures="1" skipped="4" tests="274" time="34.033" timestamp="2026-07-12T05:38:29.831788+00:00" hostname="agent-env-6bd01f6d-db67-4dfd-8a11-b6348c9e0bc7"><testcase classname="" name="tests.test_phase2_audio_podcasts_retirement" time="0.000"><skipped message="collection skipped">('/app/backend/tests/test_phase2_audio_podcasts_retirement.py', 11, 'Skipped: Deprecated duplicate retirement suite; replaced by governance_retirement package')</skipped></testcase><testcase classname="" name="tests.test_watch_videos_legacy_wrapper_retirement" time="0.000"><skipped message="collection skipped">('/app/backend/tests/test_watch_videos_legacy_wrapper_retirement.py', 11, 'Skipped: Deprecated duplicate retirement suite; replaced by governance_retirement package')</skipped></testcase><testcase classname="" name="tests.test_watch_videos_legacy_wrapper_strict_zero_promotion" time="0.000"><skipped message="collection skipped">('/app/backend/tests/test_watch_videos_legacy_wrapper_strict_zero_promotion.py', 10, 'Skipped: Deprecated duplicate retirement suite; replaced by governance_retirement package')</skipped></testcase><testcase classname="tests.test_ai_learning_hub_certificate_email_attachments" name="test_backend_health" time="0.006" /><testcase classname="tests.test_ai_learning_hub_certificate_email_attachments" name="test_import_dispatcher_and_builders" time="1.442" /><testcase classname="tests.test_ai_learning_hub_certificate_email_attachments" name="test_dispatch_certificate_email_attaches_portrait_and_landscape" time="0.639" /><testcase classname="tests.test_ai_learning_hub_certificate_email_attachments" name="test_attachment_portrait_page_size_is_a4_portrait" time="0.579" /><testcase classname="tests.test_ai_learning_hub_certificate_email_attachments" name="test_attachment_landscape_page_size_is_a4_landscape" time="0.002" /><testcase classname="tests.test_ai_learning_hub_certificate_email_attachments" name="test_attachment_portrait_has_enlarged_blue_signature" time="0.087" /><testcase classname="tests.test_ai_learning_hub_certificate_email_attachments" name="test_attachment_landscape_has_enlarged_blue_signature" time="0.080" /><testcase classname="tests.test_ai_learning_hub_certificate_email_attachments" name="test_dispatcher_returns_false_when_no_learner_email" time="0.001" /><testcase classname="tests.test_ai_learning_hub_certificate_email_attachments" name="test_dispatcher_returns_false_when_email_not_configured" time="0.001" /><testcase classname="tests.test_auth_e2e_comprehensive_2026" name="test_login_nonexistent_email" time="0.098" /><testcase classname="tests.test_auth_e2e_comprehensive_2026" name="test_lookup_nonexistent_email" time="0.080" /><testcase classname="tests.test_auth_e2e_comprehensive_2026" name="test_register_duplicate_email_rejected" time="0.097" /><testcase classname="tests.test_auth_e2e_comprehensive_2026" name="test_password_reset_request_valid_email" time="0.464" /><testcase classname="tests.test_auth_e2e_corrected.TestEmailGuardrailRCA" name="test_email_guardrail_blocks_example_domain_otp" time="0.427" /><testcase classname="tests.test_auth_e2e_corrected.TestEmailGuardrailRCA" name="test_email_guardrail_blocks_example_domain_reset" time="0.421" /><testcase classname="tests.test_auth_e2e_full_live.TestEmailNotificationBehavior" name="test_email_guardrail_blocks_example_domain" time="0.000" /><testcase classname="tests.test_auth_e2e_full_live.TestEmailNotificationBehavior" name="test_admin_email_delivery_works" time="0.412" /><testcase classname="tests.test_blog_v2_engagement_growth.TestWeeklyDigestEndpoint" name="test_weekly_digest_with_send_email_param" time="0.374" /><testcase classname="tests.test_blog_v2_engagement_growth.TestDigestSettingsToggle" name="test_toggle_digest_email_enabled" time="0.092" /><testcase classname="tests.test_completed_features_email_contract_matrix" name="test_done_features_have_email_contract_status_in_checkpoint_d" time="0.002" /><testcase classname="tests.test_completed_features_email_contract_matrix" name="test_done_features_have_email_contract_status_in_checkpoint_c" time="0.001" /><testcase classname="tests.test_completed_features_email_contract_matrix" name="test_features_26_to_36_have_explicit_email_contract_status_in_c_and_d" time="0.001" /><testcase classname="tests.test_completed_features_email_contract_matrix" name="test_known_feature_email_contract_expectations_remain_pinned" time="0.001" /><testcase classname="tests.test_completed_features_email_contract_matrix" name="test_feature6_applicability_evidence_sections_exist_in_c_and_d" time="0.000" /><testcase classname="tests.test_completed_features_email_contract_matrix" name="test_feature7_applicability_evidence_sections_exist_in_c_and_d" time="0.000" /><testcase classname="tests.test_completed_features_email_contract_matrix" name="test_feature7_contract_wording_does_not_regress_to_generic_na" time="0.000" /><testcase classname="tests.test_completed_features_email_contract_matrix" name="test_feature8_applicability_evidence_sections_exist_in_c_and_d" time="0.000" /><testcase classname="tests.test_completed_features_email_contract_matrix" name="test_feature8_contract_wording_does_not_regress_to_generic_na" time="0.000" /><testcase classname="tests.test_completed_features_email_contract_matrix" name="test_feature9_applicability_evidence_sections_exist_in_c_and_d" time="0.000" /><testcase classname="tests.test_completed_features_email_contract_matrix" name="test_feature9_contract_wording_does_not_regress_to_generic_na" time="0.000" /><testcase classname="tests.test_completed_features_email_contract_matrix" name="test_feature9_required_reference_completeness_in_c_and_d" time="0.000" /><testcase classname="tests.test_completed_features_email_contract_matrix" name="test_feature9_applicability_section_header_persists_in_c_and_d" time="0.000" /><testcase classname="tests.test_completed_features_email_contract_matrix" name="test_feature10_applicability_evidence_sections_exist_in_c_and_d" time="0.000" /><testcase classname="tests.test_completed_features_email_contract_matrix" name="test_feature10_contract_wording_does_not_regress_to_generic_na" time="0.000" /><testcase classname="tests.test_completed_features_email_contract_matrix" name="test_feature10_required_reference_completeness_in_c_and_d" time="0.000" /><testcase classname="tests.test_completed_features_email_contract_matrix" name="test_feature10_applicability_section_header_persists_in_c_and_d" time="0.000" /><testcase classname="tests.test_completed_features_email_contract_matrix" name="test_feature11_applicability_evidence_sections_exist_in_c_and_d" time="0.000" /><testcase classname="tests.test_completed_features_email_contract_matrix" name="test_feature11_contract_wording_does_not_regress_to_generic_na" time="0.000" /><testcase classname="tests.test_completed_features_email_contract_matrix" name="test_feature12_applicability_evidence_sections_exist_in_c_and_d" time="0.000" /><testcase classname="tests.test_completed_features_email_contract_matrix" name="test_feature12_contract_wording_does_not_regress_to_generic_na" time="0.000" /><testcase classname="tests.test_completed_features_email_contract_matrix" name="test_feature13_applicability_evidence_sections_exist_in_c_and_d" time="0.000" /><testcase classname="tests.test_completed_features_email_contract_matrix" name="test_feature13_contract_wording_does_not_regress_to_generic_na" time="0.000" /><testcase classname="tests.test_completed_features_email_contract_matrix" name="test_feature13_required_reference_completeness_in_c_and_d" time="0.000" /><testcase classname="tests.test_completed_features_email_contract_matrix" name="test_feature13_applicability_section_header_persists_in_c_and_d" time="0.000" /><testcase classname="tests.test_completed_features_email_contract_matrix" name="test_feature14_applicability_evidence_sections_exist_in_c_and_d" time="0.000" /><testcase classname="tests.test_completed_features_email_contract_matrix" name="test_feature14_contract_wording_does_not_regress_to_generic_na" time="0.000" /><testcase classname="tests.test_completed_features_email_contract_matrix" name="test_feature15_applicability_evidence_sections_exist_in_c_and_d" time="0.000" /><testcase classname="tests.test_completed_features_email_contract_matrix" name="test_feature15_contract_wording_does_not_regress_to_generic_na" time="0.000" /><testcase classname="tests.test_completed_features_email_contract_matrix" name="test_feature16_applicability_evidence_sections_exist_in_c_and_d" time="0.000" /><testcase classname="tests.test_completed_features_email_contract_matrix" name="test_feature16_contract_wording_does_not_regress_to_generic_na" time="0.000" /><testcase classname="tests.test_completed_features_email_contract_matrix" name="test_feature17_applicability_evidence_sections_exist_in_c_and_d" time="0.000" /><testcase classname="tests.test_completed_features_email_contract_matrix" name="test_feature17_contract_wording_does_not_regress_to_generic_na" time="0.000" /><testcase classname="tests.test_completed_features_email_contract_matrix" name="test_feature18_applicability_evidence_sections_exist_in_c_and_d" time="0.000" /><testcase classname="tests.test_completed_features_email_contract_matrix" name="test_feature18_contract_wording_does_not_regress_to_generic_na" time="0.000" /><testcase classname="tests.test_completed_features_email_contract_matrix" name="test_feature18_required_reference_completeness_in_c_and_d" time="0.000" /><testcase classname="tests.test_completed_features_email_contract_matrix" name="test_feature18_applicability_section_header_persists_in_c_and_d" time="0.000" /><testcase classname="tests.test_completed_features_email_contract_matrix" name="test_feature19_applicability_evidence_sections_exist_in_c_and_d" time="0.000" /><testcase classname="tests.test_completed_features_email_contract_matrix" name="test_feature19_contract_wording_does_not_regress_to_generic_na" time="0.000" /><testcase classname="tests.test_completed_features_email_contract_matrix" name="test_feature19_required_reference_completeness_in_c_and_d" time="0.000" /><testcase classname="tests.test_completed_features_email_contract_matrix" name="test_feature19_applicability_section_header_persists_in_c_and_d" time="0.000" /><testcase classname="tests.test_completed_features_email_contract_matrix" name="test_feature20_applicability_evidence_sections_exist_in_c_and_d" time="0.000" /><testcase classname="tests.test_completed_features_email_contract_matrix" name="test_feature20_contract_wording_does_not_regress_to_generic_na" time="0.000" /><testcase classname="tests.test_completed_features_email_contract_matrix" name="test_feature20_required_reference_completeness_in_c_and_d" time="0.000" /><testcase classname="tests.test_completed_features_email_contract_matrix" name="test_feature20_applicability_section_header_persists_in_c_and_d" time="0.000" /><testcase classname="tests.test_completed_features_email_contract_matrix" name="test_feature21_applicability_evidence_sections_exist_in_c_and_d" time="0.000" /><testcase classname="tests.test_completed_features_email_contract_matrix" name="test_feature21_contract_wording_does_not_regress_to_generic_na" time="0.000" /><testcase classname="tests.test_completed_features_email_contract_matrix" name="test_feature21_required_reference_completeness_in_c_and_d" time="0.000" /><testcase classname="tests.test_completed_features_email_contract_matrix" name="test_feature21_applicability_section_header_persists_in_c_and_d" time="0.000" /><testcase classname="tests.test_completed_features_email_contract_matrix" name="test_feature22_applicability_evidence_sections_exist_in_c_and_d" time="0.001" /><testcase classname="tests.test_completed_features_email_contract_matrix" name="test_feature22_contract_wording_does_not_regress_to_generic_na" time="0.000" /><testcase classname="tests.test_completed_features_email_contract_matrix" name="test_feature22_required_reference_completeness_in_c_and_d" time="0.000" /><testcase classname="tests.test_completed_features_email_contract_matrix" name="test_feature22_applicability_section_header_persists_in_c_and_d" time="0.000" /><testcase classname="tests.test_completed_features_email_contract_matrix" name="test_feature23_applicability_evidence_sections_exist_in_c_and_d" time="0.000" /><testcase classname="tests.test_completed_features_email_contract_matrix" name="test_feature23_contract_wording_does_not_regress_to_generic_na" time="0.000" /><testcase classname="tests.test_completed_features_email_contract_matrix" name="test_feature23_required_reference_completeness_in_c_and_d" time="0.000" /><testcase classname="tests.test_completed_features_email_contract_matrix" name="test_feature23_applicability_section_header_persists_in_c_and_d" time="0.000" /><testcase classname="tests.test_completed_features_email_contract_matrix" name="test_feature24_applicability_evidence_sections_exist_in_c_and_d" time="0.000" /><testcase classname="tests.test_completed_features_email_contract_matrix" name="test_feature24_contract_wording_does_not_regress_to_generic_na" time="0.000" /><testcase classname="tests.test_completed_features_email_contract_matrix" name="test_feature24_required_reference_completeness_in_c_and_d" time="0.000" /><testcase classname="tests.test_completed_features_email_contract_matrix" name="test_feature24_applicability_section_header_persists_in_c_and_d" time="0.000" /><testcase classname="tests.test_completed_features_email_contract_matrix" name="test_feature16_required_reference_completeness_in_c_and_d" time="0.000" /><testcase classname="tests.test_completed_features_email_contract_matrix" name="test_feature16_applicability_section_header_persists_in_c_and_d" time="0.000" /><testcase classname="tests.test_completed_features_email_contract_matrix" name="test_feature14_required_reference_completeness_in_c_and_d" time="0.000" /><testcase classname="tests.test_completed_features_email_contract_matrix" name="test_feature14_applicability_section_header_persists_in_c_and_d" time="0.000" /><testcase classname="tests.test_completed_features_email_contract_matrix" name="test_feature15_required_reference_completeness_in_c_and_d" time="0.000" /><testcase classname="tests.test_completed_features_email_contract_matrix" name="test_feature15_applicability_section_header_persists_in_c_and_d" time="0.000" /><testcase classname="tests.test_daily_meditation_feature25_rebuild.TestDailyMeditationEmailV7Compliance" name="test_daily_meditation_email_template_mapping" time="0.000" /><testcase classname="tests.test_daily_meditation_feature25_rebuild.TestDailyMeditationEmailV7Compliance" name="test_send_dm_email_uses_catalog_template" time="0.000" /><testcase classname="tests.test_daily_meditation_feature25_rebuild.TestDailyMeditationEmailV7Compliance" name="test_feature25_templates_registered" time="0.002" /><testcase classname="tests.test_email_chrome_v2026_06_pro_redesign" name="test_email_preview_returns_200[light-welcome]" time="0.532" /><testcase classname="tests.test_email_chrome_v2026_06_pro_redesign" name="test_email_preview_returns_200[light-subscription_confirmation]" time="0.054" /><testcase classname="tests.test_email_chrome_v2026_06_pro_redesign" name="test_email_preview_returns_200[light-failed_payment]" time="0.046" /><testcase classname="tests.test_email_chrome_v2026_06_pro_redesign" name="test_email_preview_returns_200[light-ticket_created]" time="0.048" /><testcase classname="tests.test_email_chrome_v2026_06_pro_redesign" name="test_email_preview_returns_200[dark-welcome]" time="0.045" /><testcase classname="tests.test_email_chrome_v2026_06_pro_redesign" name="test_email_preview_returns_200[dark-subscription_confirmation]" time="0.045" /><testcase classname="tests.test_email_chrome_v2026_06_pro_redesign" name="test_email_preview_returns_200[dark-failed_payment]" time="0.046" /><testcase classname="tests.test_email_chrome_v2026_06_pro_redesign" name="test_email_preview_returns_200[dark-ticket_created]" time="0.043" /><testcase classname="tests.test_email_chrome_v2026_06_pro_redesign" name="test_email_preview_header_markers_present[welcome]" time="0.048" /><testcase classname="tests.test_email_chrome_v2026_06_pro_redesign" name="test_email_preview_header_markers_present[subscription_confirmation]" time="0.045" /><testcase classname="tests.test_email_chrome_v2026_06_pro_redesign" name="test_email_preview_header_markers_present[failed_payment]" time="0.049" /><testcase classname="tests.test_email_chrome_v2026_06_pro_redesign" name="test_email_preview_header_markers_present[ticket_created]" time="0.046" /><testcase classname="tests.test_email_chrome_v2026_06_pro_redesign" name="test_email_preview_footer_markers_present[welcome]" time="0.045" /><testcase classname="tests.test_email_chrome_v2026_06_pro_redesign" name="test_email_preview_footer_markers_present[subscription_confirmation]" time="0.048" /><testcase classname="tests.test_email_chrome_v2026_06_pro_redesign" name="test_email_preview_footer_markers_present[failed_payment]" time="0.048" /><testcase classname="tests.test_email_chrome_v2026_06_pro_redesign" name="test_email_preview_footer_markers_present[ticket_created]" time="0.046" /><testcase classname="tests.test_email_chrome_v2026_06_pro_redesign" name="test_squircle_social_buttons_and_linkedin_glyph[welcome]" time="0.045" /><testcase classname="tests.test_email_chrome_v2026_06_pro_redesign" name="test_squircle_social_buttons_and_linkedin_glyph[subscription_confirmation]" time="0.048" /><testcase classname="tests.test_email_chrome_v2026_06_pro_redesign" name="test_squircle_social_buttons_and_linkedin_glyph[failed_payment]" time="0.048" /><testcase classname="tests.test_email_chrome_v2026_06_pro_redesign" name="test_squircle_social_buttons_and_linkedin_glyph[ticket_created]" time="0.049" /><testcase classname="tests.test_email_chrome_v2026_06_pro_redesign" name="test_store_badges_present[welcome]" time="0.052" /><testcase classname="tests.test_email_chrome_v2026_06_pro_redesign" name="test_store_badges_present[subscription_confirmation]" time="0.046" /><testcase classname="tests.test_email_chrome_v2026_06_pro_redesign" name="test_store_badges_present[failed_payment]" time="0.047" /><testcase classname="tests.test_email_chrome_v2026_06_pro_redesign" name="test_store_badges_present[ticket_created]" time="0.050" /><testcase classname="tests.test_email_chrome_v2026_06_pro_redesign" name="test_v7_theme_hooks_present[light-welcome]" time="0.048" /><testcase classname="tests.test_email_chrome_v2026_06_pro_redesign" name="test_v7_theme_hooks_present[light-subscription_confirmation]" time="0.047" /><testcase classname="tests.test_email_chrome_v2026_06_pro_redesign" name="test_v7_theme_hooks_present[light-failed_payment]" time="0.052" /><testcase classname="tests.test_email_chrome_v2026_06_pro_redesign" name="test_v7_theme_hooks_present[light-ticket_created]" time="0.046" /><testcase classname="tests.test_email_chrome_v2026_06_pro_redesign" name="test_v7_theme_hooks_present[dark-welcome]" time="0.046" /><testcase classname="tests.test_email_chrome_v2026_06_pro_redesign" name="test_v7_theme_hooks_present[dark-subscription_confirmation]" time="0.046" /><testcase classname="tests.test_email_chrome_v2026_06_pro_redesign" name="test_v7_theme_hooks_present[dark-failed_payment]" time="0.047" /><testcase classname="tests.test_email_chrome_v2026_06_pro_redesign" name="test_v7_theme_hooks_present[dark-ticket_created]" time="0.050" /><testcase classname="tests.test_email_chrome_v2026_06_pro_redesign" name="test_template_catalog_no_render_errors" time="0.050" /><testcase classname="tests.test_email_chrome_v2026_06_pro_redesign" name="test_compact_footer_variant_renders" time="0.000" /><testcase classname="tests.test_email_chrome_v2026_06_pro_redesign" name="test_admin_auth_me_ok" time="0.042" /><testcase classname="tests.test_email_exactly_once_policy" name="test_env_and_module_constant_equal_1" time="0.001" /><testcase classname="tests.test_email_exactly_once_policy" name="test_backend_health_ok" time="0.006" /><testcase classname="tests.test_email_exactly_once_policy" name="test_exactly_once_identical_send_suppressed_by_dedupe" time="0.013" /><testcase classname="tests.test_email_exactly_once_policy" name="test_bypass_resistance_cap_blocks_after_dedupe_cleared" time="0.012" /><testcase classname="tests.test_email_exactly_once_policy" name="test_unique_content_passes_provider_invoked_again" time="0.013" /><testcase classname="tests.test_email_exactly_once_policy" name="test_explicit_dedupe_key_permanent_idempotency" time="0.010" /><testcase classname="tests.test_email_exactly_once_policy" name="test_cap_policy_override_respected" time="0.004" /><testcase classname="tests.test_email_exactly_once_policy" name="test_clear_template_cap_policy_cache_symbol_is_callable" time="0.000" /><testcase classname="tests.test_email_payment_recovery_darkmode_contrast_contract" name="test_payment_recovery_tip_uses_light_locked_card_helper" time="0.001" /><testcase classname="tests.test_email_payment_recovery_darkmode_contrast_contract" name="test_payment_recovery_no_legacy_em_tip_box_markup_in_day1_template" time="0.001" /><testcase classname="tests.test_email_payment_recovery_darkmode_contrast_contract" name="test_light_locked_tip_card_uses_force_light_classes" time="0.001" /><testcase classname="tests.test_email_suppression_iteration264.TestEmailSuppressionModule" name="test_nonprod_suppressed_templates_default" time="0.000" /><testcase classname="tests.test_email_suppression_iteration264.TestEmailSuppressionModule" name="test_is_non_production_runtime_detection" time="0.000" /><testcase classname="tests.test_email_suppression_iteration264.TestEmailSuppressionModule" name="test_auth_email_test_domain_allowlist" time="0.000" /><testcase classname="tests.test_email_suppression_iteration264.TestEmailSuppressionModule" name="test_should_suppress_risk_template_for_example_com" time="0.000" /><testcase classname="tests.test_email_suppression_iteration264.TestEmailSuppressionModule" name="test_should_not_suppress_otp_template_for_example_com" time="0.000" /><testcase classname="tests.test_email_suppression_iteration264.TestEmailSuppressionModule" name="test_should_not_suppress_password_reset_template_for_example_com" time="0.000" /><testcase classname="tests.test_email_suppression_iteration264.TestEmailSuppressionModule" name="test_should_not_suppress_for_real_domain" time="0.000" /><testcase classname="tests.test_email_suppression_iteration264.TestEmailSuppressionModule" name="test_should_not_suppress_non_risk_templates" time="0.000" /><testcase classname="tests.test_email_suppression_iteration264.TestAuthFlowsNoRegression" name="test_health_check" time="0.071" /><testcase classname="tests.test_email_suppression_iteration264.TestAuthFlowsNoRegression" name="test_password_login_admin" time="0.407" /><testcase classname="tests.test_email_suppression_iteration264.TestAuthFlowsNoRegression" name="test_password_login_free_user_example_com" time="0.337" /><testcase classname="tests.test_email_suppression_iteration264.TestAuthFlowsNoRegression" name="test_otp_request_for_example_com_user" time="0.095" /><testcase classname="tests.test_email_suppression_iteration264.TestAuthFlowsNoRegression" name="test_password_reset_for_example_com_user" time="0.424" /><testcase classname="tests.test_email_suppression_iteration264.TestAuthFlowsNoRegression" name="test_auth_me_after_login" time="0.444" /><testcase classname="tests.test_email_suppression_iteration264.TestRiskTemplateSuppressionIntegration" name="test_risk_template_suppression_in_send_email_guard" time="0.001" /><testcase classname="tests.test_feature10_email_contract_non_applicable" name="test_feature10_smartbuy_route_has_no_outbound_email_sender_calls" time="0.000" /><testcase classname="tests.test_feature11_email_contract_non_applicable" name="test_feature11_travelpal_routes_have_no_outbound_email_sender_calls" time="0.000" /><testcase classname="tests.test_feature12_email_contract_non_applicable" name="test_feature12_relationship_coach_route_has_no_outbound_email_sender_calls" time="0.000" /><testcase classname="tests.test_feature13_email_contract_non_applicable" name="test_feature13_mobility_assistant_block_has_no_outbound_email_sender_calls" time="0.000" /><testcase classname="tests.test_feature14_email_contract_non_applicable" name="test_feature14_real_estate_route_has_no_outbound_email_sender_calls" time="0.000" /><testcase classname="tests.test_feature15_email_contract_non_applicable" name="test_feature15_video_creator_studio_route_has_no_outbound_email_sender_calls" time="0.000" /><testcase classname="tests.test_feature16_email_contract_non_applicable" name="test_feature16_ai_photo_studio_route_has_no_outbound_email_sender_calls" time="0.000" /><testcase classname="tests.test_feature17_email_contract_non_applicable" name="test_feature17_ai_speech_studio_route_has_no_outbound_email_sender_calls" time="0.000" /><testcase classname="tests.test_feature18_email_contract_non_applicable" name="test_feature18_ai_enterprise_copilot_route_has_no_outbound_email_sender_calls" time="0.000" /><testcase classname="tests.test_feature19_email_v7_compliance" name="test_feature19_route_uses_catalog_template_sender" time="0.000" /><testcase classname="tests.test_feature19_email_v7_compliance" name="test_feature19_dispatch_endpoints_reference_owned_email_path" time="0.000" /><testcase classname="tests.test_feature19_email_v7_compliance" name="test_feature19_checkpoint_email_contract_is_explicit_pass_with_evidence" time="0.000" /><testcase classname="tests.test_feature1_email_contract_non_applicable" name="test_feature1_writing_studio_has_no_outbound_email_sender_calls" time="0.000" /><testcase classname="tests.test_feature20_email_contract_non_applicable" name="test_feature20_word_forge_route_has_no_outbound_email_sender_calls" time="0.000" /><testcase classname="tests.test_feature21_email_v7_compliance" name="test_feature21_watch_videos_route_owns_outbound_email_dispatch_path" time="0.000" /><testcase classname="tests.test_feature21_email_v7_compliance" name="test_feature21_dispatch_path_enforces_template_key_sender_path" time="0.000" /><testcase classname="tests.test_feature21_email_v7_compliance" name="test_feature21_checkpoint_contract_is_explicit_pass_with_evidence" time="0.000" /><testcase classname="tests.test_feature22_email_contract_non_applicable" name="test_feature22_games_station_route_has_no_outbound_email_sender_calls" time="0.000" /><testcase classname="tests.test_feature23_email_v7_contract_gap" name="test_feature23_route_group_uses_v7_sender_path_without_raw_resend_dispatch" time="0.000" /><testcase classname="tests.test_feature23_email_v7_contract_gap" name="test_feature23_notification_helper_delegates_to_v7_sender_with_template_mapping" time="0.000" /><testcase classname="tests.test_feature23_email_v7_contract_gap" name="test_feature23_checkpoint_email_contract_is_explicit_pass_with_evidence" time="0.000" /><testcase classname="tests.test_feature24_email_v7_compliance" name="test_feature24_learning_hub_route_owns_outbound_email_sender_calls" time="0.001" /><testcase classname="tests.test_feature24_email_v7_compliance" name="test_feature24_checkpoint_email_contract_is_explicit_pass_with_evidence" time="0.000" /><testcase classname="tests.test_feature24_learning_cinema_iteration820.TestEnrollmentKickoffEmail" name="test_enroll_triggers_kickoff_email_once" time="12.638" /><testcase classname="tests.test_feature25_email_v7_compliance.TestFeature25EmailV7StaticCompliance" name="test_daily_meditation_email_template_mapping" time="0.000" /><testcase classname="tests.test_feature25_email_v7_compliance.TestFeature25EmailV7StaticCompliance" name="test_send_dm_email_uses_catalog_template" time="0.000" /><testcase classname="tests.test_feature25_email_v7_compliance.TestFeature25EmailV7StaticCompliance" name="test_feature25_templates_registered_in_catalog" time="0.001" /><testcase classname="tests.test_feature25_email_v7_compliance.TestFeature25EmailV7StaticCompliance" name="test_weekly_digest_uses_v7_template_builder" time="0.000" /><testcase classname="tests.test_feature25_email_v7_compliance.TestFeature25DigestPreviewV7Runtime" name="test_digest_preview_returns_v7_html_fingerprints" time="0.620" /><testcase classname="tests.test_feature25_email_v7_compliance.TestFeature25DigestPreviewV7Runtime" name="test_digest_preview_returns_valid_subject" time="0.054" /><testcase classname="tests.test_feature25_email_v7_compliance.TestFeature25EndpointsFunctional" name="test_digest_preview_endpoint_functional" time="0.056" /><testcase classname="tests.test_feature25_email_v7_compliance.TestFeature25EndpointsFunctional" name="test_digest_send_now_endpoint_functional" time="0.055" /><testcase classname="tests.test_feature25_email_v7_compliance.TestFeature25EndpointsFunctional" name="test_reminders_notify_now_endpoint_functional" time="0.098" /><testcase classname="tests.test_feature25_email_v7_compliance.TestFeature25CanonicalRegistry" name="test_health_endpoint_returns_feature_25_identity" time="0.089" /><testcase classname="tests.test_feature2_email_contract_non_applicable" name="test_feature2_personal_assistant_has_no_outbound_email_sender_calls" time="0.001" /><testcase classname="tests.test_feature32_checkpoint_c2_policy_lifecycle_contract" name="test_email_notifications_exposes_revoke_endpoint_and_policy_state_lifecycle" time="0.000" /><testcase classname="tests.test_feature32_email_engine_phase0_guardrails" name="test_email_policy_has_protected_reminder_family_targets" time="0.000" /><testcase classname="tests.test_feature32_email_engine_phase0_guardrails" name="test_email_notifications_uses_central_policy_guard_for_overrides" time="0.000" /><testcase classname="tests.test_feature32_email_engine_phase0_guardrails" name="test_ab_autopromotion_blocks_protected_template_overrides" time="0.000" /><testcase classname="tests.test_feature32_email_engine_phase0_guardrails" name="test_ab_promotions_write_compatible_override_fields" time="0.000" /><testcase classname="tests.test_feature32_postlaunch_monitoring_pack_contract" name="test_feature32_email_reliability_tab_wired_in_admin_console" time="0.000" /><testcase classname="tests.test_feature3_email_contract_non_applicable" name="test_feature3_research_navigator_has_no_outbound_email_sender_calls" time="0.000" /><testcase classname="tests.test_feature4_email_v7_compliance" name="test_feature4_send_email_action_uses_centralized_v7_service" time="0.000" /><testcase classname="tests.test_feature4_email_v7_compliance" name="test_feature4_send_email_action_has_no_direct_resend_http_call" time="0.000" /><testcase classname="tests.test_feature5_email_contract_non_applicable" name="test_feature5_decision_coach_has_no_outbound_email_sender_calls" time="0.000" /><testcase classname="tests.test_feature6_email_contract_non_applicable" name="test_feature6_learning_coach_has_no_outbound_email_sender_calls" time="0.000" /><testcase classname="tests.test_feature7_email_contract_non_applicable" name="test_feature7_health_guide_has_no_outbound_email_sender_calls" time="0.000" /><testcase classname="tests.test_feature8_email_contract_non_applicable" name="test_feature8_fitness_routes_have_no_outbound_email_sender_calls" time="0.000" /><testcase classname="tests.test_feature9_email_contract_non_applicable" name="test_feature9_money_strategy_hub_has_no_outbound_email_sender_calls" time="0.000" /><testcase classname="tests.test_gtec_c5_executive_pdf_v2.TestEmailDispatchWiring" name="test_pdf_attachment_forwarded_to_send_catalog" time="0.121" /><testcase classname="tests.test_gtec_c5_migration.TestGTECC5EmailDispatchPath" name="test_gtec_latest_has_email_dispatch_info" time="0.519" /><testcase classname="tests.test_gtec_c5_notification_consistency" name="test_build_snapshot_from_email_dispatch_runtime_summary" time="0.000" /><testcase classname="tests.test_gtec_c5_pdf_email_checkpoint.TestPDFExportC5RuntimeSummary" name="test_pdf_export_contains_c5_runtime_summary_header" time="0.117" /><testcase classname="tests.test_gtec_c5_pdf_email_checkpoint.TestPDFExportC5RuntimeSummary" name="test_pdf_export_contains_white_screen_sentry_fields" time="0.118" /><testcase classname="tests.test_gtec_c5_pdf_email_checkpoint.TestPDFExportC5RuntimeSummary" name="test_pdf_export_contains_external_cert_fields" time="0.116" /><testcase classname="tests.test_gtec_c5_pdf_email_checkpoint.TestPDFExportC5RuntimeSummary" name="test_pdf_export_contains_incident_auto_closure_fields" time="0.116" /><testcase classname="tests.test_gtec_c5_pdf_email_checkpoint.TestPDFExportC5RuntimeSummary" name="test_pdf_export_contains_trust_gates_fields" time="0.117" /><testcase classname="tests.test_gtec_c5_pdf_email_checkpoint.TestPDFExportC5RuntimeSummary" name="test_pdf_export_contains_viewport_matrix_fields" time="0.117" /><testcase classname="tests.test_gtec_c5_pdf_email_checkpoint.TestPDFExportC5RuntimeSummary" name="test_pdf_export_returns_sha256_hash" time="0.096" /><testcase classname="tests.test_gtec_c5_pdf_email_checkpoint.TestEmailTemplateC5RuntimeSummary" name="test_email_html_contains_c5_runtime_summary_header" time="0.002" /><testcase classname="tests.test_gtec_c5_pdf_email_checkpoint.TestEmailTemplateC5RuntimeSummary" name="test_email_html_contains_trust_gates_field" time="0.002" /><testcase classname="tests.test_gtec_c5_pdf_email_checkpoint.TestEmailTemplateC5RuntimeSummary" name="test_email_plaintext_contains_white_screen_sentry_status" time="0.001" /><testcase classname="tests.test_gtec_c5_pdf_email_checkpoint.TestEmailTemplateC5RuntimeSummary" name="test_email_plaintext_contains_external_host_cert_status" time="0.001" /><testcase classname="tests.test_gtec_c5_pdf_email_checkpoint.TestEmailTemplateC5RuntimeSummary" name="test_email_plaintext_contains_incident_policy" time="0.001" /><testcase classname="tests.test_gtec_c5_pdf_email_checkpoint.TestReportPDFEndpoint" name="test_report_pdf_endpoint_returns_200_for_existing_task" time="0.642" /><testcase classname="tests.test_gtec_c5_pdf_email_checkpoint.TestReportPDFEndpoint" name="test_report_pdf_endpoint_returns_canonical_sha256_header" time="0.208" /><testcase classname="tests.test_gtec_c5_pdf_email_checkpoint.TestReportPDFEndpoint" name="test_report_pdf_endpoint_returns_valid_pdf_content" time="0.198" /><testcase classname="tests.test_gtec_c5_pdf_email_checkpoint.TestReportPDFEndpoint" name="test_report_pdf_endpoint_returns_gtec_task_id_headers" time="0.196" /><testcase classname="tests.test_gtec_c5_pdf_email_checkpoint.TestTrustGatesReleaseCertificateNoRegression" name="test_trust_gates_endpoint_returns_200" time="0.049" /><testcase classname="tests.test_gtec_c5_pdf_email_checkpoint.TestTrustGatesReleaseCertificateNoRegression" name="test_trust_gates_endpoint_returns_expected_structure" time="0.050" /><testcase classname="tests.test_gtec_c5_pdf_email_checkpoint.TestTrustGatesReleaseCertificateNoRegression" name="test_release_certificate_endpoint_returns_200" time="0.113" /><testcase classname="tests.test_gtec_c5_pdf_email_checkpoint.TestTrustGatesReleaseCertificateNoRegression" name="test_release_certificate_endpoint_returns_expected_structure" time="0.109" /><testcase classname="tests.test_gtec_c5_pdf_email_checkpoint.TestTrustGatesReleaseCertificateNoRegression" name="test_release_certificate_white_screen_sentry_check_structure" time="0.067" /><testcase classname="tests.test_gtec_c5_pdf_email_checkpoint.TestTrustGatesReleaseCertificateNoRegression" name="test_release_certificate_viewport_matrix_check_structure" time="0.065" /><testcase classname="tests.test_gtec_c5_pdf_email_checkpoint.TestC5NotificationSnapshotPersistence" name="test_latest_report_contains_c5_notification_snapshot" time="0.224" /><testcase classname="tests.test_gtec_c5_pdf_email_summary" name="test_pdf_export_contains_c5_runtime_summary_block" time="0.118" /><testcase classname="tests.test_gtec_c5_pdf_email_summary" name="test_email_template_contains_c5_runtime_summary_fields" time="0.002" /><testcase classname="tests.test_gtec_c5_remediation_scope_b" name="test_email_uses_snapshot_for_c5_runtime_summary" time="0.002" /><testcase classname="tests.test_gtec_c5_remediation_scope_b" name="test_email_html_includes_snapshot_status" time="0.002" /><testcase classname="tests.test_gtec_c5_remediation_scope_b" name="test_email_html_includes_consistency" time="0.002" /><testcase classname="tests.test_gtec_c5_remediation_scope_b" name="test_email_plaintext_includes_snapshot_status" time="0.002" /><testcase classname="tests.test_gtec_c5_remediation_scope_b" name="test_email_plaintext_includes_data_freshness" time="0.002" /><testcase classname="tests.test_gtec_c5_remediation_scope_b" name="test_email_plaintext_includes_consistency_passed" time="0.001" /><testcase classname="tests.test_gtec_c5_remediation_scope_b" name="test_email_plaintext_includes_fail_reason_summary" time="0.001" /><testcase classname="tests.test_gtec_strict_hotfix_s1" name="test_email_dispatch_includes_strict_policy_markers" time="0.006" /><testcase classname="tests.test_gtec_strict_hotfix_s1" name="test_snapshot_from_report_email_dispatch_includes_run_policy" time="0.002" /><testcase classname="tests.test_gtec_strict_hotfix_s1" name="test_email_template_includes_strict_policy_markers" time="0.000" /><testcase classname="tests.test_hardcoded_admin_email_fallback_p0_08" name="test_admin_override_email_no_longer_has_hardcoded_fallback" time="0.001" /><testcase classname="tests.test_hardcoded_admin_email_fallback_p0_08" name="test_preview_risk_bypass_default_email_allowlist_is_empty" time="0.000" /><testcase classname="tests.test_hardcoded_admin_email_fallback_p0_08" name="test_startup_warning_present_when_admin_override_env_is_unset" time="0.001" /><testcase classname="tests.test_i18n_language_stability.TestEmailEndpointAvailability" name="test_email_health_requires_auth" time="0.118" /><testcase classname="tests.test_i18n_language_stability.TestEmailEndpointAvailability" name="test_email_v7_endpoint_check" time="0.351" /><testcase classname="tests.test_job_search_documents_docx.TestJobSearchRegression" name="test_email_kit_still_200" time="0.611" /><testcase classname="tests.test_job_search_email_kit.TestEmailKitEndpoint" name="test_unauthenticated_returns_401" time="0.091" /><testcase classname="tests.test_job_search_email_kit.TestEmailKitEndpoint" name="test_nonexistent_job_returns_404" time="0.471" /><testcase classname="tests.test_job_search_email_kit.TestEmailKitEndpoint" name="test_send_kit_returns_success_with_attachments" time="0.146"><failure message="assert False&#10; +  where False = all(&lt;generator object TestEmailKitEndpoint.test_send_kit_returns_success_with_attachments.&lt;locals&gt;.&lt;genexpr&gt; at 0xf884e6a13760&gt;)">E   assert False
     +  where False = all(&lt;generator object TestEmailKitEndpoint.test_send_kit_returns_success_with_attachments.&lt;locals&gt;.&lt;genexpr&gt; at 0xf884e6a13760&gt;)</failure></testcase><testcase classname="tests.test_job_search_email_kit.TestTemplateRegistration" name="test_template_registered_in_catalog" time="0.001" /><testcase classname="tests.test_job_search_email_kit.TestAttachmentExemption" name="test_job_search_kit_pdf_is_exempt" time="0.000" /><testcase classname="tests.test_job_search_email_kit.TestAttachmentExemption" name="test_wrong_filename_not_exempt" time="0.000" /><testcase classname="tests.test_job_search_email_kit.TestAttachmentExemption" name="test_wrong_template_not_exempt" time="0.000" /><testcase classname="tests.test_job_search_email_kit.TestAttachmentExemption" name="test_apply_pdf_theme_policy_leaves_kit_content_unchanged" time="0.000" /><testcase classname="tests.test_job_search_email_kit.TestAttachmentExemption" name="test_apply_pdf_theme_policy_non_matching_filename_still_enforced_or_blocked" time="0.000" /><testcase classname="tests.test_job_search_email_kit.TestAttachmentExemption" name="test_apply_pdf_theme_policy_other_template_enforces_kit_filename" time="0.000" /><testcase classname="tests.test_meeting_reminder_global_duplication_contract" name="test_booking_reminders_respect_notification_email_enabled_flag" time="0.000" /><testcase classname="tests.test_meeting_reminder_global_duplication_contract" name="test_booking_reminders_enforce_single_email_per_booking_per_recipient" time="0.000" /><testcase classname="tests.test_meeting_reminder_global_duplication_contract" name="test_legacy_meeting_reminder_scheduler_no_longer_dispatches_booking_emails" time="0.000" /><testcase classname="tests.test_p0_auth_otp_reset_iteration266.TestEmailSendsDBSanity" name="test_otp_request_creates_email_log" time="0.083" /><testcase classname="tests.test_payment_email_guard_candidate_contract" name="test_payment_email_pricing_guard_uses_canonical_amount_variables" time="0.001" /><testcase classname="tests.test_preview_risk_bypass_runtime.TestPreviewBypassEnvGating" name="test_bypass_email_allowlist_configured" time="0.000" /><testcase classname="tests.test_receipt_email_v7_fingerprint" name="test_branded_receipt_html_contains_v7_fingerprint" time="0.001" /><testcase classname="tests.test_receipt_watermark_iter861_live" name="test_watermark_does_not_overlap_qr_trust_panel_or_footer" time="0.476" /><testcase classname="tests.test_talent_network_admin.TestTalentNetworkPublicEndpoint" name="test_join_talent_network_duplicate_email" time="0.172" /><testcase classname="tests.test_talent_network_admin.TestTalentNetworkPublicEndpoint" name="test_join_talent_network_missing_email" time="0.088" /><testcase classname="tests.test_talent_network_admin.TestTalentNetworkPublicEndpoint" name="test_join_talent_network_invalid_email" time="0.075" /><testcase classname="tests.test_talent_network_weighted_confidence.TestNoRegressionExistingEndpoints" name="test_join_duplicate_email_updates" time="0.169" /><testcase classname="tests.test_travel_visa_certificate_pdf_content.TestEmailEndpoint" name="test_email_certificate" time="1.515" /><testcase classname="tests.test_travel_visa_certificate_v2.TestGenerate" name="test_generate_returns_cert_id_and_email_status" time="1.128" /><testcase classname="tests.test_travel_visa_certificate_v2.TestEmail" name="test_email_owner_ok" time="0.064" /><testcase classname="tests.test_travel_visa_certificate_v2.TestEmail" name="test_email_wrong_user_forbidden" time="0.057" /><testcase classname="tests.test_unified_expiry_notification_flow.TestEmailTemplateContract" name="test_subscription_expired_email_template_exists" time="0.000" /><testcase classname="tests.test_workflow_phase2_actions" name="test_send_email" time="0.001"><skipped type="pytest.skip" message="Requires RESEND_API_KEY configuration">/app/backend/tests/test_workflow_phase2_actions.py:422: Requires RESEND_API_KEY configuration</skipped></testcase></testsuite></testsuites>