<?xml version="1.0" encoding="utf-8"?><testsuites name="pytest tests"><testsuite name="pytest" errors="0" failures="0" skipped="0" tests="12" time="1.255" timestamp="2026-07-12T01:39:45.197309+00:00" hostname="agent-env-e5a98e1c-3349-4dec-8aca-165df305d690"><testcase classname="tests.test_gtec_c5_executive_pdf_v2.TestBundleBuild" name="test_bundle_from_real_latest_report" time="0.256" /><testcase classname="tests.test_gtec_c5_executive_pdf_v2.TestPdfStructure" name="test_three_pages" time="0.099" /><testcase classname="tests.test_gtec_c5_executive_pdf_v2.TestPdfStructure" name="test_page1_executive_verdict" time="0.081" /><testcase classname="tests.test_gtec_c5_executive_pdf_v2.TestPdfStructure" name="test_page2_runtime_enforcement" time="0.029" /><testcase classname="tests.test_gtec_c5_executive_pdf_v2.TestPdfStructure" name="test_page3_compliance_appendix" time="0.028" /><testcase classname="tests.test_gtec_c5_executive_pdf_v2.TestPdfStructure" name="test_brand_marker_and_logo" time="0.023" /><testcase classname="tests.test_gtec_c5_executive_pdf_v2.TestVariantRendering" name="test_variant_renders[PASS]" time="0.084" /><testcase classname="tests.test_gtec_c5_executive_pdf_v2.TestVariantRendering" name="test_variant_renders[FAIL]" time="0.081" /><testcase classname="tests.test_gtec_c5_executive_pdf_v2.TestTrendHelper" name="test_returns_up_to_seven_oldest_first" time="0.004" /><testcase classname="tests.test_gtec_c5_executive_pdf_v2.TestTrendHelper" name="test_no_mongo_url_returns_empty" time="0.000" /><testcase classname="tests.test_gtec_c5_executive_pdf_v2.TestEmailDispatchWiring" name="test_pdf_attachment_forwarded_to_send_catalog" time="0.321" /><testcase classname="tests.test_gtec_c5_executive_pdf_v2.TestBackendHealth" name="test_api_health" time="0.115" /></testsuite></testsuites>