<?xml version="1.0" encoding="utf-8"?><testsuites name="pytest tests"><testsuite name="pytest" errors="0" failures="0" skipped="0" tests="8" time="13.390" timestamp="2026-07-10T21:25:11.370080+00:00" hostname="agent-env-2eec7016-4e76-40ff-ac5c-b8c136b1210d"><testcase classname="tests.test_feature24_learning_cinema_iteration820.TestCoverEndpointPublic" name="test_courses_list_has_cover_url" time="0.535" /><testcase classname="tests.test_feature24_learning_cinema_iteration820.TestCoverEndpointPublic" name="test_cover_public_no_auth_returns_jpeg" time="0.106" /><testcase classname="tests.test_feature24_learning_cinema_iteration820.TestCoverEndpointPublic" name="test_cover_two_courses_are_unique" time="0.049" /><testcase classname="tests.test_feature24_learning_cinema_iteration820.TestCoverEndpointPublic" name="test_cover_unknown_id_returns_generic_200" time="0.050" /><testcase classname="tests.test_feature24_learning_cinema_iteration820.TestEnrollmentKickoffEmail" name="test_enroll_triggers_kickoff_email_once" time="12.327" /><testcase classname="tests.test_feature24_learning_cinema_iteration820.TestLearningHubRegression" name="test_hub_dashboard" time="0.084" /><testcase classname="tests.test_feature24_learning_cinema_iteration820.TestLearningHubRegression" name="test_my_learning_center" time="0.054" /><testcase classname="tests.test_feature24_learning_cinema_iteration820.TestLearningHubRegression" name="test_admin_integrity_status" time="0.056" /></testsuite></testsuites>