<?xml version="1.0" encoding="utf-8"?><testsuites name="pytest tests"><testsuite name="pytest" errors="0" failures="0" skipped="0" tests="11" time="1.736" timestamp="2026-07-11T00:24:29.133490+00:00" hostname="agent-env-b89e99b0-bf87-4cff-a371-a4c097d44c68"><testcase classname="tests.test_feature37_flappy_bird.TestFlappyBirdAuthGuard" name="test_bootstrap_requires_auth" time="0.097" /><testcase classname="tests.test_feature37_flappy_bird.TestFlappyBirdAuthGuard" name="test_leaderboard_requires_auth" time="0.096" /><testcase classname="tests.test_feature37_flappy_bird.TestFlappyBirdAuthGuard" name="test_score_requires_auth" time="0.078" /><testcase classname="tests.test_feature37_flappy_bird.TestFlappyBirdBootstrap" name="test_bootstrap_shape" time="0.913" /><testcase classname="tests.test_feature37_flappy_bird.TestFlappyBirdScoreValidation" name="test_score_negative_rejected" time="0.041" /><testcase classname="tests.test_feature37_flappy_bird.TestFlappyBirdScoreValidation" name="test_score_too_high_rejected" time="0.077" /><testcase classname="tests.test_feature37_flappy_bird.TestFlappyBirdScoreSubmit" name="test_submit_and_persist" time="0.236" /><testcase classname="tests.test_feature37_flappy_bird.TestFlappyBirdLeaderboard" name="test_leaderboard_ranked" time="0.039" /><testcase classname="tests.test_feature37_flappy_bird.TestFeatureRegistryRegression" name="test_registry_includes_flappy_bird" time="0.038" /><testcase classname="tests.test_feature37_flappy_bird.TestFeatureRegistryRegression" name="test_registry_preserves_36_prior_features" time="0.035" /><testcase classname="tests.test_feature37_flappy_bird.TestFPSGameRegression" name="test_games_station_bootstrap" time="0.040" /></testsuite></testsuites>