<?xml version="1.0" encoding="utf-8"?><testsuites name="pytest tests"><testsuite name="pytest" errors="0" failures="0" skipped="0" tests="7" time="15.627" timestamp="2026-07-13T03:03:57.732014+00:00" hostname="agent-env-ddd3fc64-1e17-4961-b382-f77fa52ab8b3"><testcase classname="tests.test_feature_specialists_strip" name="test_requires_auth" time="0.110" /><testcase classname="tests.test_feature_specialists_strip" name="test_unknown_feature_404" time="0.714" /><testcase classname="tests.test_feature_specialists_strip" name="test_specialists_sanitized_and_relevant" time="0.089" /><testcase classname="tests.test_feature_specialists_strip" name="test_every_canonical_feature_returns_specialists" time="9.671" /><testcase classname="tests.test_feature_specialists_strip" name="test_click_event_logged" time="2.371" /><testcase classname="tests.test_feature_specialists_strip" name="test_click_unknown_feature_404" time="2.527" /><testcase classname="tests.test_feature_specialists_strip" name="test_click_requires_auth" time="0.095" /></testsuite></testsuites>