<?xml version="1.0" encoding="utf-8"?><testsuites name="pytest tests"><testsuite name="pytest" errors="0" failures="0" skipped="3" tests="5" time="1.370" timestamp="2026-07-11T00:27:34.488410+00:00" hostname="agent-env-b89e99b0-bf87-4cff-a371-a4c097d44c68"><testcase classname="tests.test_feature37_flappy_bird_ext.TestScoreBoundaries" name="test_score_zero_accepted" time="0.618" /><testcase classname="tests.test_feature37_flappy_bird_ext.TestScoreBoundaries" name="test_score_max_9999_accepted" time="0.082" /><testcase classname="tests.test_feature37_flappy_bird_ext.TestCSRFEnforcement" name="test_score_without_csrf_header_blocked" time="0.109"><skipped type="pytest.xfail" message="OBSERVED: POST /api/flappy-bird/score succeeded WITHOUT X-CSRF-Token header (returned 200). CSRF middleware may only enforce on state-changing routes explicitly declared. Backend contract review needed - report to main agent." /></testcase><testcase classname="tests.test_feature37_flappy_bird_ext.TestMultiUserLeaderboard" name="test_admin_top_after_free_submit" time="0.407"><skipped type="pytest.xfail" message="BUG: /api/flappy-bird/ is NOT in access_control_engine.FREE_PATTERNS - default gate level is BASIC. Free users get 403 'Subscription Required' when calling POST /score or GET /bootstrap. Flappy Bird is category=entertainment and should be free-accessible like /api/games-station/. Report to main agent - needs FREE_PATTERNS addition: r'^/api/flappy-bird/'." /></testcase><testcase classname="tests.test_feature37_flappy_bird_ext.TestMultiUserLeaderboard" name="test_best_score_is_max_not_latest" time="0.076"><skipped type="pytest.xfail" message="BUG: free user cannot call /api/flappy-bird/bootstrap - see test_admin_top_after_free_submit." /></testcase></testsuite></testsuites>