<?xml version="1.0" encoding="utf-8"?><testsuites name="pytest tests"><testsuite name="pytest" errors="0" failures="0" skipped="0" tests="7" time="4.669" timestamp="2026-07-13T03:04:52.969998+00:00" hostname="agent-env-ddd3fc64-1e17-4961-b382-f77fa52ab8b3"><testcase classname="tests.test_feature_specialists_strip_iter874_extra" name="test_spot_check_feature_relevant_and_sanitized[smart-writing-studio]" time="1.002" /><testcase classname="tests.test_feature_specialists_strip_iter874_extra" name="test_spot_check_feature_relevant_and_sanitized[fitness-planner-pro]" time="0.150" /><testcase classname="tests.test_feature_specialists_strip_iter874_extra" name="test_spot_check_feature_relevant_and_sanitized[sports]" time="0.099" /><testcase classname="tests.test_feature_specialists_strip_iter874_extra" name="test_spot_check_feature_relevant_and_sanitized[travel-visa]" time="0.146" /><testcase classname="tests.test_feature_specialists_strip_iter874_extra" name="test_spot_check_feature_relevant_and_sanitized[my-podcasts]" time="0.093" /><testcase classname="tests.test_feature_specialists_strip_iter874_extra" name="test_click_event_persisted_in_mongo" time="0.801" /><testcase classname="tests.test_feature_specialists_strip_iter874_extra" name="test_click_missing_agent_key_returns_422" time="2.314" /></testsuite></testsuites>