<?xml version="1.0" encoding="utf-8"?><testsuites name="pytest tests"><testsuite name="pytest" errors="0" failures="0" skipped="0" tests="85" time="11.722" timestamp="2026-07-12T01:39:54.764411+00:00" hostname="agent-env-e5a98e1c-3349-4dec-8aca-165df305d690"><testcase classname="tests.test_gtec_c5_pdf_email_checkpoint.TestPDFExportC5RuntimeSummary" name="test_pdf_export_contains_c5_runtime_summary_header" time="0.126" /><testcase classname="tests.test_gtec_c5_pdf_email_checkpoint.TestPDFExportC5RuntimeSummary" name="test_pdf_export_contains_white_screen_sentry_fields" time="0.110" /><testcase classname="tests.test_gtec_c5_pdf_email_checkpoint.TestPDFExportC5RuntimeSummary" name="test_pdf_export_contains_external_cert_fields" time="0.110" /><testcase classname="tests.test_gtec_c5_pdf_email_checkpoint.TestPDFExportC5RuntimeSummary" name="test_pdf_export_contains_incident_auto_closure_fields" time="0.110" /><testcase classname="tests.test_gtec_c5_pdf_email_checkpoint.TestPDFExportC5RuntimeSummary" name="test_pdf_export_contains_trust_gates_fields" time="0.109" /><testcase classname="tests.test_gtec_c5_pdf_email_checkpoint.TestPDFExportC5RuntimeSummary" name="test_pdf_export_contains_viewport_matrix_fields" time="0.109" /><testcase classname="tests.test_gtec_c5_pdf_email_checkpoint.TestPDFExportC5RuntimeSummary" name="test_pdf_export_returns_sha256_hash" time="0.090" /><testcase classname="tests.test_gtec_c5_pdf_email_checkpoint.TestEmailTemplateC5RuntimeSummary" name="test_email_html_contains_c5_runtime_summary_header" time="0.040" /><testcase classname="tests.test_gtec_c5_pdf_email_checkpoint.TestEmailTemplateC5RuntimeSummary" name="test_email_html_contains_trust_gates_field" time="0.001" /><testcase classname="tests.test_gtec_c5_pdf_email_checkpoint.TestEmailTemplateC5RuntimeSummary" name="test_email_plaintext_contains_white_screen_sentry_status" time="0.001" /><testcase classname="tests.test_gtec_c5_pdf_email_checkpoint.TestEmailTemplateC5RuntimeSummary" name="test_email_plaintext_contains_external_host_cert_status" time="0.001" /><testcase classname="tests.test_gtec_c5_pdf_email_checkpoint.TestEmailTemplateC5RuntimeSummary" name="test_email_plaintext_contains_incident_policy" time="0.001" /><testcase classname="tests.test_gtec_c5_pdf_email_checkpoint.TestReportPDFEndpoint" name="test_report_pdf_endpoint_returns_200_for_existing_task" time="0.902" /><testcase classname="tests.test_gtec_c5_pdf_email_checkpoint.TestReportPDFEndpoint" name="test_report_pdf_endpoint_returns_canonical_sha256_header" time="0.389" /><testcase classname="tests.test_gtec_c5_pdf_email_checkpoint.TestReportPDFEndpoint" name="test_report_pdf_endpoint_returns_valid_pdf_content" time="0.387" /><testcase classname="tests.test_gtec_c5_pdf_email_checkpoint.TestReportPDFEndpoint" name="test_report_pdf_endpoint_returns_gtec_task_id_headers" time="0.386" /><testcase classname="tests.test_gtec_c5_pdf_email_checkpoint.TestTrustGatesReleaseCertificateNoRegression" name="test_trust_gates_endpoint_returns_200" time="0.048" /><testcase classname="tests.test_gtec_c5_pdf_email_checkpoint.TestTrustGatesReleaseCertificateNoRegression" name="test_trust_gates_endpoint_returns_expected_structure" time="0.044" /><testcase classname="tests.test_gtec_c5_pdf_email_checkpoint.TestTrustGatesReleaseCertificateNoRegression" name="test_release_certificate_endpoint_returns_200" time="0.101" /><testcase classname="tests.test_gtec_c5_pdf_email_checkpoint.TestTrustGatesReleaseCertificateNoRegression" name="test_release_certificate_endpoint_returns_expected_structure" time="0.059" /><testcase classname="tests.test_gtec_c5_pdf_email_checkpoint.TestTrustGatesReleaseCertificateNoRegression" name="test_release_certificate_white_screen_sentry_check_structure" time="0.056" /><testcase classname="tests.test_gtec_c5_pdf_email_checkpoint.TestTrustGatesReleaseCertificateNoRegression" name="test_release_certificate_viewport_matrix_check_structure" time="0.097" /><testcase classname="tests.test_gtec_c5_pdf_email_checkpoint.TestC5NotificationSnapshotPersistence" name="test_latest_report_contains_c5_notification_snapshot" time="0.411" /><testcase classname="tests.test_gtec_c5_pdf_email_summary" name="test_pdf_export_contains_c5_runtime_summary_block" time="0.110" /><testcase classname="tests.test_gtec_c5_pdf_email_summary" name="test_email_template_contains_c5_runtime_summary_fields" time="0.002" /><testcase classname="tests.test_gtec_c5_naming.TestGtecC5NamingBackend" name="test_directive_endpoint_returns_gtec_c5_system_name" time="0.486" /><testcase classname="tests.test_gtec_c5_naming.TestGtecC5NamingBackend" name="test_policy_effective_endpoint_returns_autonomous_mode" time="0.086" /><testcase classname="tests.test_gtec_c5_naming.TestGtecC5NamingBackend" name="test_schedule_endpoint_returns_valid_schedule" time="0.087" /><testcase classname="tests.test_gtec_c5_naming.TestGtecC5NamingBackend" name="test_latest_endpoint_returns_valid_response" time="0.079" /><testcase classname="tests.test_gtec_c5_naming.TestGtecC5NamingBackend" name="test_history_endpoint_returns_valid_response" time="0.101" /><testcase classname="tests.test_gtec_c5_naming.TestGtecC5NamingNoV2Strings" name="test_directive_system_name_is_gtec_c5" time="0.079" /><testcase classname="tests.test_gtec_c5_naming.TestGtecC5NamingNoV2Strings" name="test_policy_response_no_v2_strings" time="0.083" /><testcase classname="tests.test_gtec_c5_public_naming.TestGtecC5LatestEndpoint" name="test_latest_returns_gtec_c5_task_id" time="0.796" /><testcase classname="tests.test_gtec_c5_public_naming.TestGtecC5LatestEndpoint" name="test_latest_includes_internal_task_id" time="0.046" /><testcase classname="tests.test_gtec_c5_public_naming.TestGtecC5HistoryEndpoint" name="test_history_returns_gtec_c5_task_ids" time="0.046" /><testcase classname="tests.test_gtec_c5_public_naming.TestGtecC5HistoryEndpoint" name="test_history_includes_internal_task_id" time="0.086" /><testcase classname="tests.test_gtec_c5_public_naming.TestGtecC5FindingsLatestEndpoint" name="test_findings_latest_returns_gtec_c5_task_id" time="0.046" /><testcase classname="tests.test_gtec_c5_public_naming.TestGtecC5FindingsLatestEndpoint" name="test_findings_latest_includes_internal_task_id" time="0.085" /><testcase classname="tests.test_gtec_c5_public_naming.TestGtecC5MemoryEndpoint" name="test_memory_returns_gtec_c5_last_seen_task" time="0.047" /><testcase classname="tests.test_gtec_c5_public_naming.TestGtecC5MemoryEndpoint" name="test_memory_includes_internal_last_seen_task" time="0.047" /><testcase classname="tests.test_gtec_c5_public_naming.TestGtecC5ReportPdfEndpoint" name="test_report_pdf_accepts_gtec_c5_task_id" time="0.427" /><testcase classname="tests.test_gtec_c5_public_naming.TestGtecC5ReportPdfEndpoint" name="test_report_pdf_accepts_legacy_gtec_v2_task_id" time="0.397" /><testcase classname="tests.test_gtec_c5_public_naming.TestGtecC5ReportPdfEndpoint" name="test_report_pdf_content_disposition_contains_gtec_c5" time="0.402" /><testcase classname="tests.test_gtec_c5_public_naming.TestGtecC5ResponseHeaders" name="test_report_pdf_includes_public_task_id_header" time="0.396" /><testcase classname="tests.test_gtec_c5_public_naming.TestGtecC5ResponseHeaders" name="test_report_pdf_includes_internal_task_id_header" time="0.398" /><testcase classname="tests.test_gtec_c5_public_naming.TestGtecC5ExecutionsEndpoint" name="test_executions_returns_gtec_c5_task_ids" time="0.043" /><testcase classname="tests.test_gtec_c5_public_naming.TestGtecC5ExecutionsEndpoint" name="test_executions_includes_internal_task_id" time="0.044" /><testcase classname="tests.test_gtec_c5_public_naming.TestGtecC5IncidentsEndpoint" name="test_incidents_returns_gtec_c5_task_ids" time="0.051" /><testcase classname="tests.test_gtec_c5_public_naming.TestGtecC5ReceiptPayload" name="test_receipt_payload_contains_public_and_internal_task_id" time="0.049" /><testcase classname="tests.test_gtec_c5_public_naming.TestGtecC5ReceiptPayload" name="test_receipt_pdf_filename_uses_gtec_c5" time="0.046" /><testcase classname="tests.test_gtec_c5_public_naming.TestToPublicTaskIdFunction" name="test_latest_normalizes_legacy_task_ids" time="0.045" /><testcase classname="tests.test_pdf_v15_global_overlay_contract" name="test_global_pdf_v15_overlay_applies_to_generic_pdf_bytes" time="0.063" /><testcase classname="tests.test_pdf_v15_global_overlay_contract" name="test_global_pdf_v15_overlay_stamps_each_page_number" time="0.121" /><testcase classname="tests.test_gtec_c5_receipt.TestComplianceDigestKinds" name="test_kinds_endpoint_returns_gtec_c5_run_receipt" time="0.486" /><testcase classname="tests.test_gtec_c5_receipt.TestComplianceDigestFeed" name="test_feed_loads_successfully" time="0.054" /><testcase classname="tests.test_gtec_c5_receipt.TestComplianceDigestFeed" name="test_feed_filter_by_gtec_c5_run_receipt" time="0.060" /><testcase classname="tests.test_gtec_c5_receipt.TestComplianceDigestFeed" name="test_feed_filter_by_reviewed_state" time="0.135" /><testcase classname="tests.test_gtec_c5_receipt.TestGtecC5ReceiptPayload" name="test_receipt_payload_structure" time="0.048" /><testcase classname="tests.test_gtec_c5_receipt.TestGtecC5ReceiptPayload" name="test_specific_receipt_entry" time="0.054" /><testcase classname="tests.test_gtec_c5_receipt.TestUnreviewedCount" name="test_unreviewed_count_endpoint" time="0.085" /><testcase classname="tests.test_gtec_c5_trust_grade.TestC1AutonomousPolicyAndScheduler" name="test_policy_effective_endpoint_returns_autonomous_mode" time="0.473" /><testcase classname="tests.test_gtec_c5_trust_grade.TestC1AutonomousPolicyAndScheduler" name="test_scheduler_c5_job_registered" time="0.101" /><testcase classname="tests.test_gtec_c5_trust_grade.TestC1AutonomousPolicyAndScheduler" name="test_execution_traceability_fields_in_latest_report" time="0.058" /><testcase classname="tests.test_gtec_c5_trust_grade.TestC2DetectionValidationSections" name="test_latest_scan_has_all_required_sections" time="0.042" /><testcase classname="tests.test_gtec_c5_trust_grade.TestC3RemediationIncidentAutomation" name="test_remediation_ledger_exists_in_latest_report" time="0.041" /><testcase classname="tests.test_gtec_c5_trust_grade.TestC3RemediationIncidentAutomation" name="test_incidents_endpoint_returns_auto_escalated_incidents" time="0.043" /><testcase classname="tests.test_gtec_c5_trust_grade.TestC4ReadOnlyDashboardPolicy" name="test_manual_run_endpoint_returns_403" time="0.042" /><testcase classname="tests.test_gtec_c5_trust_grade.TestC4ReadOnlyDashboardPolicy" name="test_schedule_mutation_endpoint_returns_403" time="0.046" /><testcase classname="tests.test_gtec_c5_trust_grade.TestC4ReadOnlyDashboardPolicy" name="test_watchdog_run_endpoint_returns_403" time="0.084" /><testcase classname="tests.test_gtec_c5_trust_grade.TestC5TrustGatesEndpoint" name="test_trust_gates_endpoint_returns_gates_with_evidence" time="0.047" /><testcase classname="tests.test_gtec_c5_trust_grade.TestC5TrustGatesEndpoint" name="test_trust_gates_evidence_contains_required_fields" time="0.047" /><testcase classname="tests.test_gtec_c5_trust_grade.TestCanonicalModelWriteThrough" name="test_canonical_collections_populated" time="0.049" /><testcase classname="tests.test_gtec_c5_trust_grade.TestArtifactTraceability" name="test_latest_report_has_artifact_traceability" time="0.045" /><testcase classname="tests.test_gtec_c5_trust_grade.TestLegacyCleanupSchedule" name="test_legacy_cleanup_window_endpoint" time="0.085" /><testcase classname="tests.test_gtec_c5_trust_grade.TestCoreBackendEndpoints" name="test_gtec_endpoint_returns_200[/api/admin/gtec-scan-v2/latest]" time="0.042" /><testcase classname="tests.test_gtec_c5_trust_grade.TestCoreBackendEndpoints" name="test_gtec_endpoint_returns_200[/api/admin/gtec-scan-v2/history]" time="0.084" /><testcase classname="tests.test_gtec_c5_trust_grade.TestCoreBackendEndpoints" name="test_gtec_endpoint_returns_200[/api/admin/gtec-scan-v2/memory]" time="0.046" /><testcase classname="tests.test_gtec_c5_trust_grade.TestCoreBackendEndpoints" name="test_gtec_endpoint_returns_200[/api/admin/gtec-scan-v2/executions]" time="0.045" /><testcase classname="tests.test_gtec_c5_trust_grade.TestCoreBackendEndpoints" name="test_gtec_endpoint_returns_200[/api/admin/gtec-scan-v2/incidents]" time="0.083" /><testcase classname="tests.test_gtec_c5_trust_grade.TestCoreBackendEndpoints" name="test_gtec_endpoint_returns_200[/api/admin/gtec-scan-v2/findings/latest]" time="0.084" /><testcase classname="tests.test_gtec_c5_trust_grade.TestCoreBackendEndpoints" name="test_gtec_endpoint_returns_200[/api/admin/gtec-scan-v2/policy/effective]" time="0.086" /><testcase classname="tests.test_gtec_c5_trust_grade.TestCoreBackendEndpoints" name="test_gtec_endpoint_returns_200[/api/admin/gtec-scan-v2/schedule]" time="0.044" /><testcase classname="tests.test_gtec_c5_trust_grade.TestCoreBackendEndpoints" name="test_gtec_endpoint_returns_200[/api/admin/gtec-scan-v2/trust-gates]" time="0.048" /><testcase classname="tests.test_gtec_c5_trust_grade.TestCoreBackendEndpoints" name="test_gtec_endpoint_returns_200[/api/admin/gtec-scan-v2/directive]" time="0.044" /><testcase classname="tests.test_gtec_c5_trust_grade.TestTrustGates100Percent" name="test_trust_gates_100_percent_pass" time="0.047" /></testsuite></testsuites>