<?xml version="1.0" encoding="utf-8"?><testsuites name="pytest tests"><testsuite name="pytest" errors="0" failures="0" skipped="0" tests="6" time="1.064" timestamp="2026-07-11T07:09:05.157810+00:00" hostname="agent-env-d3831a82-96cf-4c42-b974-583c27a56ea8"><testcase classname="tests.test_i18n_prewarm_cache.TestPrewarmAuth" name="test_post_prewarm_unauth_rejected" time="0.092" /><testcase classname="tests.test_i18n_prewarm_cache.TestPrewarmAuth" name="test_get_prewarm_status_unauth_rejected" time="0.032" /><testcase classname="tests.test_i18n_prewarm_cache.TestPrewarmStatus" name="test_admin_can_read_status" time="0.470" /><testcase classname="tests.test_i18n_prewarm_cache.TestPrewarmValidation" name="test_unsupported_lang_returns_400" time="0.041" /><testcase classname="tests.test_i18n_prewarm_cache.TestPrewarmIdempotency" name="test_prewarm_fr_preview_to_warm_is_zero" time="0.244" /><testcase classname="tests.test_i18n_prewarm_cache.TestPrewarmCacheEffect" name="test_auto_translate_fr_cached_hits" time="0.140" /></testsuite></testsuites>