<?xml version="1.0" encoding="utf-8"?><testsuites name="pytest tests"><testsuite name="pytest" errors="0" failures="0" skipped="0" tests="6" time="18.736" timestamp="2026-07-11T06:25:48.045166+00:00" hostname="agent-env-d3831a82-96cf-4c42-b974-583c27a56ea8"><testcase classname="tests.test_i18n_auto_translate_perf_fix" name="test_health_baseline" time="0.120" /><testcase classname="tests.test_i18n_auto_translate_perf_fix" name="test_fresh_batch_translation_speed_and_correctness" time="5.586" /><testcase classname="tests.test_i18n_auto_translate_perf_fix" name="test_cached_batch_is_fast_and_identical" time="6.432" /><testcase classname="tests.test_i18n_auto_translate_perf_fix" name="test_brand_protection_preserved_in_french" time="1.755" /><testcase classname="tests.test_i18n_auto_translate_perf_fix" name="test_event_loop_not_blocked_during_large_batch" time="4.558" /><testcase classname="tests.test_i18n_auto_translate_perf_fix" name="test_empty_and_english_passthrough" time="0.239" /></testsuite></testsuites>