<?xml version="1.0" encoding="utf-8"?><testsuites name="pytest tests"><testsuite name="pytest" errors="0" failures="0" skipped="0" tests="8" time="8.046" timestamp="2026-07-14T01:33:46.589421+00:00" hostname="agent-env-320e5436-f5fa-4f2f-8439-5ee0f24b240f"><testcase classname="tests.test_iap_production_e2e_iter883.TestIapPrimaryScenario" name="test_endpoint_returns_success_with_all_checks_true" time="0.647" /><testcase classname="tests.test_iap_production_e2e_iter883.TestIapPrimaryScenario" name="test_pricing_breakdown_matches_expected" time="0.000" /><testcase classname="tests.test_iap_production_e2e_iter883.TestIapPrimaryScenario" name="test_latest_notification_title_and_message" time="0.000" /><testcase classname="tests.test_iap_production_e2e_iter883.TestDbSideEffects" name="test_user_and_tx_records_persisted" time="1.518" /><testcase classname="tests.test_iap_production_e2e_iter883.TestBackendLogSignals" name="test_logs_show_fixed_subject_and_receipt_lines" time="3.241" /><testcase classname="tests.test_iap_production_e2e_iter883.TestOptionalFieldRegression" name="test_omitting_name_and_address_still_succeeds" time="0.236" /><testcase classname="tests.test_iap_production_e2e_iter883.TestComplianceBundleEndpoints" name="test_list_bundles" time="0.046" /><testcase classname="tests.test_iap_production_e2e_iter883.TestComplianceBundleEndpoints" name="test_receipt_pdf_valid_bytes" time="2.307" /></testsuite></testsuites>