<?xml version="1.0" encoding="utf-8"?><testsuites name="pytest tests"><testsuite name="pytest" errors="0" failures="0" skipped="0" tests="4" time="0.819" timestamp="2026-07-09T06:45:57.363526+00:00" hostname="agent-env-da0e3cac-2a32-4b53-b7a3-5b28a14acf4e"><testcase classname="tests.test_id_checker_kyc_status.TestIdCheckerKycStatus" name="test_kyc_status_unauthenticated_requires_auth" time="0.074" /><testcase classname="tests.test_id_checker_kyc_status.TestIdCheckerKycStatus" name="test_kyc_status_returns_200_for_free_user" time="0.576" /><testcase classname="tests.test_id_checker_kyc_status.TestIdCheckerKycStatus" name="test_kyc_status_contains_timeline_with_milestones" time="0.080" /><testcase classname="tests.test_id_checker_kyc_status.TestIdCheckerKycStatus" name="test_kyc_status_free_user_default_state" time="0.041" /></testsuite></testsuites>