<?xml version="1.0" encoding="utf-8"?><testsuites name="pytest tests"><testsuite name="pytest" errors="0" failures="0" skipped="0" tests="9" time="1.628" timestamp="2026-07-11T21:22:31.639301+00:00" hostname="agent-env-591c91b8-e6a0-44b3-8b3c-6f8c92cb2ee2"><testcase classname="tests.test_travel_visa_certificate_v2.TestGenerate" name="test_generate_returns_cert_id_and_email_status" time="1.312" /><testcase classname="tests.test_travel_visa_certificate_v2.TestDownload" name="test_download_pdf_ok_and_exempt_header" time="0.080" /><testcase classname="tests.test_travel_visa_certificate_v2.TestVerify" name="test_verify_html_public_valid" time="0.011" /><testcase classname="tests.test_travel_visa_certificate_v2.TestVerify" name="test_verify_json_public_valid" time="0.010" /><testcase classname="tests.test_travel_visa_certificate_v2.TestVerify" name="test_verify_invalid_id_404_html" time="0.010" /><testcase classname="tests.test_travel_visa_certificate_v2.TestVerify" name="test_verify_invalid_id_json_returns_valid_false" time="0.010" /><testcase classname="tests.test_travel_visa_certificate_v2.TestEmail" name="test_email_owner_ok" time="0.023" /><testcase classname="tests.test_travel_visa_certificate_v2.TestEmail" name="test_email_wrong_user_forbidden" time="0.055" /><testcase classname="tests.test_travel_visa_certificate_v2.TestList" name="test_list_user_certs" time="0.055" /></testsuite></testsuites>