<?xml version="1.0" encoding="utf-8"?><testsuites name="pytest tests"><testsuite name="pytest" errors="0" failures="0" skipped="0" tests="10" time="4.502" timestamp="2026-07-13T05:34:18.320352+00:00" hostname="agent-env-bab637c0-aac3-4b51-ba56-6fa9905a7046"><testcase classname="tests.test_offer_letter_hr_signer_title_iter876.TestOfferBrandingRead" name="test_get_offer_branding_returns_hr_title" time="0.732" /><testcase classname="tests.test_offer_letter_hr_signer_title_iter876.TestOfferBrandingPreservation" name="test_put_unrelated_field_preserves_signer_title" time="0.173" /><testcase classname="tests.test_offer_letter_hr_signer_title_iter876.TestSeedGuardRegression" name="test_seed_demo_does_not_clobber_admin_title" time="0.127" /><testcase classname="tests.test_offer_letter_hr_signer_title_iter876.TestOfferPdfSignerTitle" name="test_variant_shows_hr_title_and_no_ceo[original]" time="2.152" /><testcase classname="tests.test_offer_letter_hr_signer_title_iter876.TestOfferPdfSignerTitle" name="test_variant_shows_hr_title_and_no_ceo[rescinded]" time="0.155" /><testcase classname="tests.test_offer_letter_hr_signer_title_iter876.TestOfferPdfSignerTitle" name="test_variant_shows_hr_title_and_no_ceo[expired]" time="0.153" /><testcase classname="tests.test_offer_letter_hr_signer_title_iter876.TestOfferPdfSignerTitle" name="test_variant_shows_hr_title_and_no_ceo[declined]" time="0.154" /><testcase classname="tests.test_offer_letter_hr_signer_title_iter876.TestOfferPdfSignerTitle" name="test_variant_shows_hr_title_and_no_ceo[accepted]" time="0.153" /><testcase classname="tests.test_offer_letter_hr_signer_title_iter876.TestOtherEndpointRegression" name="test_get_careers_offers_200" time="0.332" /><testcase classname="tests.test_offer_letter_hr_signer_title_iter876.TestOtherEndpointRegression" name="test_agent_framework_overview_min_200_agents" time="0.291" /></testsuite></testsuites>