<?xml version="1.0" encoding="utf-8"?><testsuites name="pytest tests"><testsuite name="pytest" errors="0" failures="0" skipped="0" tests="17" time="11.754" timestamp="2026-07-10T15:48:15.561211+00:00" hostname="agent-env-309b89f5-30d7-4d25-9938-d73adb9dba92"><testcase classname="tests.test_feature22_games_station.TestFpsBootstrapContract" name="test_bootstrap_returns_canonical_feature_id_and_fps_title" time="0.633" /><testcase classname="tests.test_feature22_games_station.TestFpsBootstrapContract" name="test_bootstrap_has_plan_and_quota" time="0.086" /><testcase classname="tests.test_feature22_games_station.TestFpsBootstrapContract" name="test_bootstrap_exposes_repo_player_models" time="0.089" /><testcase classname="tests.test_feature22_games_station.TestFpsBootstrapContract" name="test_bootstrap_requires_auth" time="0.075" /><testcase classname="tests.test_feature22_games_station.TestFpsRoomsFlow" name="test_join_or_create_room" time="0.097" /><testcase classname="tests.test_feature22_games_station.TestFpsRoomsFlow" name="test_join_room_rejects_empty_name" time="0.090" /><testcase classname="tests.test_feature22_games_station.TestFpsRoomsFlow" name="test_invalid_model_falls_back_to_policeman" time="0.087" /><testcase classname="tests.test_feature22_games_station.TestFpsRoomsFlow" name="test_rooms_listing" time="0.088" /><testcase classname="tests.test_feature22_games_station.TestFpsStatsEndpoints" name="test_leaderboard" time="0.096" /><testcase classname="tests.test_feature22_games_station.TestFpsStatsEndpoints" name="test_profile" time="0.087" /><testcase classname="tests.test_feature22_games_station.TestFpsStatsEndpoints" name="test_match_history" time="0.205" /><testcase classname="tests.test_feature22_games_station.TestFeatureRegistryMigration" name="test_registry_reports_fps_game_title" time="0.084" /><testcase classname="tests.test_feature22_fps_websocket.TestFpsWebSocket" name="test_ws_ticket_channel_fps_game" time="0.576" /><testcase classname="tests.test_feature22_fps_websocket.TestFpsWebSocket" name="test_two_client_join_and_state_relay" time="1.080" /><testcase classname="tests.test_feature22_fps_websocket.TestFpsWebSocket" name="test_kill_and_respawn_flow" time="3.665" /><testcase classname="tests.test_feature22_fps_websocket.TestFpsWebSocket" name="test_explicit_leave_finalizes_immediately_and_records_match" time="1.928" /><testcase classname="tests.test_feature22_fps_websocket.TestFpsWebSocket" name="test_reconnect_within_grace_preserves_state" time="2.700" /></testsuite></testsuites>