<?xml version="1.0" encoding="utf-8"?><testsuites name="pytest tests"><testsuite name="pytest" errors="0" failures="0" skipped="0" tests="11" time="6.414" timestamp="2026-07-12T23:31:23.040462+00:00" hostname="agent-env-878deb32-321a-45eb-89a8-314e88a46578"><testcase classname="tests.test_iteration_871_policy_v3_verification.TestBackend1FreeUserReadAccess" name="test_free_user_reads_not_forbidden" time="1.716" /><testcase classname="tests.test_iteration_871_policy_v3_verification.TestBackend1FreeUserReadAccess" name="test_free_user_reads_status_codes_acceptable" time="1.267" /><testcase classname="tests.test_iteration_871_policy_v3_verification.TestBackend2SessionPolicyContract" name="test_free_session_shape" time="0.046" /><testcase classname="tests.test_iteration_871_policy_v3_verification.TestBackend3DailyMeter" name="test_free_user_post_meter_returns_429_with_contract" time="0.731" /><testcase classname="tests.test_iteration_871_policy_v3_verification.TestBackend3DailyMeter" name="test_free_user_gets_never_metered" time="0.920" /><testcase classname="tests.test_iteration_871_policy_v3_verification.TestBackend4BasicPremiumProfiles" name="test_basic_profile_and_limits" time="0.358" /><testcase classname="tests.test_iteration_871_policy_v3_verification.TestBackend4BasicPremiumProfiles" name="test_premium_profile_and_limits" time="0.401" /><testcase classname="tests.test_iteration_871_policy_v3_verification.TestBackend5SecurityRegression" name="test_free_still_blocked_on_admin_surfaces" time="0.281" /><testcase classname="tests.test_iteration_871_policy_v3_verification.TestBackend5SecurityRegression" name="test_admin_login_works_and_admin_can_access_admin_endpoints" time="0.463" /><testcase classname="tests.test_iteration_871_policy_v3_verification.TestBackend6SelfEnforcedFeatures" name="test_free_user_coaching_team_get_open" time="0.109" /><testcase classname="tests.test_iteration_871_policy_v3_verification.TestBackend6SelfEnforcedFeatures" name="test_self_enforced_features_have_neg1_in_canonical_policy" time="0.046" /></testsuite></testsuites>