<?xml version="1.0" encoding="utf-8"?><testsuites name="pytest tests"><testsuite name="pytest" errors="0" failures="0" skipped="0" tests="8" time="3.359" timestamp="2026-07-12T19:33:17.795023+00:00" hostname="agent-env-5e2c8167-fd83-47ce-ad3f-9a069758787d"><testcase classname="tests.test_iter868_agent_catalog_expansion.TestOverviewExpanded" name="test_overview_returns_55_and_seven_categories" time="0.590" /><testcase classname="tests.test_iter868_agent_catalog_expansion.TestAgentCatalog" name="test_55_agents_and_metadata" time="0.069" /><testcase classname="tests.test_iter868_agent_catalog_expansion.TestAgentCatalog" name="test_new_and_original_keys_present" time="0.068" /><testcase classname="tests.test_iter868_agent_catalog_expansion.TestSeedingIdempotency" name="test_double_call_stable_count_and_edit_persists" time="0.628" /><testcase classname="tests.test_iter868_agent_catalog_expansion.TestPrompts" name="test_prompts_include_new_templates" time="0.089" /><testcase classname="tests.test_iter868_agent_catalog_expansion.TestPrompts" name="test_render_bug_triage_substitutes_variables" time="0.058" /><testcase classname="tests.test_iter868_agent_catalog_expansion.TestNewAgentExecute" name="test_interview_coach_execute_live" time="1.343" /><testcase classname="tests.test_iter868_agent_catalog_expansion.TestAgentUpsertCategory" name="test_create_with_category_then_delete" time="0.444" /></testsuite></testsuites>