<?xml version="1.0" encoding="utf-8"?><testsuites name="pytest tests"><testsuite name="pytest" errors="0" failures="0" skipped="0" tests="5" time="1.996" timestamp="2026-07-09T18:17:02.191040+00:00" hostname="agent-env-bda554e9-5071-4e9c-b3f5-9aabe8e5578c"><testcase classname="tests.test_iter796_gps_quick_questions" name="test_login_free_user_ok" time="0.426" /><testcase classname="tests.test_iter796_gps_quick_questions" name="test_gps_state_quick_questions_populated_authenticated" time="0.378" /><testcase classname="tests.test_iter796_gps_quick_questions" name="test_gps_state_quick_questions_unauthenticated" time="0.095" /><testcase classname="tests.test_iter797_brand_translate_guard" name="test_auto_translate_preserves_nova_and_no_brand_token" time="0.958" /><testcase classname="tests.test_iter797_brand_translate_guard" name="test_locale_files_free_of_brand_token" time="0.061" /></testsuite></testsuites>