<?xml version="1.0" encoding="utf-8"?><testsuites name="pytest tests"><testsuite name="pytest" errors="0" failures="0" skipped="1" tests="81" time="16.651" timestamp="2026-07-13T05:56:49.681604+00:00" hostname="agent-env-bab637c0-aac3-4b51-ba56-6fa9905a7046"><testcase classname="tests.test_offer_letter_pro_pdf.TestThemeSignature" name="test_theme_signature_constant" time="0.001" /><testcase classname="tests.test_offer_letter_pro_pdf.TestVariantsRender" name="test_variant_renders_valid_pdf[original]" time="1.669" /><testcase classname="tests.test_offer_letter_pro_pdf.TestVariantsRender" name="test_variant_renders_valid_pdf[accepted]" time="0.167" /><testcase classname="tests.test_offer_letter_pro_pdf.TestVariantsRender" name="test_variant_renders_valid_pdf[declined]" time="0.150" /><testcase classname="tests.test_offer_letter_pro_pdf.TestVariantsRender" name="test_variant_renders_valid_pdf[rescinded]" time="0.151" /><testcase classname="tests.test_offer_letter_pro_pdf.TestOriginalContent" name="test_hero_label_present" time="0.230" /><testcase classname="tests.test_offer_letter_pro_pdf.TestOriginalContent" name="test_year1_total_computed_and_formatted" time="0.000" /><testcase classname="tests.test_offer_letter_pro_pdf.TestOriginalContent" name="test_legend_labels" time="0.000" /><testcase classname="tests.test_offer_letter_pro_pdf.TestOriginalContent" name="test_countdown_ribbon" time="0.000" /><testcase classname="tests.test_offer_letter_pro_pdf.TestOriginalContent" name="test_chips_labels" time="0.000" /><testcase classname="tests.test_offer_letter_pro_pdf.TestOriginalContent" name="test_scan_to_accept_and_key_sections" time="0.000" /><testcase classname="tests.test_offer_letter_pro_pdf.TestOriginalContent" name="test_ceo_signer_present" time="0.000" /><testcase classname="tests.test_offer_letter_pro_pdf.TestOriginalContent" name="test_qr_and_signature_images_embedded" time="0.000" /><testcase classname="tests.test_offer_letter_pro_pdf.TestVariantBehavior" name="test_accepted_badge_and_esign_block" time="0.174" /><testcase classname="tests.test_offer_letter_pro_pdf.TestVariantBehavior" name="test_declined_badge" time="0.153" /><testcase classname="tests.test_offer_letter_pro_pdf.TestVariantBehavior" name="test_rescinded_badge" time="0.154" /><testcase classname="tests.test_offer_letter_pro_pdf.TestVariantBehavior" name="test_qr_and_countdown_absent_in_terminal_variants[accepted]" time="0.171" /><testcase classname="tests.test_offer_letter_pro_pdf.TestVariantBehavior" name="test_qr_and_countdown_absent_in_terminal_variants[declined]" time="0.154" /><testcase classname="tests.test_offer_letter_pro_pdf.TestVariantBehavior" name="test_qr_and_countdown_absent_in_terminal_variants[rescinded]" time="0.155" /><testcase classname="tests.test_offer_letter_pro_pdf.TestVariantAssertions" name="test_accepted_badge_ribbon_and_journey_countdown" time="0.661" /><testcase classname="tests.test_offer_letter_pro_pdf.TestVariantAssertions" name="test_accepted_fully_executed_dual_signature_block" time="0.001" /><testcase classname="tests.test_offer_letter_pro_pdf.TestVariantAssertions" name="test_accepted_old_signed_by_box_removed" time="0.000" /><testcase classname="tests.test_offer_letter_pro_pdf.TestVariantAssertions" name="test_accepted_no_scan_to_accept" time="0.000" /><testcase classname="tests.test_offer_letter_pro_pdf.TestVariantAssertions" name="test_accepted_handwritten_signature_embedded" time="0.000" /><testcase classname="tests.test_offer_letter_pro_pdf.TestVariantAssertions" name="test_declined_badge_and_hero_historical_label" time="0.000" /><testcase classname="tests.test_offer_letter_pro_pdf.TestVariantAssertions" name="test_declined_closure_card_and_reason" time="0.000" /><testcase classname="tests.test_offer_letter_pro_pdf.TestVariantAssertions" name="test_declined_has_standalone_sig_box_and_no_qr" time="0.000" /><testcase classname="tests.test_offer_letter_pro_pdf.TestVariantAssertions" name="test_rescinded_badge_and_void_hero_band" time="0.000" /><testcase classname="tests.test_offer_letter_pro_pdf.TestVariantAssertions" name="test_rescinded_formal_notice_and_reason" time="0.000" /><testcase classname="tests.test_offer_letter_pro_pdf.TestVariantAssertions" name="test_rescinded_diagonal_watermark_on_page1" time="0.001" /><testcase classname="tests.test_offer_letter_pro_pdf.TestVariantAssertions" name="test_rescinded_sig_box_present_and_no_qr" time="0.000" /><testcase classname="tests.test_offer_letter_pro_pdf.TestVariantAssertions" name="test_original_hero_has_no_historical_record_label" time="0.000" /><testcase classname="tests.test_offer_letter_pro_pdf.TestVariantAssertions" name="test_original_countdown_ribbon_present" time="0.000" /><testcase classname="tests.test_offer_letter_pro_pdf.TestVariantAssertions" name="test_original_scan_to_accept_and_sig_box_present" time="0.000" /><testcase classname="tests.test_offer_letter_pro_pdf.TestVariantAssertions" name="test_original_has_no_variant_specific_blocks" time="0.001" /><testcase classname="tests.test_offer_letter_pro_pdf.TestStrictValidation" name="test_missing_candidate_fields_raise" time="0.000" /><testcase classname="tests.test_offer_letter_pro_pdf.TestHelpers" name="test_cropped_signature_returns_png_buffer" time="0.012" /><testcase classname="tests.test_offer_letter_pro_pdf.TestHelpers" name="test_offer_qr_returns_png_buffer" time="0.006" /><testcase classname="tests.test_offer_letter_pro_pdf.TestHelpers" name="test_offer_qr_handles_empty_url" time="0.003" /><testcase classname="tests.test_offer_letter_pro_pdf.TestThemeCacheInvalidation" name="test_ensure_offer_pdf_regenerates_on_stale_signature" time="0.146" /><testcase classname="tests.test_offer_letter_pro_pdf.TestEndpointSmoke" name="test_health" time="0.369" /><testcase classname="tests.test_offer_letter_pro_pdf.TestEndpointSmoke" name="test_admin_offer_pdf_endpoint_strict_shape" time="0.064" /><testcase classname="tests.test_offer_letter_review_pack.TestExpiredVariant" name="test_variant_for_offer_expired" time="0.000" /><testcase classname="tests.test_offer_letter_review_pack.TestExpiredVariant" name="test_all_four_variants_generate_pdfs" time="0.588" /><testcase classname="tests.test_offer_letter_review_pack.TestExpiredVariant" name="test_template_registered" time="0.100" /><testcase classname="tests.test_offer_letter_review_pack.TestReviewEmailEndpoint" name="test_requires_admin" time="0.113" /><testcase classname="tests.test_offer_letter_review_pack.TestReviewEmailEndpoint" name="test_real_lifecycle_pack" time="3.988" /><testcase classname="tests.test_offer_letter_review_pack.TestReviewEmailEndpoint" name="test_samples_cleaned_up" time="0.086" /><testcase classname="tests.test_offer_letter_review_pack.TestOffersRegression" name="test_list_offers_endpoint" time="0.083" /><testcase classname="tests.test_offer_letter_review_pack.TestOffersRegression" name="test_agent_framework_untouched" time="0.172" /><testcase classname="tests.test_offer_lifecycle_guardrails" name="test_offer_transition_guard_exists" time="0.000" /><testcase classname="tests.test_offer_lifecycle_guardrails" name="test_offer_endpoints_use_transition_guard" time="0.000" /><testcase classname="tests.test_offer_lifecycle_guardrails" name="test_esign_offer_uses_transition_guard" time="0.000" /><testcase classname="tests.test_offer_branding_seed.TestOfferBrandingRead" name="test_get_branding_returns_canonical_merged_shape" time="0.378" /><testcase classname="tests.test_offer_branding_seed.TestSeedDemoCanonicalContract" name="test_seed_demo_canonical_keys_only" time="0.053" /><testcase classname="tests.test_offer_branding_seed.TestSeedDemoCanonicalContract" name="test_seed_demo_is_idempotent_safe" time="0.053" /><testcase classname="tests.test_offer_branding_seed.TestPutBrandingBody" name="test_put_accepts_company_info_field" time="0.108" /><testcase classname="tests.test_offer_branding_seed.TestPutBrandingBody" name="test_put_accepts_brand_name_field" time="0.161" /><testcase classname="tests.test_offer_branding_seed.TestPutBrandingBody" name="test_put_rejects_fabricated_legal_name" time="0.105" /><testcase classname="tests.test_offer_branding_seed.TestPutBrandingBody" name="test_put_rejects_fabricated_signer_name" time="0.053" /><testcase classname="tests.test_offer_branding_seed.TestLiveOfferPdf" name="test_offer_pdf_endpoint_returns_valid_pdf_localhost" time="0.075" /><testcase classname="tests.test_offer_branding_seed.TestLiveOfferPdf" name="test_offer_pdf_endpoint_external" time="0.564" /><testcase classname="tests.test_offer_branding_seed.TestStrictValidationRegression" name="test_generate_offer_pdf_missing_candidate_address_raises" time="0.004" /><testcase classname="tests.test_offer_branding_seed.TestPublicOfferPdfPath" name="test_public_pdf_path_or_skip" time="0.004"><skipped type="pytest.skip" message="Offer off_ddb1e393a694 has no public_token — skip public PDF path">/app/backend/tests/test_offer_branding_seed.py:314: Offer off_ddb1e393a694 has no public_token — skip public PDF path</skipped></testcase><testcase classname="tests.test_offer_letter_qr_iter877.TestQRPresencePerVariant" name="test_original_has_scan_to_accept" time="0.799" /><testcase classname="tests.test_offer_letter_qr_iter877.TestQRPresencePerVariant" name="test_accepted_has_scan_to_view" time="0.000" /><testcase classname="tests.test_offer_letter_qr_iter877.TestQRPresencePerVariant" name="test_terminal_variants_have_no_scan_label[rescinded]" time="0.000" /><testcase classname="tests.test_offer_letter_qr_iter877.TestQRPresencePerVariant" name="test_terminal_variants_have_no_scan_label[expired]" time="0.000" /><testcase classname="tests.test_offer_letter_qr_iter877.TestQRPresencePerVariant" name="test_terminal_variants_have_no_scan_label[declined]" time="0.000" /><testcase classname="tests.test_offer_letter_qr_iter877.TestQRPresencePerVariant" name="test_original_has_at_least_three_images" time="0.000" /><testcase classname="tests.test_offer_letter_qr_iter877.TestQRPresencePerVariant" name="test_accepted_has_at_least_three_images" time="0.000" /><testcase classname="tests.test_offer_letter_qr_iter877.TestPortalUrlSelection" name="test_public_confirm_url_wins_over_env_fallback" time="0.166" /><testcase classname="tests.test_offer_letter_qr_iter877.TestPortalUrlSelection" name="test_env_fallback_used_when_only_candidate_token" time="0.164" /><testcase classname="tests.test_offer_letter_qr_iter877.TestPortalUrlSelection" name="test_no_qr_when_neither_token_nor_url" time="0.151" /><testcase classname="tests.test_offer_letter_qr_iter877.TestOldBuggyFieldIgnored" name="test_legacy_public_token_field_does_not_trigger_qr" time="0.151" /><testcase classname="tests.test_offer_letter_qr_iter877.TestQRHelperFunction" name="test_qr_generator_returns_png_buffer_for_valid_url" time="0.006" /><testcase classname="tests.test_offer_letter_qr_iter877.TestQRHelperFunction" name="test_qr_generator_handles_empty_url_gracefully" time="0.002" /><testcase classname="tests.test_offer_letter_qr_iter877.TestOrderingFixE2E" name="test_send_flow_produces_pdf_with_qr" time="1.263" /><testcase classname="tests.test_offer_letter_qr_iter877.TestPublicCandidatePortal" name="test_get_public_offer_invalid_token_returns_404" time="0.085" /><testcase classname="tests.test_offer_letter_qr_iter877.TestPublicCandidatePortal" name="test_accept_requires_ack_and_signed_name" time="0.889" /><testcase classname="tests.test_offer_letter_qr_iter877.TestPublicCandidatePortal" name="test_decline_flow" time="1.138" /></testsuite></testsuites>