<?xml version="1.0" encoding="utf-8"?><testsuites name="pytest tests"><testsuite name="pytest" errors="0" failures="0" skipped="0" tests="45" time="5.061" timestamp="2026-07-12T02:36:06.050225+00:00" hostname="agent-env-e5a98e1c-3349-4dec-8aca-165df305d690"><testcase classname="tests.test_offer_letter_pro_pdf.TestThemeSignature" name="test_theme_signature_constant" time="0.000" /><testcase classname="tests.test_offer_letter_pro_pdf.TestVariantsRender" name="test_variant_renders_valid_pdf[original]" time="1.666" /><testcase classname="tests.test_offer_letter_pro_pdf.TestVariantsRender" name="test_variant_renders_valid_pdf[accepted]" time="0.146" /><testcase classname="tests.test_offer_letter_pro_pdf.TestVariantsRender" name="test_variant_renders_valid_pdf[declined]" time="0.146" /><testcase classname="tests.test_offer_letter_pro_pdf.TestVariantsRender" name="test_variant_renders_valid_pdf[rescinded]" time="0.148" /><testcase classname="tests.test_offer_letter_pro_pdf.TestOriginalContent" name="test_hero_label_present" time="0.216" /><testcase classname="tests.test_offer_letter_pro_pdf.TestOriginalContent" name="test_year1_total_computed_and_formatted" time="0.000" /><testcase classname="tests.test_offer_letter_pro_pdf.TestOriginalContent" name="test_legend_labels" time="0.000" /><testcase classname="tests.test_offer_letter_pro_pdf.TestOriginalContent" name="test_countdown_ribbon" time="0.000" /><testcase classname="tests.test_offer_letter_pro_pdf.TestOriginalContent" name="test_chips_labels" time="0.000" /><testcase classname="tests.test_offer_letter_pro_pdf.TestOriginalContent" name="test_scan_to_accept_and_key_sections" time="0.000" /><testcase classname="tests.test_offer_letter_pro_pdf.TestOriginalContent" name="test_ceo_signer_present" time="0.000" /><testcase classname="tests.test_offer_letter_pro_pdf.TestOriginalContent" name="test_qr_and_signature_images_embedded" time="0.000" /><testcase classname="tests.test_offer_letter_pro_pdf.TestVariantBehavior" name="test_accepted_badge_and_esign_block" time="0.154" /><testcase classname="tests.test_offer_letter_pro_pdf.TestVariantBehavior" name="test_declined_badge" time="0.152" /><testcase classname="tests.test_offer_letter_pro_pdf.TestVariantBehavior" name="test_rescinded_badge" time="0.153" /><testcase classname="tests.test_offer_letter_pro_pdf.TestVariantBehavior" name="test_qr_and_countdown_absent_in_terminal_variants[accepted]" time="0.151" /><testcase classname="tests.test_offer_letter_pro_pdf.TestVariantBehavior" name="test_qr_and_countdown_absent_in_terminal_variants[declined]" time="0.152" /><testcase classname="tests.test_offer_letter_pro_pdf.TestVariantBehavior" name="test_qr_and_countdown_absent_in_terminal_variants[rescinded]" time="0.153" /><testcase classname="tests.test_offer_letter_pro_pdf.TestVariantAssertions" name="test_accepted_badge_ribbon_and_journey_countdown" time="0.640" /><testcase classname="tests.test_offer_letter_pro_pdf.TestVariantAssertions" name="test_accepted_fully_executed_dual_signature_block" time="0.000" /><testcase classname="tests.test_offer_letter_pro_pdf.TestVariantAssertions" name="test_accepted_old_signed_by_box_removed" time="0.000" /><testcase classname="tests.test_offer_letter_pro_pdf.TestVariantAssertions" name="test_accepted_no_scan_to_accept" time="0.000" /><testcase classname="tests.test_offer_letter_pro_pdf.TestVariantAssertions" name="test_accepted_handwritten_signature_embedded" time="0.000" /><testcase classname="tests.test_offer_letter_pro_pdf.TestVariantAssertions" name="test_declined_badge_and_hero_historical_label" time="0.000" /><testcase classname="tests.test_offer_letter_pro_pdf.TestVariantAssertions" name="test_declined_closure_card_and_reason" time="0.000" /><testcase classname="tests.test_offer_letter_pro_pdf.TestVariantAssertions" name="test_declined_has_standalone_sig_box_and_no_qr" time="0.000" /><testcase classname="tests.test_offer_letter_pro_pdf.TestVariantAssertions" name="test_rescinded_badge_and_void_hero_band" time="0.000" /><testcase classname="tests.test_offer_letter_pro_pdf.TestVariantAssertions" name="test_rescinded_formal_notice_and_reason" time="0.000" /><testcase classname="tests.test_offer_letter_pro_pdf.TestVariantAssertions" name="test_rescinded_diagonal_watermark_on_page1" time="0.000" /><testcase classname="tests.test_offer_letter_pro_pdf.TestVariantAssertions" name="test_rescinded_sig_box_present_and_no_qr" time="0.000" /><testcase classname="tests.test_offer_letter_pro_pdf.TestVariantAssertions" name="test_original_hero_has_no_historical_record_label" time="0.000" /><testcase classname="tests.test_offer_letter_pro_pdf.TestVariantAssertions" name="test_original_countdown_ribbon_present" time="0.000" /><testcase classname="tests.test_offer_letter_pro_pdf.TestVariantAssertions" name="test_original_scan_to_accept_and_sig_box_present" time="0.000" /><testcase classname="tests.test_offer_letter_pro_pdf.TestVariantAssertions" name="test_original_has_no_variant_specific_blocks" time="0.000" /><testcase classname="tests.test_offer_letter_pro_pdf.TestStrictValidation" name="test_missing_candidate_fields_raise" time="0.000" /><testcase classname="tests.test_offer_letter_pro_pdf.TestHelpers" name="test_cropped_signature_returns_png_buffer" time="0.011" /><testcase classname="tests.test_offer_letter_pro_pdf.TestHelpers" name="test_offer_qr_returns_png_buffer" time="0.006" /><testcase classname="tests.test_offer_letter_pro_pdf.TestHelpers" name="test_offer_qr_handles_empty_url" time="0.002" /><testcase classname="tests.test_offer_letter_pro_pdf.TestThemeCacheInvalidation" name="test_ensure_offer_pdf_regenerates_on_stale_signature" time="0.144" /><testcase classname="tests.test_offer_letter_pro_pdf.TestEndpointSmoke" name="test_health" time="0.427" /><testcase classname="tests.test_offer_letter_pro_pdf.TestEndpointSmoke" name="test_admin_offer_pdf_endpoint_strict_shape" time="0.193" /><testcase classname="tests.test_offer_lifecycle_guardrails" name="test_offer_transition_guard_exists" time="0.000" /><testcase classname="tests.test_offer_lifecycle_guardrails" name="test_offer_endpoints_use_transition_guard" time="0.000" /><testcase classname="tests.test_offer_lifecycle_guardrails" name="test_esign_offer_uses_transition_guard" time="0.000" /></testsuite></testsuites>