<?xml version="1.0" encoding="utf-8"?><testsuites name="pytest tests"><testsuite name="pytest" errors="0" failures="0" skipped="0" tests="4" time="7.254" timestamp="2026-07-10T05:07:47.693336+00:00" hostname="agent-env-309b89f5-30d7-4d25-9938-d73adb9dba92"><testcase classname="tests.test_feature22_fps_websocket.TestFpsWebSocket" name="test_ws_ticket_channel_fps_game" time="0.784" /><testcase classname="tests.test_feature22_fps_websocket.TestFpsWebSocket" name="test_two_client_join_and_state_relay" time="1.065" /><testcase classname="tests.test_feature22_fps_websocket.TestFpsWebSocket" name="test_kill_and_respawn_flow" time="3.644" /><testcase classname="tests.test_feature22_fps_websocket.TestFpsWebSocket" name="test_disconnect_broadcasts_player_left_and_records_match" time="1.697" /></testsuite></testsuites>