<?xml version="1.0" encoding="utf-8"?><testsuites name="pytest tests"><testsuite name="pytest" errors="4" failures="5" skipped="0" tests="15" time="3.831" timestamp="2026-07-14T18:45:25.984108+00:00" hostname="agent-env-95bbd90b-54a2-4bd2-9e81-4e2a54648da8"><testcase classname="tests.test_admin_token_revocation_window_p0_06" name="test_admin_cache_ttl_contract_is_hardened" time="0.001" /><testcase classname="tests.test_admin_token_revocation_window_p0_06" name="test_non_mutation_admin_check_can_use_short_cache" time="0.298" /><testcase classname="tests.test_admin_token_revocation_window_p0_06" name="test_admin_mutation_bypasses_cache_and_revalidates" time="0.001" /><testcase classname="tests.test_session_persistence_p0p1p2.TestSessionPersistenceP0" name="test_auth_me_returns_user_on_valid_session" time="0.566"><error message="failed on setup with &quot;AssertionError: No session_token in response: {'user_id': 'user_4b5a68d2f7c6', 'email': 'admin@realaicoach.app', 'name': 'RealAICoach', 'subscription_plan': 'premium', 'subscription_status': 'active', 'is_admin': True, 'full_access': True, 'roles': ['admin', 'premium', 'user'], 'role': 'admin', 'email_verified': False, 'profile_image': '', 'welcome_back': True, 'last_active_route': '/dashboard', 'last_active_at': '2026-05-16T23:41:42.947005+00:00', 'theme_preference': 'light', 'language_preference': 'en', 'currency_preference': None, 'tenant_id': None, 'organization_id': None, 'company_id': None, 'workspace_id': None, 'tenant_disclaimer_profile': 'default', 'risk_level': 'medium', 'risk_score': 52, 'risk_engine_status': 'ACTIVE', 'risk_output': 'RISK_ENGINE_STATUS: ACTIVE\nRISK_SCORE: 52\nRISK_LEVEL: MEDIUM\nTRIGGER: STEP_UP_MFA\nFALSE_POSITIVE_RATE: 1.0%\nSESSION_PROTECTION: MFA_CHALLENGE\nCONFIDENCE: 98.0%', 'e2e_otp_bypass_applied': False}&#10;assert None&quot;">tests/test_session_persistence_p0p1p2.py:49: in admin_session
    assert token, f"No session_token in response: {data}"
E   AssertionError: No session_token in response: {'user_id': 'user_4b5a68d2f7c6', 'email': 'admin@realaicoach.app', 'name': 'RealAICoach', 'subscription_plan': 'premium', 'subscription_status': 'active', 'is_admin': True, 'full_access': True, 'roles': ['admin', 'premium', 'user'], 'role': 'admin', 'email_verified': False, 'profile_image': '', 'welcome_back': True, 'last_active_route': '/dashboard', 'last_active_at': '2026-05-16T23:41:42.947005+00:00', 'theme_preference': 'light', 'language_preference': 'en', 'currency_preference': None, 'tenant_id': None, 'organization_id': None, 'company_id': None, 'workspace_id': None, 'tenant_disclaimer_profile': 'default', 'risk_level': 'medium', 'risk_score': 52, 'risk_engine_status': 'ACTIVE', 'risk_output': 'RISK_ENGINE_STATUS: ACTIVE\nRISK_SCORE: 52\nRISK_LEVEL: MEDIUM\nTRIGGER: STEP_UP_MFA\nFALSE_POSITIVE_RATE: 1.0%\nSESSION_PROTECTION: MFA_CHALLENGE\nCONFIDENCE: 98.0%', 'e2e_otp_bypass_applied': False}
E   assert None</error></testcase><testcase classname="tests.test_session_persistence_p0p1p2.TestSessionPersistenceP0" name="test_auth_me_returns_401_on_invalid_session" time="0.220" /><testcase classname="tests.test_session_persistence_p0p1p2.TestSessionPersistenceP0" name="test_auth_me_rate_limit_threshold" time="0.000"><error message="failed on setup with &quot;AssertionError: No session_token in response: {'user_id': 'user_4b5a68d2f7c6', 'email': 'admin@realaicoach.app', 'name': 'RealAICoach', 'subscription_plan': 'premium', 'subscription_status': 'active', 'is_admin': True, 'full_access': True, 'roles': ['admin', 'premium', 'user'], 'role': 'admin', 'email_verified': False, 'profile_image': '', 'welcome_back': True, 'last_active_route': '/dashboard', 'last_active_at': '2026-05-16T23:41:42.947005+00:00', 'theme_preference': 'light', 'language_preference': 'en', 'currency_preference': None, 'tenant_id': None, 'organization_id': None, 'company_id': None, 'workspace_id': None, 'tenant_disclaimer_profile': 'default', 'risk_level': 'medium', 'risk_score': 52, 'risk_engine_status': 'ACTIVE', 'risk_output': 'RISK_ENGINE_STATUS: ACTIVE\nRISK_SCORE: 52\nRISK_LEVEL: MEDIUM\nTRIGGER: STEP_UP_MFA\nFALSE_POSITIVE_RATE: 1.0%\nSESSION_PROTECTION: MFA_CHALLENGE\nCONFIDENCE: 98.0%', 'e2e_otp_bypass_applied': False}&#10;assert None&quot;">tests/test_session_persistence_p0p1p2.py:49: in admin_session
    assert token, f"No session_token in response: {data}"
E   AssertionError: No session_token in response: {'user_id': 'user_4b5a68d2f7c6', 'email': 'admin@realaicoach.app', 'name': 'RealAICoach', 'subscription_plan': 'premium', 'subscription_status': 'active', 'is_admin': True, 'full_access': True, 'roles': ['admin', 'premium', 'user'], 'role': 'admin', 'email_verified': False, 'profile_image': '', 'welcome_back': True, 'last_active_route': '/dashboard', 'last_active_at': '2026-05-16T23:41:42.947005+00:00', 'theme_preference': 'light', 'language_preference': 'en', 'currency_preference': None, 'tenant_id': None, 'organization_id': None, 'company_id': None, 'workspace_id': None, 'tenant_disclaimer_profile': 'default', 'risk_level': 'medium', 'risk_score': 52, 'risk_engine_status': 'ACTIVE', 'risk_output': 'RISK_ENGINE_STATUS: ACTIVE\nRISK_SCORE: 52\nRISK_LEVEL: MEDIUM\nTRIGGER: STEP_UP_MFA\nFALSE_POSITIVE_RATE: 1.0%\nSESSION_PROTECTION: MFA_CHALLENGE\nCONFIDENCE: 98.0%', 'e2e_otp_bypass_applied': False}
E   assert None</error></testcase><testcase classname="tests.test_session_persistence_p0p1p2.TestSessionTelemetryP1" name="test_session_bootstrap_telemetry_endpoint_accepts_payload" time="0.812"><failure message="AssertionError: Telemetry endpoint failed: 403 - {&quot;detail&quot;: &quot;CSRF validation failed&quot;, &quot;code&quot;: &quot;CSRF_BLOCKED&quot;}&#10;assert 403 == 200&#10; +  where 403 = &lt;Response [403]&gt;.status_code">tests/test_session_persistence_p0p1p2.py:123: in test_session_bootstrap_telemetry_endpoint_accepts_payload
    assert response.status_code == 200, f"Telemetry endpoint failed: {response.status_code} - {response.text}"
E   AssertionError: Telemetry endpoint failed: 403 - {"detail": "CSRF validation failed", "code": "CSRF_BLOCKED"}
E   assert 403 == 200
E    +  where 403 = &lt;Response [403]&gt;.status_code</failure></testcase><testcase classname="tests.test_session_persistence_p0p1p2.TestSessionTelemetryP1" name="test_session_bootstrap_telemetry_requires_reason_code" time="0.123"><failure message="AssertionError: Expected 400/422 without reason_code, got 403&#10;assert (403 == 400 or 403 == 422)&#10; +  where 403 = &lt;Response [403]&gt;.status_code&#10; +  and   403 = &lt;Response [403]&gt;.status_code">tests/test_session_persistence_p0p1p2.py:141: in test_session_bootstrap_telemetry_requires_reason_code
    assert response.status_code == 400 or response.status_code == 422, \
E   AssertionError: Expected 400/422 without reason_code, got 403
E   assert (403 == 400 or 403 == 422)
E    +  where 403 = &lt;Response [403]&gt;.status_code
E    +  and   403 = &lt;Response [403]&gt;.status_code</failure></testcase><testcase classname="tests.test_session_persistence_p0p1p2.TestSessionTelemetryP1" name="test_session_bootstrap_telemetry_various_reason_codes" time="0.114"><failure message="AssertionError: Failed for auth_me_unauthorized: 403&#10;assert 403 == 200&#10; +  where 403 = &lt;Response [403]&gt;.status_code">tests/test_session_persistence_p0p1p2.py:168: in test_session_bootstrap_telemetry_various_reason_codes
    assert response.status_code == 200, f"Failed for {reason_code}: {response.status_code}"
E   AssertionError: Failed for auth_me_unauthorized: 403
E   assert 403 == 200
E    +  where 403 = &lt;Response [403]&gt;.status_code</failure></testcase><testcase classname="tests.test_session_persistence_p0p1p2.TestSessionRenewalP2" name="test_renew_session_endpoint_works" time="0.409"><error message="failed on setup with &quot;AssertionError: No session_token in response: {'user_id': 'user_4b5a68d2f7c6', 'email': 'admin@realaicoach.app', 'name': 'RealAICoach', 'subscription_plan': 'premium', 'subscription_status': 'active', 'is_admin': True, 'full_access': True, 'roles': ['admin', 'premium', 'user'], 'role': 'admin', 'email_verified': False, 'profile_image': '', 'welcome_back': True, 'last_active_route': '/dashboard', 'last_active_at': '2026-05-16T23:41:42.947005+00:00', 'theme_preference': 'light', 'language_preference': 'en', 'currency_preference': None, 'tenant_id': None, 'organization_id': None, 'company_id': None, 'workspace_id': None, 'tenant_disclaimer_profile': 'default', 'risk_level': 'medium', 'risk_score': 54, 'risk_engine_status': 'ACTIVE', 'risk_output': 'RISK_ENGINE_STATUS: ACTIVE\nRISK_SCORE: 54\nRISK_LEVEL: MEDIUM\nTRIGGER: STEP_UP_MFA\nFALSE_POSITIVE_RATE: 1.0%\nSESSION_PROTECTION: MFA_CHALLENGE\nCONFIDENCE: 98.0%', 'e2e_otp_bypass_applied': False}&#10;assert None&quot;">tests/test_session_persistence_p0p1p2.py:191: in admin_session
    assert token, f"No session_token in response: {data}"
E   AssertionError: No session_token in response: {'user_id': 'user_4b5a68d2f7c6', 'email': 'admin@realaicoach.app', 'name': 'RealAICoach', 'subscription_plan': 'premium', 'subscription_status': 'active', 'is_admin': True, 'full_access': True, 'roles': ['admin', 'premium', 'user'], 'role': 'admin', 'email_verified': False, 'profile_image': '', 'welcome_back': True, 'last_active_route': '/dashboard', 'last_active_at': '2026-05-16T23:41:42.947005+00:00', 'theme_preference': 'light', 'language_preference': 'en', 'currency_preference': None, 'tenant_id': None, 'organization_id': None, 'company_id': None, 'workspace_id': None, 'tenant_disclaimer_profile': 'default', 'risk_level': 'medium', 'risk_score': 54, 'risk_engine_status': 'ACTIVE', 'risk_output': 'RISK_ENGINE_STATUS: ACTIVE\nRISK_SCORE: 54\nRISK_LEVEL: MEDIUM\nTRIGGER: STEP_UP_MFA\nFALSE_POSITIVE_RATE: 1.0%\nSESSION_PROTECTION: MFA_CHALLENGE\nCONFIDENCE: 98.0%', 'e2e_otp_bypass_applied': False}
E   assert None</error></testcase><testcase classname="tests.test_session_persistence_p0p1p2.TestSessionRenewalP2" name="test_renew_session_requires_auth" time="0.095"><failure message="AssertionError: Expected 401, got 403&#10;assert 403 == 401&#10; +  where 403 = &lt;Response [403]&gt;.status_code">tests/test_session_persistence_p0p1p2.py:226: in test_renew_session_requires_auth
    assert response.status_code == 401, f"Expected 401, got {response.status_code}"
E   AssertionError: Expected 401, got 403
E   assert 403 == 401
E    +  where 403 = &lt;Response [403]&gt;.status_code</failure></testcase><testcase classname="tests.test_session_persistence_p0p1p2.TestSessionRenewalP2" name="test_renewed_token_is_valid" time="0.000"><error message="failed on setup with &quot;AssertionError: No session_token in response: {'user_id': 'user_4b5a68d2f7c6', 'email': 'admin@realaicoach.app', 'name': 'RealAICoach', 'subscription_plan': 'premium', 'subscription_status': 'active', 'is_admin': True, 'full_access': True, 'roles': ['admin', 'premium', 'user'], 'role': 'admin', 'email_verified': False, 'profile_image': '', 'welcome_back': True, 'last_active_route': '/dashboard', 'last_active_at': '2026-05-16T23:41:42.947005+00:00', 'theme_preference': 'light', 'language_preference': 'en', 'currency_preference': None, 'tenant_id': None, 'organization_id': None, 'company_id': None, 'workspace_id': None, 'tenant_disclaimer_profile': 'default', 'risk_level': 'medium', 'risk_score': 54, 'risk_engine_status': 'ACTIVE', 'risk_output': 'RISK_ENGINE_STATUS: ACTIVE\nRISK_SCORE: 54\nRISK_LEVEL: MEDIUM\nTRIGGER: STEP_UP_MFA\nFALSE_POSITIVE_RATE: 1.0%\nSESSION_PROTECTION: MFA_CHALLENGE\nCONFIDENCE: 98.0%', 'e2e_otp_bypass_applied': False}&#10;assert None&quot;">tests/test_session_persistence_p0p1p2.py:191: in admin_session
    assert token, f"No session_token in response: {data}"
E   AssertionError: No session_token in response: {'user_id': 'user_4b5a68d2f7c6', 'email': 'admin@realaicoach.app', 'name': 'RealAICoach', 'subscription_plan': 'premium', 'subscription_status': 'active', 'is_admin': True, 'full_access': True, 'roles': ['admin', 'premium', 'user'], 'role': 'admin', 'email_verified': False, 'profile_image': '', 'welcome_back': True, 'last_active_route': '/dashboard', 'last_active_at': '2026-05-16T23:41:42.947005+00:00', 'theme_preference': 'light', 'language_preference': 'en', 'currency_preference': None, 'tenant_id': None, 'organization_id': None, 'company_id': None, 'workspace_id': None, 'tenant_disclaimer_profile': 'default', 'risk_level': 'medium', 'risk_score': 54, 'risk_engine_status': 'ACTIVE', 'risk_output': 'RISK_ENGINE_STATUS: ACTIVE\nRISK_SCORE: 54\nRISK_LEVEL: MEDIUM\nTRIGGER: STEP_UP_MFA\nFALSE_POSITIVE_RATE: 1.0%\nSESSION_PROTECTION: MFA_CHALLENGE\nCONFIDENCE: 98.0%', 'e2e_otp_bypass_applied': False}
E   assert None</error></testcase><testcase classname="tests.test_session_persistence_p0p1p2.TestRateLimiterConfiguration" name="test_auth_me_rate_limit_header" time="0.683"><failure message="AssertionError: auth/me failed: 401&#10;assert 401 == 200&#10; +  where 401 = &lt;Response [401]&gt;.status_code">tests/test_session_persistence_p0p1p2.py:284: in test_auth_me_rate_limit_header
    assert response.status_code == 200, f"auth/me failed: {response.status_code}"
E   AssertionError: auth/me failed: 401
E   assert 401 == 200
E    +  where 401 = &lt;Response [401]&gt;.status_code</failure></testcase><testcase classname="tests.test_session_persistence_p0p1p2.TestHealthAndConnectivity" name="test_api_health" time="0.087" /><testcase classname="tests.test_session_persistence_p0p1p2.TestHealthAndConnectivity" name="test_login_endpoint_reachable" time="0.195" /></testsuite></testsuites>