<?xml version="1.0" encoding="utf-8"?><testsuites name="pytest tests"><testsuite name="pytest" errors="0" failures="0" skipped="0" tests="58" time="5.736" timestamp="2026-07-12T04:53:24.302349+00:00" hostname="agent-env-af180bcb-e517-4f92-afe0-33fd2175f908"><testcase classname="tests.test_receipt_watermark_iter861_live" name="test_receipt_pdf_200_and_content_type" time="0.470" /><testcase classname="tests.test_receipt_watermark_iter861_live" name="test_watermark_brand_name_appears_at_least_three_times" time="0.005" /><testcase classname="tests.test_receipt_watermark_iter861_live" name="test_watermark_doc_number_appears_at_least_four_times" time="0.004" /><testcase classname="tests.test_receipt_watermark_iter861_live" name="test_watermark_region_has_light_gray_pixels_not_full_black" time="0.039" /><testcase classname="tests.test_receipt_watermark_iter861_live" name="test_watermark_does_not_overlap_qr_trust_panel_or_footer" time="0.004" /><testcase classname="tests.test_receipt_watermark_iter861_live" name="test_no_pdf_v15_tokens" time="0.004" /><testcase classname="tests.test_receipt_watermark_iter861_live" name="test_branded_header_and_masthead_tokens" time="0.004" /><testcase classname="tests.test_receipt_watermark_iter861_live" name="test_invoice_forbidden_for_free_user" time="0.036" /><testcase classname="tests.test_receipt_watermark_iter861_live" name="test_content_document_receipt_200" time="0.123" /><testcase classname="tests.test_receipt_watermark_iter861_live" name="test_unauth_receipt_401" time="0.123" /><testcase classname="tests.test_receipt_watermark_iter861_live" name="test_receipt_pdf_reasonable_size" time="0.000" /><testcase classname="tests.test_receipt_watermark_iter861_live" name="test_doc_number_matches_expected_pattern" time="0.004" /><testcase classname="tests.test_receipt_invoice_pro_pdf" name="test_receipt_pdf_generates_valid_pdf" time="0.150" /><testcase classname="tests.test_receipt_invoice_pro_pdf" name="test_invoice_pdf_generates_valid_pdf" time="0.081" /><testcase classname="tests.test_receipt_invoice_pro_pdf" name="test_totals_and_line_items_present" time="0.081" /><testcase classname="tests.test_receipt_invoice_pro_pdf" name="test_canonical_premium_plan_price" time="0.080" /><testcase classname="tests.test_receipt_invoice_pro_pdf" name="test_no_global_v15_policy_chrome_on_output" time="0.264" /><testcase classname="tests.test_receipt_invoice_pro_pdf" name="test_timeline_present" time="0.082" /><testcase classname="tests.test_receipt_invoice_pro_pdf" name="test_explainability_panel_transparency_on_off" time="0.160" /><testcase classname="tests.test_receipt_invoice_pro_pdf" name="test_hash_and_signature_present" time="0.080" /><testcase classname="tests.test_receipt_invoice_pro_pdf" name="test_i18n_localized_invoice[fr-FACTURE-PAY]" time="0.081" /><testcase classname="tests.test_receipt_invoice_pro_pdf" name="test_i18n_localized_invoice[es-FACTURA-PAGADO]" time="0.081" /><testcase classname="tests.test_receipt_invoice_pro_pdf" name="test_i18n_localized_invoice[pt-FATURA-PAGO]" time="0.081" /><testcase classname="tests.test_receipt_invoice_pro_pdf" name="test_arabic_locale_falls_back_to_english" time="0.081" /><testcase classname="tests.test_receipt_invoice_pro_pdf" name="test_status_variants[initiated-PENDING]" time="0.080" /><testcase classname="tests.test_receipt_invoice_pro_pdf" name="test_status_variants[failed-FAILED]" time="0.080" /><testcase classname="tests.test_receipt_invoice_pro_pdf" name="test_no_decimal_currency_formatting" time="0.080" /><testcase classname="tests.test_receipt_invoice_pro_pdf" name="test_wrapper_delegates_to_pro_and_enforces_v15" time="0.080" /><testcase classname="tests.test_receipt_invoice_pro_pdf" name="test_wrapper_falls_back_on_pro_failure" time="0.047" /><testcase classname="tests.test_receipt_invoice_pro_pdf" name="test_qr_toggle_respected" time="0.055" /><testcase classname="tests.test_receipt_invoice_pro_pdf" name="test_brand_watermark_fills_blank_space" time="0.081" /><testcase classname="tests.test_receipt_invoice_pro_pdf" name="test_brand_watermark_present_when_transparency_off" time="0.079" /><testcase classname="tests.test_receipt_invoice_pro_pdf" name="test_brand_watermark_on_invoice" time="0.081" /><testcase classname="tests.test_receipt_pdf_pro_e2e_iter857" name="test_unauth_relay_receipt_returns_401" time="0.081" /><testcase classname="tests.test_receipt_pdf_pro_e2e_iter857" name="test_content_document_invalid_doc_type_returns_400" time="0.382" /><testcase classname="tests.test_receipt_pdf_pro_e2e_iter857" name="test_content_document_missing_payment_id_returns_400" time="0.046" /><testcase classname="tests.test_receipt_pdf_pro_e2e_iter857" name="test_free_user_receipt_via_relay_returns_pdf" time="0.132" /><testcase classname="tests.test_receipt_pdf_pro_e2e_iter857" name="test_free_user_receipt_via_content_document_returns_pdf" time="0.127" /><testcase classname="tests.test_receipt_pdf_pro_e2e_iter857" name="test_free_user_invoice_returns_403_plan_gate" time="0.079" /><testcase classname="tests.test_receipt_pdf_pro_e2e_iter857" name="test_receipt_pdf_contains_required_sections" time="0.135" /><testcase classname="tests.test_receipt_pdf_pro_e2e_iter857" name="test_payment_history_csv_export_via_relay" time="0.040" /><testcase classname="tests.test_receipt_pdf_pro_e2e_iter857" name="test_payment_history_tool_csv_html_via_relay" time="0.046" /><testcase classname="tests.test_receipt_pdf_pro_fixverify_iter858" name="test_free_receipt_via_content_document_is_200_pdf" time="0.470" /><testcase classname="tests.test_receipt_pdf_pro_fixverify_iter858" name="test_free_invoice_via_relay_f_returns_403" time="0.041" /><testcase classname="tests.test_receipt_pdf_pro_fixverify_iter858" name="test_free_invoice_via_relay_v_returns_403" time="0.080" /><testcase classname="tests.test_receipt_pdf_pro_fixverify_iter858" name="test_free_invoice_via_asset_f_returns_403" time="0.043" /><testcase classname="tests.test_receipt_pdf_pro_fixverify_iter858" name="test_free_invoice_via_content_document_structured_403" time="0.040" /><testcase classname="tests.test_receipt_pdf_pro_fixverify_iter858" name="test_free_receipt_via_relay_still_200" time="0.120" /><testcase classname="tests.test_receipt_pdf_pro_fixverify_iter858" name="test_bogus_doc_type_returns_400" time="0.041" /><testcase classname="tests.test_receipt_pdf_pro_fixverify_iter858" name="test_missing_payment_id_returns_400" time="0.044" /><testcase classname="tests.test_receipt_pdf_pro_fixverify_iter858" name="test_unauth_relay_receipt_returns_401" time="0.099" /><testcase classname="tests.test_receipt_pdf_pro_fixverify_iter858" name="test_admin_invoice_not_blocked_by_plan_gate" time="0.463" /><testcase classname="tests.test_receipt_pdf_pro_fixverify_iter858" name="test_admin_receipt_not_blocked_by_plan_gate" time="0.085" /><testcase classname="tests.test_pdf_v15_global_overlay_contract" name="test_policy_retired_bytes_pass_through_unmodified" time="0.002" /><testcase classname="tests.test_pdf_v15_global_overlay_contract" name="test_export_helper_is_validated_passthrough" time="0.001" /><testcase classname="tests.test_pdf_v15_global_overlay_contract" name="test_export_helper_rejects_non_pdf_bytes" time="0.000" /><testcase classname="tests.test_pdf_v15_global_overlay_contract" name="test_non_pdf_payload_mode_preserved" time="0.000" /><testcase classname="tests.test_pdf_v15_global_overlay_contract" name="test_middleware_not_mounted_in_server" time="0.000" /></testsuite></testsuites>