<?xml version="1.0" encoding="utf-8"?><testsuites name="pytest tests"><testsuite name="pytest" errors="0" failures="0" skipped="0" tests="13" time="51.075" timestamp="2026-07-14T19:50:03.166831+00:00" hostname="agent-env-da41c1ce-3b38-466b-9649-c5764e2a9e01"><testcase classname="tests.test_coaching_digest_push_iter908.TestPushDigestAdmin" name="test_dry_run_summary_shape" time="1.315" /><testcase classname="tests.test_coaching_digest_push_iter908.TestPushDigestAdmin" name="test_real_run_persists_and_lists" time="5.798" /><testcase classname="tests.test_coaching_digest_push_iter908.TestPushDigestAuthGuards" name="test_unauth_run_rejected" time="0.133" /><testcase classname="tests.test_coaching_digest_push_iter908.TestPushDigestAuthGuards" name="test_unauth_runs_list_rejected" time="0.054" /><testcase classname="tests.test_coaching_digest_push_iter908.TestPushDigestAuthGuards" name="test_free_user_run_forbidden" time="0.709" /><testcase classname="tests.test_coaching_digest_push_iter908.TestPushDigestAuthGuards" name="test_free_user_runs_list_forbidden" time="0.148" /><testcase classname="tests.test_coaching_digest_push_iter908.TestNotificationSettingsCoachingDigestPush" name="test_default_coaching_digest_push_true" time="0.104" /><testcase classname="tests.test_coaching_digest_push_iter908.TestNotificationSettingsCoachingDigestPush" name="test_regression_all_default_fields_present" time="0.097" /><testcase classname="tests.test_coaching_digest_push_iter908.TestNotificationSettingsCoachingDigestPush" name="test_put_opt_out_and_back_in" time="12.317" /><testcase classname="tests.test_coaching_digest_push_iter908.TestPushTokenAndDedupe" name="test_register_fake_expo_push_token" time="5.156" /><testcase classname="tests.test_coaching_digest_push_iter908.TestPushTokenAndDedupe" name="test_admin_real_run_after_token_and_then_dedupe" time="13.269" /><testcase classname="tests.test_coaching_digest_push_iter908.TestPushTokenAndDedupe" name="test_cleanup_delete_push_token" time="6.572" /><testcase classname="tests.test_coaching_digest_push_iter908.TestWeeklyEmailDigestRegression" name="test_admin_weekly_email_digest_dry_run" time="5.341" /></testsuite></testsuites>