<?xml version="1.0" encoding="utf-8"?><testsuites name="pytest tests"><testsuite name="pytest" errors="0" failures="2" skipped="0" tests="43" time="5.291" timestamp="2026-07-16T08:51:08.347679+00:00" hostname="agent-env-44f539e0-0d54-4632-a685-8b1dc7e745ee"><testcase classname="tests.test_admin_schema_leak_sweep_iter928" name="test_anon_empty_body_no_schema_leak[ai_alerts_config-PUT-/api/admin/ai-alerts/config]" time="0.090" /><testcase classname="tests.test_admin_schema_leak_sweep_iter928" name="test_anon_empty_body_no_schema_leak[ai_support_configure-POST-/api/admin/ai-support/configure]" time="0.096" /><testcase classname="tests.test_admin_schema_leak_sweep_iter928" name="test_anon_empty_body_no_schema_leak[scaling_rules_create-POST-/api/admin/scaling/rules]" time="0.091" /><testcase classname="tests.test_admin_schema_leak_sweep_iter928" name="test_anon_empty_body_no_schema_leak[scaling_rules_update-PUT-/api/admin/scaling/rules/test123]" time="0.073" /><testcase classname="tests.test_admin_schema_leak_sweep_iter928" name="test_anon_empty_body_no_schema_leak[scaling_trigger-POST-/api/admin/scaling/trigger]" time="0.103" /><testcase classname="tests.test_admin_schema_leak_sweep_iter928" name="test_anon_empty_body_no_schema_leak[executive_risk_actions-POST-/api/admin/executive/risk-actions]" time="0.120" /><testcase classname="tests.test_admin_schema_leak_sweep_iter928" name="test_anon_empty_body_no_schema_leak[iap_commission_policy-PUT-/api/iap/admin/commission-policy]" time="0.097" /><testcase classname="tests.test_admin_schema_leak_sweep_iter928" name="test_anon_empty_body_no_schema_leak[iap_sandbox_validation-POST-/api/iap/admin/run-live-sandbox-validation]" time="0.091" /><testcase classname="tests.test_admin_schema_leak_sweep_iter928" name="test_anon_empty_body_no_schema_leak[system_repair_config-POST-/api/admin/system/repair-config]" time="0.090" /><testcase classname="tests.test_admin_schema_leak_sweep_iter928" name="test_anon_empty_body_no_schema_leak[email_override_approve-POST-/api/email-notifications/template-policies/override-approval]" time="0.078" /><testcase classname="tests.test_admin_schema_leak_sweep_iter928" name="test_anon_empty_body_no_schema_leak[email_override_revoke-POST-/api/email-notifications/template-policies/override-revoke]" time="0.090" /><testcase classname="tests.test_admin_schema_leak_sweep_iter928" name="test_anon_empty_body_no_schema_leak[email_manual_override-POST-/api/email-notifications/overrides/manual]" time="0.079" /><testcase classname="tests.test_admin_schema_leak_sweep_iter928" name="test_anon_empty_body_no_schema_leak[jobs_admin_decide-POST-/api/jobs/admin/approvals/decide]" time="0.093" /><testcase classname="tests.test_admin_schema_leak_sweep_iter928" name="test_anon_empty_body_no_schema_leak[jobs_admin_respond-POST-/api/jobs/admin/support/respond]" time="0.111" /><testcase classname="tests.test_admin_schema_leak_sweep_iter928" name="test_non_admin_empty_body_no_schema_leak[ai_alerts_config-PUT-/api/admin/ai-alerts/config]" time="0.545" /><testcase classname="tests.test_admin_schema_leak_sweep_iter928" name="test_non_admin_empty_body_no_schema_leak[ai_support_configure-POST-/api/admin/ai-support/configure]" time="0.099" /><testcase classname="tests.test_admin_schema_leak_sweep_iter928" name="test_non_admin_empty_body_no_schema_leak[scaling_rules_create-POST-/api/admin/scaling/rules]" time="0.082" /><testcase classname="tests.test_admin_schema_leak_sweep_iter928" name="test_non_admin_empty_body_no_schema_leak[scaling_rules_update-PUT-/api/admin/scaling/rules/test123]" time="0.101" /><testcase classname="tests.test_admin_schema_leak_sweep_iter928" name="test_non_admin_empty_body_no_schema_leak[scaling_trigger-POST-/api/admin/scaling/trigger]" time="0.102" /><testcase classname="tests.test_admin_schema_leak_sweep_iter928" name="test_non_admin_empty_body_no_schema_leak[executive_risk_actions-POST-/api/admin/executive/risk-actions]" time="0.080" /><testcase classname="tests.test_admin_schema_leak_sweep_iter928" name="test_non_admin_empty_body_no_schema_leak[iap_commission_policy-PUT-/api/iap/admin/commission-policy]" time="0.121" /><testcase classname="tests.test_admin_schema_leak_sweep_iter928" name="test_non_admin_empty_body_no_schema_leak[iap_sandbox_validation-POST-/api/iap/admin/run-live-sandbox-validation]" time="0.104" /><testcase classname="tests.test_admin_schema_leak_sweep_iter928" name="test_non_admin_empty_body_no_schema_leak[system_repair_config-POST-/api/admin/system/repair-config]" time="0.087" /><testcase classname="tests.test_admin_schema_leak_sweep_iter928" name="test_non_admin_empty_body_no_schema_leak[email_override_approve-POST-/api/email-notifications/template-policies/override-approval]" time="0.099" /><testcase classname="tests.test_admin_schema_leak_sweep_iter928" name="test_non_admin_empty_body_no_schema_leak[email_override_revoke-POST-/api/email-notifications/template-policies/override-revoke]" time="0.095" /><testcase classname="tests.test_admin_schema_leak_sweep_iter928" name="test_non_admin_empty_body_no_schema_leak[email_manual_override-POST-/api/email-notifications/overrides/manual]" time="0.087" /><testcase classname="tests.test_admin_schema_leak_sweep_iter928" name="test_non_admin_empty_body_no_schema_leak[jobs_admin_decide-POST-/api/jobs/admin/approvals/decide]" time="0.094"><failure message="AssertionError: [jobs_admin_decide] non-admin: expected 401/403 got 410 body={&quot;detail&quot;:{&quot;message&quot;:&quot;Legacy /api/jobs write endpoint is permanently retired. Use v2 routes.&quot;,&quot;feature_number&quot;:26,&quot;feature_id&quot;:&quot;jobs-portal&quot;,&quot;route_family&quot;:&quot;jobs&quot;,&quot;retirement_mode&quot;:&quot;hard_retired&quot;,&quot;retirement_phase&quot;:&quot;hard_retired_cleanup&quot;,&quot;replacement_hint&quot;:&quot;/api/hiring/v2/*&quot;}}&#10;assert 410 in {401, 403}&#10; +  where 410 = &lt;Response [410]&gt;.status_code">tests/test_admin_schema_leak_sweep_iter928.py:164: in test_non_admin_empty_body_no_schema_leak
    assert r.status_code in BLOCK_STATUSES, (
E   AssertionError: [jobs_admin_decide] non-admin: expected 401/403 got 410 body={"detail":{"message":"Legacy /api/jobs write endpoint is permanently retired. Use v2 routes.","feature_number":26,"feature_id":"jobs-portal","route_family":"jobs","retirement_mode":"hard_retired","retirement_phase":"hard_retired_cleanup","replacement_hint":"/api/hiring/v2/*"}}
E   assert 410 in {401, 403}
E    +  where 410 = &lt;Response [410]&gt;.status_code</failure></testcase><testcase classname="tests.test_admin_schema_leak_sweep_iter928" name="test_non_admin_empty_body_no_schema_leak[jobs_admin_respond-POST-/api/jobs/admin/support/respond]" time="0.088"><failure message="AssertionError: [jobs_admin_respond] non-admin: expected 401/403 got 410 body={&quot;detail&quot;:{&quot;message&quot;:&quot;Legacy /api/jobs write endpoint is permanently retired. Use v2 routes.&quot;,&quot;feature_number&quot;:26,&quot;feature_id&quot;:&quot;jobs-portal&quot;,&quot;route_family&quot;:&quot;jobs&quot;,&quot;retirement_mode&quot;:&quot;hard_retired&quot;,&quot;retirement_phase&quot;:&quot;hard_retired_cleanup&quot;,&quot;replacement_hint&quot;:&quot;/api/hiring/v2/*&quot;}}&#10;assert 410 in {401, 403}&#10; +  where 410 = &lt;Response [410]&gt;.status_code">tests/test_admin_schema_leak_sweep_iter928.py:164: in test_non_admin_empty_body_no_schema_leak
    assert r.status_code in BLOCK_STATUSES, (
E   AssertionError: [jobs_admin_respond] non-admin: expected 401/403 got 410 body={"detail":{"message":"Legacy /api/jobs write endpoint is permanently retired. Use v2 routes.","feature_number":26,"feature_id":"jobs-portal","route_family":"jobs","retirement_mode":"hard_retired","retirement_phase":"hard_retired_cleanup","replacement_hint":"/api/hiring/v2/*"}}
E   assert 410 in {401, 403}
E    +  where 410 = &lt;Response [410]&gt;.status_code</failure></testcase><testcase classname="tests.test_admin_schema_leak_sweep_iter928" name="test_admin_empty_body_guard_passes[ai_alerts_config-PUT-/api/admin/ai-alerts/config]" time="0.461" /><testcase classname="tests.test_admin_schema_leak_sweep_iter928" name="test_admin_empty_body_guard_passes[ai_support_configure-POST-/api/admin/ai-support/configure]" time="0.112" /><testcase classname="tests.test_admin_schema_leak_sweep_iter928" name="test_admin_empty_body_guard_passes[scaling_rules_create-POST-/api/admin/scaling/rules]" time="0.098" /><testcase classname="tests.test_admin_schema_leak_sweep_iter928" name="test_admin_empty_body_guard_passes[scaling_rules_update-PUT-/api/admin/scaling/rules/test123]" time="0.102" /><testcase classname="tests.test_admin_schema_leak_sweep_iter928" name="test_admin_empty_body_guard_passes[scaling_trigger-POST-/api/admin/scaling/trigger]" time="0.116" /><testcase classname="tests.test_admin_schema_leak_sweep_iter928" name="test_admin_empty_body_guard_passes[executive_risk_actions-POST-/api/admin/executive/risk-actions]" time="0.093" /><testcase classname="tests.test_admin_schema_leak_sweep_iter928" name="test_admin_empty_body_guard_passes[iap_commission_policy-PUT-/api/iap/admin/commission-policy]" time="0.092" /><testcase classname="tests.test_admin_schema_leak_sweep_iter928" name="test_admin_empty_body_guard_passes[iap_sandbox_validation-POST-/api/iap/admin/run-live-sandbox-validation]" time="0.326" /><testcase classname="tests.test_admin_schema_leak_sweep_iter928" name="test_admin_empty_body_guard_passes[system_repair_config-POST-/api/admin/system/repair-config]" time="0.123" /><testcase classname="tests.test_admin_schema_leak_sweep_iter928" name="test_admin_empty_body_guard_passes[email_override_approve-POST-/api/email-notifications/template-policies/override-approval]" time="0.089" /><testcase classname="tests.test_admin_schema_leak_sweep_iter928" name="test_admin_empty_body_guard_passes[email_override_revoke-POST-/api/email-notifications/template-policies/override-revoke]" time="0.088" /><testcase classname="tests.test_admin_schema_leak_sweep_iter928" name="test_admin_empty_body_guard_passes[email_manual_override-POST-/api/email-notifications/overrides/manual]" time="0.126" /><testcase classname="tests.test_admin_schema_leak_sweep_iter928" name="test_admin_empty_body_guard_passes[jobs_admin_decide-POST-/api/jobs/admin/approvals/decide]" time="0.080" /><testcase classname="tests.test_admin_schema_leak_sweep_iter928" name="test_admin_empty_body_guard_passes[jobs_admin_respond-POST-/api/jobs/admin/support/respond]" time="0.103" /><testcase classname="tests.test_admin_schema_leak_sweep_iter928" name="test_id_checker_send_message_allows_non_admin" time="0.095" /></testsuite></testsuites>