<?xml version="1.0" encoding="utf-8"?><testsuites name="pytest tests"><testsuite name="pytest" errors="0" failures="0" skipped="0" tests="28" time="8.053" timestamp="2026-07-10T18:47:31.315390+00:00" hostname="agent-env-c4c3b966-ee5f-4ee9-a502-45d4f6ca60fc"><testcase classname="tests.test_checkpoint_b_public.TestPublicEndpointContract" name="test_subscriptions_plans_public" time="0.096" /><testcase classname="tests.test_checkpoint_b_public.TestPublicEndpointContract" name="test_gps_state_public" time="0.098" /><testcase classname="tests.test_checkpoint_b_public.TestPublicEndpointContract" name="test_gps_health_public" time="0.087" /><testcase classname="tests.test_checkpoint_b_public.TestPublicEndpointContract" name="test_features_registry_public" time="0.092" /><testcase classname="tests.test_checkpoint_b_public.TestPublicEndpointContract" name="test_live_metrics_public" time="0.083" /><testcase classname="tests.test_checkpoint_b_public.TestGPSAliveContract" name="test_gps_health_completeness" time="0.120" /><testcase classname="tests.test_checkpoint_b_public.TestFeatureFreshnessConsistency" name="test_features_registry_gps_state_consistency" time="0.199" /><testcase classname="tests.test_checkpoint_b_public.TestPublicAPIContractFromCode" name="test_public_api_contract_endpoints" time="0.484" /><testcase classname="tests.test_feature22_games_station.TestFpsBootstrapContract" name="test_bootstrap_returns_canonical_feature_id_and_fps_title" time="4.528" /><testcase classname="tests.test_feature22_games_station.TestFpsBootstrapContract" name="test_bootstrap_has_plan_and_quota" time="0.090" /><testcase classname="tests.test_feature22_games_station.TestFpsBootstrapContract" name="test_bootstrap_exposes_repo_player_models" time="0.104" /><testcase classname="tests.test_feature22_games_station.TestFpsBootstrapContract" name="test_bootstrap_requires_auth" time="0.082" /><testcase classname="tests.test_feature22_games_station.TestFpsRoomsFlow" name="test_join_or_create_room" time="0.098" /><testcase classname="tests.test_feature22_games_station.TestFpsRoomsFlow" name="test_join_room_rejects_empty_name" time="0.096" /><testcase classname="tests.test_feature22_games_station.TestFpsRoomsFlow" name="test_invalid_model_falls_back_to_policeman" time="0.091" /><testcase classname="tests.test_feature22_games_station.TestFpsRoomsFlow" name="test_rooms_listing" time="0.107" /><testcase classname="tests.test_feature22_games_station.TestFpsStatsEndpoints" name="test_leaderboard" time="0.101" /><testcase classname="tests.test_feature22_games_station.TestFpsStatsEndpoints" name="test_profile" time="0.093" /><testcase classname="tests.test_feature22_games_station.TestFpsStatsEndpoints" name="test_match_history" time="0.101" /><testcase classname="tests.test_feature22_games_station.TestFeatureRegistryMigration" name="test_registry_reports_fps_game_title" time="0.089" /><testcase classname="tests.test_iter816_fps_viral_loop.TestHomeBadgesTotalEight" name="test_badges_total_is_eight_with_fps_ids" time="0.481" /><testcase classname="tests.test_iter816_fps_viral_loop.TestHomeBadgesTotalEight" name="test_fps_first_blood_earned_for_admin" time="0.086" /><testcase classname="tests.test_iter816_fps_viral_loop.TestHomeBadgesTotalEight" name="test_fps_arena_legend_has_progress" time="0.152" /><testcase classname="tests.test_iter816_fps_viral_loop.TestTodayPulseBadgesTotalBump" name="test_today_pulse_reports_badges_total_eight" time="0.048" /><testcase classname="tests.test_iter816_fps_viral_loop.TestGamificationActivityFeed" name="test_activity_feed_returns_ok" time="0.094" /><testcase classname="tests.test_iter816_fps_viral_loop.TestGamificationActivityFeed" name="test_feed_contains_fps_badge_earned" time="0.046" /><testcase classname="tests.test_iter816_fps_viral_loop.TestHomeActivityFeedFpsStreak" name="test_home_activity_feed_returns_ok" time="0.112" /><testcase classname="tests.test_iter816_fps_viral_loop.TestHomeActivityFeedFpsStreak" name="test_home_activity_feed_may_contain_fps_streak_milestone" time="0.070" /></testsuite></testsuites>