<?xml version="1.0" encoding="utf-8"?><testsuites name="pytest tests"><testsuite name="pytest" errors="0" failures="0" skipped="0" tests="11" time="1.832" timestamp="2026-07-12T03:28:07.680321+00:00" hostname="agent-env-af180bcb-e517-4f92-afe0-33fd2175f908"><testcase classname="tests.test_receipt_pdf_pro_fixverify_iter858" name="test_free_receipt_via_content_document_is_200_pdf" time="0.643" /><testcase classname="tests.test_receipt_pdf_pro_fixverify_iter858" name="test_free_invoice_via_relay_f_returns_403" time="0.039" /><testcase classname="tests.test_receipt_pdf_pro_fixverify_iter858" name="test_free_invoice_via_relay_v_returns_403" time="0.039" /><testcase classname="tests.test_receipt_pdf_pro_fixverify_iter858" name="test_free_invoice_via_asset_f_returns_403" time="0.042" /><testcase classname="tests.test_receipt_pdf_pro_fixverify_iter858" name="test_free_invoice_via_content_document_structured_403" time="0.040" /><testcase classname="tests.test_receipt_pdf_pro_fixverify_iter858" name="test_free_receipt_via_relay_still_200" time="0.189" /><testcase classname="tests.test_receipt_pdf_pro_fixverify_iter858" name="test_bogus_doc_type_returns_400" time="0.042" /><testcase classname="tests.test_receipt_pdf_pro_fixverify_iter858" name="test_missing_payment_id_returns_400" time="0.078" /><testcase classname="tests.test_receipt_pdf_pro_fixverify_iter858" name="test_unauth_relay_receipt_returns_401" time="0.128" /><testcase classname="tests.test_receipt_pdf_pro_fixverify_iter858" name="test_admin_invoice_not_blocked_by_plan_gate" time="0.490" /><testcase classname="tests.test_receipt_pdf_pro_fixverify_iter858" name="test_admin_receipt_not_blocked_by_plan_gate" time="0.037" /></testsuite></testsuites>