<?xml version="1.0" encoding="utf-8"?><testsuites name="pytest tests"><testsuite name="pytest" errors="0" failures="0" skipped="3" tests="38" time="10.371" timestamp="2026-07-16T00:08:29.714628+00:00" hostname="agent-env-cb09c686-9e31-4aa4-ae29-70345ca86378"><testcase classname="tests.test_preprod_entitlement_lock.TestEntitlementLockEndpoint" name="test_admin_get_lock_shape" time="0.386" /><testcase classname="tests.test_preprod_entitlement_lock.TestEntitlementLockEndpoint" name="test_free_user_cannot_read_lock" time="0.414" /><testcase classname="tests.test_preprod_entitlement_lock.TestAuthMeEffectivePlan" name="test_admin_me_privileged" time="0.062" /><testcase classname="tests.test_preprod_entitlement_lock.TestAuthMeEffectivePlan" name="test_free_user_me_free" time="0.034" /><testcase classname="tests.test_preprod_entitlement_lock.TestAuthMeEffectivePlan" name="test_former_premium_when_lock_active" time="0.325"><skipped type="pytest.skip" message="Lock is OFF — former-premium plan resolution not enforced by lock.">/app/backend/tests/test_preprod_entitlement_lock.py:117: Lock is OFF — former-premium plan resolution not enforced by lock.</skipped></testcase><testcase classname="tests.test_preprod_entitlement_lock.TestPaidCheckoutState" name="test_stripe_create_checkout[basic]" time="1.102" /><testcase classname="tests.test_preprod_entitlement_lock.TestPaidCheckoutState" name="test_stripe_create_checkout[premium]" time="0.758" /><testcase classname="tests.test_preprod_entitlement_lock.TestPaidCheckoutState" name="test_revenue_upgrade_state" time="0.080" /><testcase classname="tests.test_preprod_entitlement_lock.TestSubscriptionGatedFeatures" name="test_gated_endpoint_upsell_when_lock_off[/api/ai-copywriter/generate]" time="0.077" /><testcase classname="tests.test_preprod_entitlement_lock.TestSubscriptionGatedFeatures" name="test_gated_endpoint_upsell_when_lock_off[/api/watch-videos/premium/list]" time="0.077" /><testcase classname="tests.test_preprod_entitlement_lock.TestSubscriptionGatedFeatures" name="test_gated_endpoint_upsell_when_lock_off[/api/travel-planner/premium-features]" time="0.038" /><testcase classname="tests.test_preprod_entitlement_lock.TestAdminToggleLockRoundTrip" name="test_toggle_round_trip_restores_state" time="0.294" /><testcase classname="tests.test_preprod_entitlement_lock.TestDBIntegrity" name="test_no_nonadmin_paid_users_when_lock_active" time="0.000"><skipped type="pytest.skip" message="Lock is OFF — non-admin paid users are permitted.">/app/backend/tests/test_preprod_entitlement_lock.py:258: Lock is OFF — non-admin paid users are permitted.</skipped></testcase><testcase classname="tests.test_preprod_entitlement_lock.TestRegressionSmoke" name="test_free_user_home_endpoints" time="0.153" /><testcase classname="tests.test_preprod_entitlement_lock.TestRegressionSmoke" name="test_admin_home" time="0.074" /><testcase classname="tests.test_preprod_entitlement_lock.TestRegressionSmoke" name="test_health" time="0.108" /><testcase classname="tests.test_travel_visa_country_track_iter915.TestCountryTrackFree" name="test_us_track_free" time="0.406" /><testcase classname="tests.test_travel_visa_country_track_iter915.TestCountryTrackFree" name="test_invalid_country_404" time="0.041" /><testcase classname="tests.test_travel_visa_country_track_iter915.TestCountryTrackFree" name="test_unauthenticated_401" time="0.079" /><testcase classname="tests.test_travel_visa_country_track_iter915.TestCountryTrackAdmin" name="test_us_track_admin" time="3.973" /><testcase classname="tests.test_travel_visa_country_track_iter915.TestTelemetry" name="test_telemetry_insert_on_call" time="0.156"><skipped type="pytest.skip" message="MONGO_URL/DB_NAME not available in test env">/app/backend/tests/test_travel_visa_country_track_iter915.py:127: MONGO_URL/DB_NAME not available in test env</skipped></testcase><testcase classname="tests.test_gtec_directive_selfheal_iter916.TestPackagedCanonicalCopy" name="test_packaged_copy_exists_and_is_large" time="0.000" /><testcase classname="tests.test_gtec_directive_selfheal_iter916.TestPackagedCanonicalCopy" name="test_packaged_copy_matches_memory_directive" time="0.000" /><testcase classname="tests.test_gtec_directive_selfheal_iter916.TestSelfHealMissingFile" name="test_missing_directive_selfheals_without_raise" time="0.187" /><testcase classname="tests.test_gtec_directive_selfheal_iter916.TestSelfHealTruncatedFile" name="test_truncated_directive_selfheals" time="0.006" /><testcase classname="tests.test_gtec_directive_selfheal_iter916.TestSelfHealBothUnavailable" name="test_both_missing_raises" time="0.022" /><testcase classname="tests.test_gtec_directive_selfheal_iter916.TestBackendLiveHealth" name="test_health_endpoint_200" time="0.246" /><testcase classname="tests.test_gtec_directive_selfheal_iter916.TestBackendLiveHealth" name="test_gtec_directive_state_public" time="0.083" /><testcase classname="tests.test_gtec_directive_selfheal_iter916.TestBackendLiveHealth" name="test_admin_login_regression" time="0.370" /><testcase classname="tests.test_gtec_directive_selfheal_iter919.TestThreeWaySync" name="test_all_three_sources_identical_content" time="0.001" /><testcase classname="tests.test_gtec_directive_selfheal_iter919.TestThreeWaySync" name="test_embedded_module_directly_importable" time="0.000" /><testcase classname="tests.test_gtec_directive_selfheal_iter919.TestTier1SelfHealFromPackagedMd" name="test_missing_directive_selfheals_from_packaged_md" time="0.002" /><testcase classname="tests.test_gtec_directive_selfheal_iter919.TestTier2SelfHealFromEmbeddedPy" name="test_selfheals_from_embedded_when_packaged_md_missing" time="0.002" /><testcase classname="tests.test_gtec_directive_selfheal_iter919.TestTier2SelfHealFromEmbeddedPy" name="test_read_packaged_directive_helper_falls_through_to_embedded" time="0.001" /><testcase classname="tests.test_gtec_directive_selfheal_iter919.TestAllTiersUnavailableRaises" name="test_all_three_missing_raises_runtime_error" time="0.001" /><testcase classname="tests.test_gtec_directive_selfheal_iter919.TestBackendLive" name="test_health_200" time="0.072" /><testcase classname="tests.test_gtec_directive_selfheal_iter919.TestBackendLive" name="test_directive_state_loaded" time="0.075" /><testcase classname="tests.test_gtec_directive_selfheal_iter919.TestBackendLive" name="test_admin_login_regression" time="0.447" /></testsuite></testsuites>