<?xml version="1.0" encoding="utf-8"?><testsuites name="pytest tests"><testsuite name="pytest" errors="0" failures="0" skipped="0" tests="9" time="3.395" timestamp="2026-07-11T22:17:22.593965+00:00" hostname="agent-env-591c91b8-e6a0-44b3-8b3c-6f8c92cb2ee2"><testcase classname="tests.test_travel_visa_certificate_pdf_content.TestFreshCertificatePDF" name="test_generate_fresh_certificate" time="1.800" /><testcase classname="tests.test_travel_visa_certificate_pdf_content.TestFreshCertificatePDF" name="test_fresh_certificate_pdf_content" time="0.101" /><testcase classname="tests.test_travel_visa_certificate_pdf_content.TestRegenerateFlow" name="test_regenerate_all" time="1.213" /><testcase classname="tests.test_travel_visa_certificate_pdf_content.TestRegenerateFlow" name="test_existing_cert_pdf_content_after_regenerate" time="0.100" /><testcase classname="tests.test_travel_visa_certificate_pdf_content.TestVerifyEndpoint" name="test_verify_html_valid_no_auth" time="0.011" /><testcase classname="tests.test_travel_visa_certificate_pdf_content.TestVerifyEndpoint" name="test_verify_json_valid_no_auth" time="0.010" /><testcase classname="tests.test_travel_visa_certificate_pdf_content.TestVerifyEndpoint" name="test_verify_html_invalid_404" time="0.010" /><testcase classname="tests.test_travel_visa_certificate_pdf_content.TestVerifyEndpoint" name="test_verify_json_invalid_404" time="0.010" /><testcase classname="tests.test_travel_visa_certificate_pdf_content.TestEmailEndpoint" name="test_email_certificate" time="0.025" /></testsuite></testsuites>