<?xml version="1.0" encoding="utf-8"?><testsuites name="pytest tests"><testsuite name="pytest" errors="0" failures="0" skipped="0" tests="17" time="7.963" timestamp="2026-07-11T02:46:53.972367+00:00" hostname="agent-env-d1bab4f0-060e-4110-b234-5199bf92849b"><testcase classname="tests.test_iter827_realaicoach_features.TestAccessControlTierRoutes" name="test_ui_tier_routes_contains_required_keys" time="0.522" /><testcase classname="tests.test_iter827_realaicoach_features.TestAccessControlTierRoutes" name="test_free_feature_prefixes_includes_flappy_bird" time="0.055" /><testcase classname="tests.test_iter827_realaicoach_features.TestBlogEditorialWorkflow" name="test_create_draft" time="0.063" /><testcase classname="tests.test_iter827_realaicoach_features.TestBlogEditorialWorkflow" name="test_full_workflow_submit_and_publish" time="0.177" /><testcase classname="tests.test_iter827_realaicoach_features.TestBlogEditorialWorkflow" name="test_schedule_future_and_reject_past" time="0.234" /><testcase classname="tests.test_iter827_realaicoach_features.TestBlogEditorialWorkflow" name="test_invalid_transition_returns_409" time="0.231" /><testcase classname="tests.test_iter827_realaicoach_features.TestBlogEditorialWorkflow" name="test_list_posts_with_status_all" time="0.060" /><testcase classname="tests.test_iter827_realaicoach_features.TestBlogEditorialWorkflow" name="test_patch_updates_fields" time="0.119" /><testcase classname="tests.test_iter827_realaicoach_features.TestBlogEditorialWorkflow" name="test_non_admin_forbidden" time="0.335" /><testcase classname="tests.test_iter827_realaicoach_features.TestBlogV2PublicVisibility" name="test_only_published_editorial_visible" time="0.281" /><testcase classname="tests.test_iter827_realaicoach_features.TestHomeCommandPaletteAndBadges" name="test_palette_nav_increments_and_power_user" time="0.054" /><testcase classname="tests.test_iter827_realaicoach_features.TestHomeCommandPaletteAndBadges" name="test_badges_include_palette_power_user" time="0.057" /><testcase classname="tests.test_iter827_realaicoach_features.TestJobSearchAlerts" name="test_create_and_dedupe" time="0.292" /><testcase classname="tests.test_iter827_realaicoach_features.TestJobSearchAlerts" name="test_list_alerts_has_match_fields" time="0.269" /><testcase classname="tests.test_iter827_realaicoach_features.TestJobSearchAlerts" name="test_delete_alert" time="0.277" /><testcase classname="tests.test_iter827_realaicoach_features.TestJobSearchAlerts" name="test_limit_10_alerts" time="1.326" /><testcase classname="tests.test_iter827_realaicoach_features.TestJobSearchAlerts" name="test_weekly_digest_includes_search_alerts" time="3.526" /></testsuite></testsuites>