<?xml version="1.0" encoding="utf-8"?><testsuites name="pytest tests"><testsuite name="pytest" errors="0" failures="0" skipped="0" tests="12" time="1.534" timestamp="2026-07-10T05:06:45.229284+00:00" hostname="agent-env-309b89f5-30d7-4d25-9938-d73adb9dba92"><testcase classname="tests.test_feature22_games_station.TestFpsBootstrapContract" name="test_bootstrap_returns_canonical_feature_id_and_fps_title" time="0.489" /><testcase classname="tests.test_feature22_games_station.TestFpsBootstrapContract" name="test_bootstrap_has_plan_and_quota" time="0.093" /><testcase classname="tests.test_feature22_games_station.TestFpsBootstrapContract" name="test_bootstrap_exposes_repo_player_models" time="0.088" /><testcase classname="tests.test_feature22_games_station.TestFpsBootstrapContract" name="test_bootstrap_requires_auth" time="0.077" /><testcase classname="tests.test_feature22_games_station.TestFpsRoomsFlow" name="test_join_or_create_room" time="0.101" /><testcase classname="tests.test_feature22_games_station.TestFpsRoomsFlow" name="test_join_room_rejects_empty_name" time="0.084" /><testcase classname="tests.test_feature22_games_station.TestFpsRoomsFlow" name="test_invalid_model_falls_back_to_policeman" time="0.096" /><testcase classname="tests.test_feature22_games_station.TestFpsRoomsFlow" name="test_rooms_listing" time="0.092" /><testcase classname="tests.test_feature22_games_station.TestFpsStatsEndpoints" name="test_leaderboard" time="0.083" /><testcase classname="tests.test_feature22_games_station.TestFpsStatsEndpoints" name="test_profile" time="0.094" /><testcase classname="tests.test_feature22_games_station.TestFpsStatsEndpoints" name="test_match_history" time="0.097" /><testcase classname="tests.test_feature22_games_station.TestFeatureRegistryMigration" name="test_registry_reports_fps_game_title" time="0.089" /></testsuite></testsuites>