<?xml version="1.0" encoding="utf-8"?><testsuites name="pytest tests"><testsuite name="pytest" errors="0" failures="0" skipped="2" tests="16" time="12.423" timestamp="2026-07-15T04:32:39.458453+00:00" hostname="agent-env-cb09c686-9e31-4aa4-ae29-70345ca86378"><testcase classname="tests.test_preprod_entitlement_lock.TestEntitlementLockEndpoint" name="test_admin_get_lock_shape" time="3.356" /><testcase classname="tests.test_preprod_entitlement_lock.TestEntitlementLockEndpoint" name="test_free_user_cannot_read_lock" time="0.423" /><testcase classname="tests.test_preprod_entitlement_lock.TestAuthMeEffectivePlan" name="test_admin_me_privileged" time="0.080" /><testcase classname="tests.test_preprod_entitlement_lock.TestAuthMeEffectivePlan" name="test_free_user_me_free" time="0.042" /><testcase classname="tests.test_preprod_entitlement_lock.TestAuthMeEffectivePlan" name="test_former_premium_when_lock_active" time="0.606"><skipped type="pytest.skip" message="Lock is OFF — former-premium plan resolution not enforced by lock.">/app/backend/tests/test_preprod_entitlement_lock.py:117: Lock is OFF — former-premium plan resolution not enforced by lock.</skipped></testcase><testcase classname="tests.test_preprod_entitlement_lock.TestPaidCheckoutState" name="test_stripe_create_checkout[basic]" time="0.782" /><testcase classname="tests.test_preprod_entitlement_lock.TestPaidCheckoutState" name="test_stripe_create_checkout[premium]" time="1.100" /><testcase classname="tests.test_preprod_entitlement_lock.TestPaidCheckoutState" name="test_revenue_upgrade_state" time="0.091" /><testcase classname="tests.test_preprod_entitlement_lock.TestSubscriptionGatedFeatures" name="test_gated_endpoint_upsell_when_lock_off[/api/ai-copywriter/generate]" time="0.048" /><testcase classname="tests.test_preprod_entitlement_lock.TestSubscriptionGatedFeatures" name="test_gated_endpoint_upsell_when_lock_off[/api/watch-videos/premium/list]" time="0.046" /><testcase classname="tests.test_preprod_entitlement_lock.TestSubscriptionGatedFeatures" name="test_gated_endpoint_upsell_when_lock_off[/api/travel-planner/premium-features]" time="0.083" /><testcase classname="tests.test_preprod_entitlement_lock.TestAdminToggleLockRoundTrip" name="test_toggle_round_trip_restores_state" time="0.377" /><testcase classname="tests.test_preprod_entitlement_lock.TestDBIntegrity" name="test_no_nonadmin_paid_users_when_lock_active" time="0.000"><skipped type="pytest.skip" message="Lock is OFF — non-admin paid users are permitted.">/app/backend/tests/test_preprod_entitlement_lock.py:258: Lock is OFF — non-admin paid users are permitted.</skipped></testcase><testcase classname="tests.test_preprod_entitlement_lock.TestRegressionSmoke" name="test_free_user_home_endpoints" time="5.170" /><testcase classname="tests.test_preprod_entitlement_lock.TestRegressionSmoke" name="test_admin_home" time="0.040" /><testcase classname="tests.test_preprod_entitlement_lock.TestRegressionSmoke" name="test_health" time="0.089" /></testsuite></testsuites>