<?xml version="1.0" encoding="utf-8"?><testsuites name="pytest tests"><testsuite name="pytest" errors="0" failures="0" skipped="6" tests="19" time="4.054" timestamp="2026-07-10T16:51:22.496172+00:00" hostname="agent-env-c4c3b966-ee5f-4ee9-a502-45d4f6ca60fc"><testcase classname="tests.test_feature22_games_station.TestFpsBootstrapContract" name="test_bootstrap_returns_canonical_feature_id_and_fps_title" time="0.741" /><testcase classname="tests.test_feature22_games_station.TestFpsBootstrapContract" name="test_bootstrap_has_plan_and_quota" time="0.093" /><testcase classname="tests.test_feature22_games_station.TestFpsBootstrapContract" name="test_bootstrap_exposes_repo_player_models" time="0.158" /><testcase classname="tests.test_feature22_games_station.TestFpsBootstrapContract" name="test_bootstrap_requires_auth" time="0.077" /><testcase classname="tests.test_feature22_games_station.TestFpsRoomsFlow" name="test_join_or_create_room" time="0.101" /><testcase classname="tests.test_feature22_games_station.TestFpsRoomsFlow" name="test_join_room_rejects_empty_name" time="0.089" /><testcase classname="tests.test_feature22_games_station.TestFpsRoomsFlow" name="test_invalid_model_falls_back_to_policeman" time="0.092" /><testcase classname="tests.test_feature22_games_station.TestFpsRoomsFlow" name="test_rooms_listing" time="0.087" /><testcase classname="tests.test_feature22_games_station.TestFpsStatsEndpoints" name="test_leaderboard" time="0.085" /><testcase classname="tests.test_feature22_games_station.TestFpsStatsEndpoints" name="test_profile" time="0.090" /><testcase classname="tests.test_feature22_games_station.TestFpsStatsEndpoints" name="test_match_history" time="0.089" /><testcase classname="tests.test_feature22_games_station.TestFeatureRegistryMigration" name="test_registry_reports_fps_game_title" time="0.095" /><testcase classname="tests.test_feature22_fps_websocket.TestFpsWebSocket" name="test_ws_ticket_channel_fps_game" time="0.621" /><testcase classname="tests.test_feature22_fps_websocket.TestFpsWebSocket" name="test_two_client_join_and_state_relay" time="0.586"><skipped type="pytest.skip" message="gameplay quota reached for token; body={&quot;detail&quot;:&quot;Daily gameplay limit reached for your plan&quot;}">/app/backend/tests/test_feature22_fps_websocket.py:87: gameplay quota reached for token; body={"detail":"Daily gameplay limit reached for your plan"}</skipped></testcase><testcase classname="tests.test_feature22_fps_websocket.TestFpsWebSocket" name="test_kill_and_respawn_flow" time="0.184"><skipped type="pytest.skip" message="gameplay quota reached for token; body={&quot;detail&quot;:&quot;Daily gameplay limit reached for your plan&quot;}">/app/backend/tests/test_feature22_fps_websocket.py:87: gameplay quota reached for token; body={"detail":"Daily gameplay limit reached for your plan"}</skipped></testcase><testcase classname="tests.test_feature22_fps_websocket.TestFpsWebSocket" name="test_explicit_leave_finalizes_immediately_and_records_match" time="0.175"><skipped type="pytest.skip" message="gameplay quota reached for token; body={&quot;detail&quot;:&quot;Daily gameplay limit reached for your plan&quot;}">/app/backend/tests/test_feature22_fps_websocket.py:87: gameplay quota reached for token; body={"detail":"Daily gameplay limit reached for your plan"}</skipped></testcase><testcase classname="tests.test_feature22_fps_websocket.TestFpsWebSocket" name="test_reconnect_within_grace_preserves_state" time="0.179"><skipped type="pytest.skip" message="gameplay quota reached for token; body={&quot;detail&quot;:&quot;Daily gameplay limit reached for your plan&quot;}">/app/backend/tests/test_feature22_fps_websocket.py:87: gameplay quota reached for token; body={"detail":"Daily gameplay limit reached for your plan"}</skipped></testcase><testcase classname="tests.test_feature22_fps_websocket.TestFpsWebSocket" name="test_chat_message_broadcast" time="0.203"><skipped type="pytest.skip" message="gameplay quota reached for token; body={&quot;detail&quot;:&quot;Daily gameplay limit reached for your plan&quot;}">/app/backend/tests/test_feature22_fps_websocket.py:87: gameplay quota reached for token; body={"detail":"Daily gameplay limit reached for your plan"}</skipped></testcase><testcase classname="tests.test_feature22_fps_websocket.TestFpsWebSocket" name="test_killstreak_milestone_double_kill" time="0.199"><skipped type="pytest.skip" message="gameplay quota reached for token; body={&quot;detail&quot;:&quot;Daily gameplay limit reached for your plan&quot;}">/app/backend/tests/test_feature22_fps_websocket.py:87: gameplay quota reached for token; body={"detail":"Daily gameplay limit reached for your plan"}</skipped></testcase></testsuite></testsuites>