<?xml version="1.0" encoding="utf-8"?><testsuites name="pytest tests"><testsuite name="pytest" errors="0" failures="0" skipped="0" tests="17" time="2.391" timestamp="2026-07-10T20:13:59.903731+00:00" hostname="agent-env-2eec7016-4e76-40ff-ac5c-b8c136b1210d"><testcase classname="tests.test_iter819_share_join_job_pulse_streak_nudge.TestFpsShareJoin" name="test_public_match_card_includes_share_joins" time="0.089" /><testcase classname="tests.test_iter819_share_join_job_pulse_streak_nudge.TestFpsShareJoin" name="test_public_match_card_no_auth_needed" time="0.080" /><testcase classname="tests.test_iter819_share_join_job_pulse_streak_nudge.TestFpsShareJoin" name="test_share_join_admin_already_recorded" time="0.522" /><testcase classname="tests.test_iter819_share_join_job_pulse_streak_nudge.TestFpsShareJoin" name="test_share_join_unknown_match_404" time="0.084" /><testcase classname="tests.test_iter819_share_join_job_pulse_streak_nudge.TestFpsShareJoin" name="test_share_join_own_match" time="0.143" /><testcase classname="tests.test_iter819_share_join_job_pulse_streak_nudge.TestFpsShareJoin" name="test_share_join_fresh_user_records" time="0.539" /><testcase classname="tests.test_iter819_share_join_job_pulse_streak_nudge.TestFpsShareJoin" name="test_bootstrap_share_joins_field" time="0.041" /><testcase classname="tests.test_iter819_share_join_job_pulse_streak_nudge.TestFpsShareJoin" name="test_share_join_requires_auth" time="0.081" /><testcase classname="tests.test_iter819_share_join_job_pulse_streak_nudge.TestJobHuntPulse" name="test_pulse_admin_response_shape" time="0.087" /><testcase classname="tests.test_iter819_share_join_job_pulse_streak_nudge.TestJobHuntPulse" name="test_pulse_admin_expected_values" time="0.046" /><testcase classname="tests.test_iter819_share_join_job_pulse_streak_nudge.TestJobHuntPulse" name="test_pulse_free_user_empty" time="0.049" /><testcase classname="tests.test_iter819_share_join_job_pulse_streak_nudge.TestJobHuntPulse" name="test_pulse_requires_auth" time="0.093" /><testcase classname="tests.test_iter819_share_join_job_pulse_streak_nudge.TestStreakNudge" name="test_streak_nudge_requires_admin" time="0.085" /><testcase classname="tests.test_iter819_share_join_job_pulse_streak_nudge.TestStreakNudge" name="test_streak_nudge_no_auth" time="0.081" /><testcase classname="tests.test_iter819_share_join_job_pulse_streak_nudge.TestStreakNudge" name="test_streak_nudge_admin_returns_shape" time="0.086" /><testcase classname="tests.test_iter819_share_join_job_pulse_streak_nudge.TestStreakNudge" name="test_streak_nudge_idempotent_and_fresh_notify" time="0.137" /><testcase classname="tests.test_iter819_share_join_job_pulse_streak_nudge.TestSchedulerRegistration" name="test_streak_nudge_job_registered" time="0.003" /></testsuite></testsuites>