<?xml version="1.0" encoding="utf-8"?><testsuites name="pytest tests"><testsuite name="pytest" errors="0" failures="0" skipped="0" tests="28" time="0.512" timestamp="2026-07-12T22:11:11.379375+00:00" hostname="agent-env-5e2c8167-fd83-47ce-ad3f-9a069758787d"><testcase classname="tests.test_feature31_coaching_team_replacement" name="test_retirement_payload_contract" time="0.000" /><testcase classname="tests.test_feature31_coaching_team_replacement" name="test_coach_curation" time="0.000" /><testcase classname="tests.test_feature31_coaching_team_replacement" name="test_entitlements_catalog_swapped" time="0.000" /><testcase classname="tests.test_feature31_coaching_team_replacement" name="test_feature_registry_slot_31" time="0.005" /><testcase classname="tests.test_feature31_coaching_team_replacement" name="test_scheduler_job_removed" time="0.001" /><testcase classname="tests.test_agent_framework" name="test_resolve_path" time="0.000" /><testcase classname="tests.test_agent_framework" name="test_interpolate" time="0.000" /><testcase classname="tests.test_agent_framework" name="test_render_template" time="0.000" /><testcase classname="tests.test_agent_framework" name="test_eval_condition[cond0-True]" time="0.000" /><testcase classname="tests.test_agent_framework" name="test_eval_condition[cond1-True]" time="0.001" /><testcase classname="tests.test_agent_framework" name="test_eval_condition[cond2-True]" time="0.000" /><testcase classname="tests.test_agent_framework" name="test_eval_condition[cond3-True]" time="0.000" /><testcase classname="tests.test_agent_framework" name="test_eval_condition[cond4-False]" time="0.000" /><testcase classname="tests.test_agent_framework" name="test_eval_condition[cond5-False]" time="0.000" /><testcase classname="tests.test_agent_framework" name="test_eval_condition[cond6-True]" time="0.000" /><testcase classname="tests.test_agent_framework" name="test_eval_condition_unknown_op" time="0.000" /><testcase classname="tests.test_agent_framework" name="test_count_steps_nested" time="0.000" /><testcase classname="tests.test_agent_framework" name="test_validate_workflow_steps" time="0.000" /><testcase classname="tests.test_agent_framework" name="test_policy_clamps" time="0.000" /><testcase classname="tests.test_agent_framework" name="test_check_tool_allowed" time="0.000" /><testcase classname="tests.test_agent_framework" name="test_provider_registry" time="0.000" /><testcase classname="tests.test_agent_framework" name="test_tool_registry_builtins" time="0.000" /><testcase classname="tests.test_agent_framework" name="test_default_agent_catalog" time="0.000" /><testcase classname="tests.test_agent_framework" name="test_default_prompt_catalog" time="0.000" /><testcase classname="tests.test_agent_framework" name="test_template_render_tool" time="0.001" /><testcase classname="tests.test_agent_framework" name="test_http_fetch_rejects_non_https" time="0.043" /><testcase classname="tests.test_agent_framework" name="test_db_read_rejects_unlisted_collection" time="0.001" /><testcase classname="tests.test_canonical_feature_order_integrity" name="test_canonical_feature_order_registry_contract" time="0.086" /></testsuite></testsuites>