<?xml version="1.0" encoding="utf-8"?><testsuites name="pytest tests"><testsuite name="pytest" errors="0" failures="0" skipped="0" tests="9" time="7.485" timestamp="2026-07-12T22:10:56.253627+00:00" hostname="agent-env-5e2c8167-fd83-47ce-ad3f-9a069758787d"><testcase classname="tests.test_feature31_preview_and_digest.TestPreviewFlags" name="test_free_user_preview_flags" time="0.625" /><testcase classname="tests.test_feature31_preview_and_digest.TestPreviewFlags" name="test_admin_never_sees_preview_flags" time="0.542" /><testcase classname="tests.test_feature31_preview_and_digest.TestPreviewLifecycle" name="test_preview_lifecycle_interview_coach" time="2.385" /><testcase classname="tests.test_feature31_preview_and_digest.TestPreviewLifecycle" name="test_preview_isolation_resume_and_negotiation_still_previewable" time="0.122" /><testcase classname="tests.test_feature31_preview_and_digest.TestDigest" name="test_admin_dry_run" time="0.051" /><testcase classname="tests.test_feature31_preview_and_digest.TestDigest" name="test_non_admin_cannot_run_digest" time="0.088" /><testcase classname="tests.test_feature31_preview_and_digest.TestDigest" name="test_preferences_has_coaching_digest_default_on" time="0.053" /><testcase classname="tests.test_feature31_preview_and_digest.TestDigest" name="test_opt_out_then_skipped_pref_then_reenable" time="0.208" /><testcase classname="tests.test_feature31_preview_and_digest.TestDigest" name="test_template_audit_pass" time="3.332" /></testsuite></testsuites>