<?xml version="1.0" encoding="utf-8"?><testsuites name="pytest tests"><testsuite name="pytest" errors="0" failures="0" skipped="0" tests="17" time="1.780" timestamp="2026-07-15T18:09:49.206881+00:00" hostname="agent-env-cb09c686-9e31-4aa4-ae29-70345ca86378"><testcase classname="tests.test_gtec_directive_selfheal_iter919.TestThreeWaySync" name="test_all_three_sources_identical_content" time="0.001" /><testcase classname="tests.test_gtec_directive_selfheal_iter919.TestThreeWaySync" name="test_embedded_module_directly_importable" time="0.000" /><testcase classname="tests.test_gtec_directive_selfheal_iter919.TestTier1SelfHealFromPackagedMd" name="test_missing_directive_selfheals_from_packaged_md" time="0.162" /><testcase classname="tests.test_gtec_directive_selfheal_iter919.TestTier2SelfHealFromEmbeddedPy" name="test_selfheals_from_embedded_when_packaged_md_missing" time="0.002" /><testcase classname="tests.test_gtec_directive_selfheal_iter919.TestTier2SelfHealFromEmbeddedPy" name="test_read_packaged_directive_helper_falls_through_to_embedded" time="0.001" /><testcase classname="tests.test_gtec_directive_selfheal_iter919.TestAllTiersUnavailableRaises" name="test_all_three_missing_raises_runtime_error" time="0.001" /><testcase classname="tests.test_gtec_directive_selfheal_iter919.TestBackendLive" name="test_health_200" time="0.092" /><testcase classname="tests.test_gtec_directive_selfheal_iter919.TestBackendLive" name="test_directive_state_loaded" time="0.135" /><testcase classname="tests.test_gtec_directive_selfheal_iter919.TestBackendLive" name="test_admin_login_regression" time="0.619" /><testcase classname="tests.test_gtec_directive_selfheal_iter916.TestPackagedCanonicalCopy" name="test_packaged_copy_exists_and_is_large" time="0.000" /><testcase classname="tests.test_gtec_directive_selfheal_iter916.TestPackagedCanonicalCopy" name="test_packaged_copy_matches_memory_directive" time="0.000" /><testcase classname="tests.test_gtec_directive_selfheal_iter916.TestSelfHealMissingFile" name="test_missing_directive_selfheals_without_raise" time="0.002" /><testcase classname="tests.test_gtec_directive_selfheal_iter916.TestSelfHealTruncatedFile" name="test_truncated_directive_selfheals" time="0.003" /><testcase classname="tests.test_gtec_directive_selfheal_iter916.TestSelfHealBothUnavailable" name="test_both_missing_raises" time="0.001" /><testcase classname="tests.test_gtec_directive_selfheal_iter916.TestBackendLiveHealth" name="test_health_endpoint_200" time="0.111" /><testcase classname="tests.test_gtec_directive_selfheal_iter916.TestBackendLiveHealth" name="test_gtec_directive_state_public" time="0.110" /><testcase classname="tests.test_gtec_directive_selfheal_iter916.TestBackendLiveHealth" name="test_admin_login_regression" time="0.435" /></testsuite></testsuites>