<?xml version="1.0" encoding="utf-8"?><testsuites name="pytest tests"><testsuite name="pytest" errors="0" failures="0" skipped="0" tests="13" time="3.830" timestamp="2026-07-14T07:08:19.144937+00:00" hostname="agent-env-7d0698c3-18f4-4db4-8803-c20e9b055ed1"><testcase classname="tests.test_iter898_acceptance_report_redesign.TestEmptyStateGeneration" name="test_00_no_artifacts_present" time="0.010" /><testcase classname="tests.test_iter898_acceptance_report_redesign.TestEmptyStateGeneration" name="test_01_generator_returns_paths" time="0.252" /><testcase classname="tests.test_iter898_acceptance_report_redesign.TestEmptyStateGeneration" name="test_02_pdf_files_exist_and_are_pdf_1_4" time="0.000" /><testcase classname="tests.test_iter898_acceptance_report_redesign.TestEmptyStateGeneration" name="test_03_pdf_opens_and_is_single_page" time="0.070" /><testcase classname="tests.test_iter898_acceptance_report_redesign.TestEmptyStateGeneration" name="test_04_empty_state_text_markers" time="0.004" /><testcase classname="tests.test_iter898_acceptance_report_redesign.TestEmptyStateGeneration" name="test_05_report_integrity_and_tamper_signature_present" time="0.004" /><testcase classname="tests.test_iter898_acceptance_report_redesign.TestPopulatedState" name="test_10_seed_and_regenerate" time="0.075" /><testcase classname="tests.test_iter898_acceptance_report_redesign.TestPopulatedState" name="test_11_populated_pdf_content" time="0.005" /><testcase classname="tests.test_iter898_acceptance_report_redesign.TestPopulatedState" name="test_12_populated_pdf_still_pdf14_and_valid" time="0.004" /><testcase classname="tests.test_iter898_acceptance_report_redesign.TestPopulatedState" name="test_13_cleanup_and_restore_empty_state" time="0.078" /><testcase classname="tests.test_iter898_acceptance_report_redesign.TestSchedulerImport" name="test_20_scheduler_wrapper_importable" time="0.201" /><testcase classname="tests.test_iter898_acceptance_report_redesign.TestBackendRegression" name="test_30_health" time="2.444" /><testcase classname="tests.test_iter898_acceptance_report_redesign.TestBackendRegression" name="test_31_admin_login" time="0.598" /></testsuite></testsuites>