<?xml version="1.0" encoding="utf-8"?><testsuites name="pytest tests"><testsuite name="pytest" errors="0" failures="0" skipped="3" tests="21" time="24.520" timestamp="2026-07-11T18:56:30.719740+00:00" hostname="agent-env-591c91b8-e6a0-44b3-8b3c-6f8c92cb2ee2"><testcase classname="tests.test_i18n_structural_coverage_gate.TestI18nCoverageEndpoint" name="test_i18n_coverage_returns_structural_metrics" time="1.491" /><testcase classname="tests.test_i18n_structural_coverage_gate.TestI18nCoverageEndpoint" name="test_i18n_coverage_admin_protected" time="0.002" /><testcase classname="tests.test_i18n_structural_coverage_gate.TestGlobalProductionGate" name="test_global_production_gate_passes" time="4.564" /><testcase classname="tests.test_i18n_structural_coverage_gate.TestI18nAdoptionRegression" name="test_i18n_adoption_100_percent" time="0.725" /><testcase classname="tests.test_i18n_structural_coverage_gate.TestEvidenceArtifacts" name="test_strict_checkpoint_evidence_pack_md_exists" time="0.000"><skipped type="pytest.skip" message="Evidence pack in summarized format without explicit missing_keys_total scalar">/app/backend/tests/test_i18n_structural_coverage_gate.py:230: Evidence pack in summarized format without explicit missing_keys_total scalar</skipped></testcase><testcase classname="tests.test_i18n_structural_coverage_gate.TestEvidenceArtifacts" name="test_compact_json_evidence_exists" time="0.000"><skipped type="pytest.skip" message="Evidence artifact not present in current environment: /tmp/e1_strict_checkpoint_evidence_compact.json">/app/backend/tests/test_i18n_structural_coverage_gate.py:246: Evidence artifact not present in current environment: /tmp/e1_strict_checkpoint_evidence_compact.json</skipped></testcase><testcase classname="tests.test_i18n_localization_rollout.TestI18nCoverageMetrics" name="test_i18n_coverage_endpoint_accessible" time="1.856" /><testcase classname="tests.test_i18n_localization_rollout.TestI18nCoverageMetrics" name="test_aggregate_coverage_pct_at_least_90" time="1.152" /><testcase classname="tests.test_i18n_localization_rollout.TestI18nCoverageMetrics" name="test_all_non_source_locales_at_least_90_coverage" time="1.161" /><testcase classname="tests.test_i18n_localization_rollout.TestI18nCoverageMetrics" name="test_structural_coverage_remains_100" time="1.154" /><testcase classname="tests.test_i18n_localization_rollout.TestI18nCoverageMetrics" name="test_i18n_health_not_red" time="2.458" /><testcase classname="tests.test_i18n_localization_rollout.TestGlobalProductionGate" name="test_global_production_gate_status_pass" time="1.828" /><testcase classname="tests.test_i18n_localization_rollout.TestGlobalProductionGate" name="test_global_production_gate_i18n_signals" time="1.928" /><testcase classname="tests.test_i18n_localization_rollout.TestI18nAdoption" name="test_i18n_adoption_100_percent" time="0.722" /><testcase classname="tests.test_i18n_localization_rollout.TestI18nAdoption" name="test_hardcoded_copy_files_zero" time="0.725" /><testcase classname="tests.test_i18n_localization_rollout.TestEvidenceArtifacts" name="test_strict_checkpoint_evidence_pack_exists" time="0.000" /><testcase classname="tests.test_i18n_localization_rollout.TestEvidenceArtifacts" name="test_localization_phase_report_exists" time="0.000"><skipped type="pytest.skip" message="Localization phase report artifact not present in current environment">/app/backend/tests/test_i18n_localization_rollout.py:271: Localization phase report artifact not present in current environment</skipped></testcase><testcase classname="tests.test_i18n_localization_rollout.TestEvidenceArtifacts" name="test_evidence_pack_metrics_match_api" time="1.172" /><testcase classname="tests.test_i18n_localization_rollout.TestLocaleBreakdown" name="test_batch1_locales_coverage" time="1.168" /><testcase classname="tests.test_i18n_localization_rollout.TestLocaleBreakdown" name="test_batch2_locales_coverage" time="1.160" /><testcase classname="tests.test_i18n_localization_rollout.TestLocaleBreakdown" name="test_batch3_locales_coverage" time="1.161" /></testsuite></testsuites>