<?xml version="1.0" encoding="utf-8"?><testsuites name="pytest tests"><testsuite name="pytest" errors="0" failures="0" skipped="1" tests="11" time="3.882" timestamp="2026-07-12T02:35:53.709084+00:00" hostname="agent-env-e5a98e1c-3349-4dec-8aca-165df305d690"><testcase classname="tests.test_offer_branding_seed.TestOfferBrandingRead" name="test_get_branding_returns_canonical_merged_shape" time="0.545" /><testcase classname="tests.test_offer_branding_seed.TestSeedDemoCanonicalContract" name="test_seed_demo_canonical_keys_only" time="0.054" /><testcase classname="tests.test_offer_branding_seed.TestSeedDemoCanonicalContract" name="test_seed_demo_is_idempotent_safe" time="0.053" /><testcase classname="tests.test_offer_branding_seed.TestPutBrandingBody" name="test_put_accepts_company_info_field" time="0.108" /><testcase classname="tests.test_offer_branding_seed.TestPutBrandingBody" name="test_put_accepts_brand_name_field" time="0.160" /><testcase classname="tests.test_offer_branding_seed.TestPutBrandingBody" name="test_put_rejects_fabricated_legal_name" time="0.105" /><testcase classname="tests.test_offer_branding_seed.TestPutBrandingBody" name="test_put_rejects_fabricated_signer_name" time="0.053" /><testcase classname="tests.test_offer_branding_seed.TestLiveOfferPdf" name="test_offer_pdf_endpoint_returns_valid_pdf_localhost" time="0.259" /><testcase classname="tests.test_offer_branding_seed.TestLiveOfferPdf" name="test_offer_pdf_endpoint_external" time="0.753" /><testcase classname="tests.test_offer_branding_seed.TestStrictValidationRegression" name="test_generate_offer_pdf_missing_candidate_address_raises" time="1.708" /><testcase classname="tests.test_offer_branding_seed.TestPublicOfferPdfPath" name="test_public_pdf_path_or_skip" time="0.005"><skipped type="pytest.skip" message="Offer off_ddb1e393a694 has no public_token — skip public PDF path">/app/backend/tests/test_offer_branding_seed.py:314: Offer off_ddb1e393a694 has no public_token — skip public PDF path</skipped></testcase></testsuite></testsuites>