<?xml version="1.0" encoding="utf-8"?><testsuites name="pytest tests"><testsuite name="pytest" errors="0" failures="0" skipped="0" tests="33" time="3.023" timestamp="2026-07-13T04:14:47.840357+00:00" hostname="agent-env-bab637c0-aac3-4b51-ba56-6fa9905a7046"><testcase classname="tests.test_ai_operating_layer_v2_iter875_extra.TestSecurityGates" name="test_unauth_rejected[GET-/api/agent-framework/route/log]" time="0.249" /><testcase classname="tests.test_ai_operating_layer_v2_iter875_extra.TestSecurityGates" name="test_unauth_rejected[GET-/api/agent-framework/capabilities]" time="0.086" /><testcase classname="tests.test_ai_operating_layer_v2_iter875_extra.TestSecurityGates" name="test_unauth_rejected[GET-/api/agent-framework/events/triggers]" time="0.071" /><testcase classname="tests.test_ai_operating_layer_v2_iter875_extra.TestSecurityGates" name="test_unauth_rejected[GET-/api/agent-framework/events]" time="0.072" /><testcase classname="tests.test_ai_operating_layer_v2_iter875_extra.TestSecurityGates" name="test_unauth_rejected[GET-/api/agent-framework/knowledge/overview]" time="0.089" /><testcase classname="tests.test_ai_operating_layer_v2_iter875_extra.TestSecurityGates" name="test_unauth_rejected[GET-/api/agent-framework/knowledge/collections]" time="0.070" /><testcase classname="tests.test_ai_operating_layer_v2_iter875_extra.TestSecurityGates" name="test_unauth_rejected[GET-/api/agent-framework/knowledge/sources]" time="0.077" /><testcase classname="tests.test_ai_operating_layer_v2_iter875_extra.TestSecurityGates" name="test_unauth_rejected[GET-/api/agent-framework/analytics/overview]" time="0.078" /><testcase classname="tests.test_ai_operating_layer_v2_iter875_extra.TestSecurityGates" name="test_unauth_rejected[GET-/api/agent-framework/analytics/trends]" time="0.077" /><testcase classname="tests.test_ai_operating_layer_v2_iter875_extra.TestSecurityGates" name="test_unauth_rejected[GET-/api/agent-framework/analytics/recommendations]" time="0.072" /><testcase classname="tests.test_ai_operating_layer_v2_iter875_extra.TestSecurityGates" name="test_unauth_rejected[GET-/api/agent-framework/analytics/alerts]" time="0.073" /><testcase classname="tests.test_ai_operating_layer_v2_iter875_extra.TestSecurityGates" name="test_unauth_rejected[GET-/api/agent-framework/analytics/adoption]" time="0.074" /><testcase classname="tests.test_ai_operating_layer_v2_iter875_extra.TestSecurityGates" name="test_unauth_rejected[POST-/api/agent-framework/route]" time="0.085" /><testcase classname="tests.test_ai_operating_layer_v2_iter875_extra.TestSecurityGates" name="test_unauth_rejected[POST-/api/agent-framework/events/emit]" time="0.079" /><testcase classname="tests.test_ai_operating_layer_v2_iter875_extra.TestSecurityGates" name="test_unauth_rejected[POST-/api/agent-framework/knowledge/search]" time="0.068" /><testcase classname="tests.test_ai_operating_layer_v2_iter875_extra.TestSecurityGates" name="test_unauth_rejected[POST-/api/agent-framework/analytics/feedback]" time="0.082" /><testcase classname="tests.test_ai_operating_layer_v2_iter875_extra.TestRoutingQuality" name="test_job_interview_intent_selects_relevant_agent" time="0.520" /><testcase classname="tests.test_ai_operating_layer_v2_iter875_extra.TestRoutingQuality" name="test_capabilities_lists_new_step_types_and_tools" time="0.080" /><testcase classname="tests.test_ai_operating_layer_v2_iter875_extra.TestWorkflowStepValidation" name="test_collaborate_missing_agent_keys_rejected" time="0.041" /><testcase classname="tests.test_ai_operating_layer_v2_iter875_extra.TestWorkflowStepValidation" name="test_valid_delegate_and_collaborate_workflow_accepted" time="0.162" /><testcase classname="tests.test_ai_operating_layer_v2_iter875_extra.TestRegressionExisting" name="test_endpoint_still_ok[/api/agent-framework/overview]" time="0.041" /><testcase classname="tests.test_ai_operating_layer_v2_iter875_extra.TestRegressionExisting" name="test_endpoint_still_ok[/api/agent-framework/marketplace/catalog]" time="0.044" /><testcase classname="tests.test_ai_operating_layer_v2_iter875_extra.TestRegressionExisting" name="test_endpoint_still_ok[/api/agent-framework/marketplace/portfolio]" time="0.085" /><testcase classname="tests.test_ai_operating_layer_v2_iter875_extra.TestRegressionExisting" name="test_endpoint_still_ok[/api/agent-framework/marketplace/readiness]" time="0.045" /><testcase classname="tests.test_ai_operating_layer_v2_iter875_extra.TestRegressionExisting" name="test_endpoint_still_ok[/api/agent-framework/marketplace/coverage]" time="0.055" /><testcase classname="tests.test_ai_operating_layer_v2_iter875_extra.TestRegressionExisting" name="test_endpoint_still_ok[/api/agent-framework/workflows]" time="0.078" /><testcase classname="tests.test_ai_operating_layer_v2_iter875_extra.TestRegressionExisting" name="test_endpoint_still_ok[/api/agent-framework/executions]" time="0.046" /><testcase classname="tests.test_ai_operating_layer_v2_iter875_extra.TestRegressionExisting" name="test_endpoint_still_ok[/api/agent-framework/tools]" time="0.080" /><testcase classname="tests.test_ai_operating_layer_v2_iter875_extra.TestRegressionExisting" name="test_endpoint_still_ok[/api/agent-framework/policy]" time="0.055" /><testcase classname="tests.test_ai_operating_layer_v2_iter875_extra.TestRegressionExisting" name="test_endpoint_still_ok[/api/agent-framework/audit]" time="0.043" /><testcase classname="tests.test_ai_operating_layer_v2_iter875_extra.TestRegressionExisting" name="test_overview_has_at_least_200_agents" time="0.043" /><testcase classname="tests.test_ai_operating_layer_v2_iter875_extra.TestRegressionExisting" name="test_marketplace_readiness_ready_true" time="0.084" /><testcase classname="tests.test_ai_operating_layer_v2_iter875_extra.TestRegressionExisting" name="test_marketplace_coverage_37_of_37" time="0.044" /></testsuite></testsuites>