<?xml version="1.0" encoding="utf-8"?><testsuites name="pytest tests"><testsuite name="pytest" errors="0" failures="0" skipped="0" tests="41" time="20.513" timestamp="2026-07-12T19:33:29.009627+00:00" hostname="agent-env-5e2c8167-fd83-47ce-ad3f-9a069758787d"><testcase classname="tests.test_agent_framework" name="test_resolve_path" time="0.000" /><testcase classname="tests.test_agent_framework" name="test_interpolate" time="0.000" /><testcase classname="tests.test_agent_framework" name="test_render_template" time="0.000" /><testcase classname="tests.test_agent_framework" name="test_eval_condition[cond0-True]" time="0.000" /><testcase classname="tests.test_agent_framework" name="test_eval_condition[cond1-True]" time="0.000" /><testcase classname="tests.test_agent_framework" name="test_eval_condition[cond2-True]" time="0.000" /><testcase classname="tests.test_agent_framework" name="test_eval_condition[cond3-True]" time="0.000" /><testcase classname="tests.test_agent_framework" name="test_eval_condition[cond4-False]" time="0.000" /><testcase classname="tests.test_agent_framework" name="test_eval_condition[cond5-False]" time="0.000" /><testcase classname="tests.test_agent_framework" name="test_eval_condition[cond6-True]" time="0.000" /><testcase classname="tests.test_agent_framework" name="test_eval_condition_unknown_op" time="0.000" /><testcase classname="tests.test_agent_framework" name="test_count_steps_nested" time="0.000" /><testcase classname="tests.test_agent_framework" name="test_validate_workflow_steps" time="0.000" /><testcase classname="tests.test_agent_framework" name="test_policy_clamps" time="0.000" /><testcase classname="tests.test_agent_framework" name="test_check_tool_allowed" time="0.000" /><testcase classname="tests.test_agent_framework" name="test_provider_registry" time="0.000" /><testcase classname="tests.test_agent_framework" name="test_tool_registry_builtins" time="0.000" /><testcase classname="tests.test_agent_framework" name="test_default_agent_catalog" time="0.000" /><testcase classname="tests.test_agent_framework" name="test_default_prompt_catalog" time="0.000" /><testcase classname="tests.test_agent_framework" name="test_template_render_tool" time="0.001" /><testcase classname="tests.test_agent_framework" name="test_http_fetch_rejects_non_https" time="0.049" /><testcase classname="tests.test_agent_framework" name="test_db_read_rejects_unlisted_collection" time="0.263" /><testcase classname="tests.test_agent_framework_admin_api.TestAuthGuards" name="test_unauthenticated_overview_returns_401_or_403" time="0.076" /><testcase classname="tests.test_agent_framework_admin_api.TestAuthGuards" name="test_non_admin_overview_returns_403" time="0.414" /><testcase classname="tests.test_agent_framework_admin_api.TestAuthGuards" name="test_non_admin_agents_returns_403" time="0.041" /><testcase classname="tests.test_agent_framework_admin_api.TestOverview" name="test_overview_shape" time="0.501" /><testcase classname="tests.test_agent_framework_admin_api.TestOverview" name="test_agents_seeded" time="0.075" /><testcase classname="tests.test_agent_framework_admin_api.TestOverview" name="test_tools_list" time="0.094" /><testcase classname="tests.test_agent_framework_admin_api.TestOverview" name="test_prompts_seeded" time="0.096" /><testcase classname="tests.test_agent_framework_admin_api.TestAgentCrud" name="test_reject_invalid_provider" time="0.095" /><testcase classname="tests.test_agent_framework_admin_api.TestAgentCrud" name="test_create_update_version_delete" time="0.420" /><testcase classname="tests.test_agent_framework_admin_api.TestAgentExecution" name="test_career_coach_execute_with_memory" time="3.388" /><testcase classname="tests.test_agent_framework_admin_api.TestPromptRender" name="test_render_prompt" time="0.056" /><testcase classname="tests.test_agent_framework_admin_api.TestWorkflowValidation" name="test_invalid_step_type" time="0.053" /><testcase classname="tests.test_agent_framework_admin_api.TestWorkflowValidation" name="test_missing_step_id" time="0.056" /><testcase classname="tests.test_agent_framework_admin_api.TestWorkflowValidation" name="test_human_approval_inside_parallel_rejected" time="0.094" /><testcase classname="tests.test_agent_framework_admin_api.TestPolicy" name="test_get_and_update_policy" time="0.179" /><testcase classname="tests.test_agent_framework_admin_api.TestAudit" name="test_audit_has_entries" time="0.057" /><testcase classname="tests.test_agent_framework_admin_api.TestWorkflowE2E" name="test_execute_pauses_at_human_approval_then_approves_to_completed" time="4.451" /><testcase classname="tests.test_agent_framework_admin_api.TestWorkflowE2E" name="test_execute_reject_path" time="6.496" /><testcase classname="tests.test_agent_framework_admin_api.TestRegression" name="test_email_templates_audit_admin" time="3.456" /></testsuite></testsuites>