<?xml version="1.0" encoding="utf-8"?><testsuites name="pytest tests"><testsuite name="pytest" errors="0" failures="0" skipped="0" tests="10" time="0.944" timestamp="2026-07-11T22:46:16.540928+00:00" hostname="agent-env-591c91b8-e6a0-44b3-8b3c-6f8c92cb2ee2"><testcase classname="tests.test_travel_visa_certificate_polish_round2" name="test_signature_image_enlarged_and_in_lower_left_quadrant" time="0.625" /><testcase classname="tests.test_travel_visa_certificate_polish_round2" name="test_masthead_spacing_gap_at_least_20pt" time="0.082" /><testcase classname="tests.test_travel_visa_certificate_polish_round2" name="test_signatory_text_present" time="0.001" /><testcase classname="tests.test_travel_visa_certificate_polish_round2" name="test_verify_authenticity_does_not_overflow_panel" time="0.080" /><testcase classname="tests.test_travel_visa_certificate_polish_round2" name="test_no_raw_iso_timestamps" time="0.001" /><testcase classname="tests.test_travel_visa_certificate_polish_round2" name="test_month_name_issue_date_present" time="0.001" /><testcase classname="tests.test_travel_visa_certificate_polish_round2" name="test_verify_html_valid" time="0.012" /><testcase classname="tests.test_travel_visa_certificate_polish_round2" name="test_verify_json_valid_true" time="0.010" /><testcase classname="tests.test_travel_visa_certificate_polish_round2" name="test_verify_unknown_id_404_html" time="0.010" /><testcase classname="tests.test_travel_visa_certificate_polish_round2" name="test_verify_unknown_id_404_json" time="0.010" /></testsuite></testsuites>