<?xml version="1.0" encoding="utf-8"?><testsuites name="pytest tests"><testsuite name="pytest" errors="0" failures="0" skipped="0" tests="23" time="8.540" timestamp="2026-07-16T06:04:45.861668+00:00" hostname="agent-env-cb09c686-9e31-4aa4-ae29-70345ca86378"><testcase classname="tests.test_admin_console_real_data_iter924.TestAdminLogin" name="test_admin_login_returns_admin_role" time="2.932" /><testcase classname="tests.test_admin_console_real_data_iter924.TestAdminOverviewMatchesDB" name="test_users_and_billing_totals_match" time="0.099" /><testcase classname="tests.test_admin_console_real_data_iter924.TestSubscriptionAnalyticsMatchesDB" name="test_subscription_analytics_endpoint" time="0.131" /><testcase classname="tests.test_admin_console_real_data_iter924.TestAIMonitorMatchesDB" name="test_ai_monitor_counts_match" time="0.051" /><testcase classname="tests.test_admin_console_real_data_iter924.TestBillingOverviewMatchesDB" name="test_billing_active_subs_and_revenue" time="0.049" /><testcase classname="tests.test_admin_console_real_data_iter924.TestObservabilityHeartbeats" name="test_sso_callback_liveness_heartbeat_present" time="0.001" /><testcase classname="tests.test_admin_console_real_data_iter924" name="test_admin_screen_endpoints_return_200[/api/admin/overview]" time="0.104" /><testcase classname="tests.test_admin_console_real_data_iter924" name="test_admin_screen_endpoints_return_200[/api/admin/console/overview]" time="0.102" /><testcase classname="tests.test_admin_console_real_data_iter924" name="test_admin_screen_endpoints_return_200[/api/admin/subscriptions/analytics]" time="0.104" /><testcase classname="tests.test_admin_console_real_data_iter924" name="test_admin_screen_endpoints_return_200[/api/admin/subscriptions/expiry-overview]" time="0.090" /><testcase classname="tests.test_admin_console_real_data_iter924" name="test_admin_screen_endpoints_return_200[/api/admin/billing/overview]" time="0.090" /><testcase classname="tests.test_admin_console_real_data_iter924" name="test_admin_screen_endpoints_return_200[/api/admin/billing/transactions]" time="0.113" /><testcase classname="tests.test_admin_console_real_data_iter924" name="test_admin_screen_endpoints_return_200[/api/admin/ai/monitor]" time="0.095" /><testcase classname="tests.test_admin_console_real_data_iter924" name="test_admin_screen_endpoints_return_200[/api/admin/announcements]" time="0.381" /><testcase classname="tests.test_admin_console_real_data_iter924" name="test_admin_screen_endpoints_return_200[/api/admin/feature-flags]" time="0.044" /><testcase classname="tests.test_admin_console_real_data_iter924" name="test_admin_screen_endpoints_return_200[/api/admin/access-logs]" time="0.632" /><testcase classname="tests.test_admin_console_real_data_iter924" name="test_admin_screen_endpoints_return_200[/api/admin/notifications/history]" time="0.511" /><testcase classname="tests.test_admin_console_real_data_iter924.TestNonAdminBlocked" name="test_free_user_blocked[/api/admin/overview]" time="2.562" /><testcase classname="tests.test_admin_console_real_data_iter924.TestNonAdminBlocked" name="test_free_user_blocked[/api/admin/subscriptions/analytics]" time="0.037" /><testcase classname="tests.test_admin_console_real_data_iter924.TestNonAdminBlocked" name="test_free_user_blocked[/api/admin/billing/overview]" time="0.077" /><testcase classname="tests.test_admin_console_real_data_iter924.TestNonAdminBlocked" name="test_free_user_blocked[/api/admin/users]" time="0.035" /><testcase classname="tests.test_admin_console_real_data_iter924.TestNonAdminBlocked" name="test_anonymous_blocked" time="0.080" /><testcase classname="tests.test_admin_console_real_data_iter924.TestNoFabricatedData" name="test_analytics_response_traceable_to_db" time="0.061" /></testsuite></testsuites>