<?xml version="1.0" encoding="utf-8"?><testsuites name="pytest tests"><testsuite name="pytest" errors="0" failures="0" skipped="0" tests="7" time="1.026" timestamp="2026-07-09T19:56:11.180275+00:00" hostname="agent-env-bda554e9-5071-4e9c-b3f5-9aabe8e5578c"><testcase classname="tests.test_iter801_home_activity_pulse_backend.TestActivityFeedSafety" name="test_activity_feed_returns_200_and_feed_list" time="0.574" /><testcase classname="tests.test_iter801_home_activity_pulse_backend.TestActivityFeedSafety" name="test_activity_feed_all_types_in_safe_allowlist" time="0.038" /><testcase classname="tests.test_iter801_home_activity_pulse_backend.TestActivityFeedSafety" name="test_activity_feed_no_internal_ops_phrases" time="0.081" /><testcase classname="tests.test_iter801_home_activity_pulse_backend.TestActivityFeedSafety" name="test_activity_feed_dedupe_cap_two_per_type" time="0.046" /><testcase classname="tests.test_iter801_home_activity_pulse_backend.TestActivityFeedSafety" name="test_activity_feed_items_have_enriched_fields" time="0.046" /><testcase classname="tests.test_iter801_home_activity_pulse_backend.TestActivityFeedLocalization" name="test_activity_feed_fr_localizes_known_defaults" time="0.083" /><testcase classname="tests.test_iter801_home_activity_pulse_backend.TestActivityFeedUnauthenticated" name="test_activity_feed_without_auth_still_safe" time="0.097" /></testsuite></testsuites>