<?xml version="1.0" encoding="utf-8"?><testsuites name="pytest tests"><testsuite name="pytest" errors="0" failures="0" skipped="0" tests="35" time="4.781" timestamp="2026-07-16T08:38:46.483861+00:00" hostname="agent-env-44f539e0-0d54-4632-a685-8b1dc7e745ee"><testcase classname="tests.test_payment_simulate_admin_guard" name="test_anonymous_is_blocked[iap-/api/iap/admin/simulate-production-e2e]" time="0.203" /><testcase classname="tests.test_payment_simulate_admin_guard" name="test_anonymous_is_blocked[stripe-/api/admin/payments/simulate-stripe-production-e2e]" time="0.094" /><testcase classname="tests.test_payment_simulate_admin_guard" name="test_anonymous_is_blocked[paypal-/api/admin/payments/simulate-paypal-production-e2e]" time="0.085" /><testcase classname="tests.test_payment_simulate_admin_guard" name="test_anonymous_is_blocked[fedapay-/api/admin/payments/simulate-fedapay-production-e2e]" time="0.085" /><testcase classname="tests.test_payment_simulate_admin_guard" name="test_anonymous_is_blocked[webhook-/api/webhook-events/simulate]" time="0.093" /><testcase classname="tests.test_payment_simulate_admin_guard" name="test_non_admin_is_blocked[iap-/api/iap/admin/simulate-production-e2e]" time="0.507" /><testcase classname="tests.test_payment_simulate_admin_guard" name="test_non_admin_is_blocked[stripe-/api/admin/payments/simulate-stripe-production-e2e]" time="0.080" /><testcase classname="tests.test_payment_simulate_admin_guard" name="test_non_admin_is_blocked[paypal-/api/admin/payments/simulate-paypal-production-e2e]" time="0.082" /><testcase classname="tests.test_payment_simulate_admin_guard" name="test_non_admin_is_blocked[fedapay-/api/admin/payments/simulate-fedapay-production-e2e]" time="0.076" /><testcase classname="tests.test_payment_simulate_admin_guard" name="test_non_admin_is_blocked[webhook-/api/webhook-events/simulate]" time="0.112" /><testcase classname="tests.test_payment_simulate_admin_guard" name="test_admin_passes_auth_guard[iap-/api/iap/admin/simulate-production-e2e]" time="0.434" /><testcase classname="tests.test_payment_simulate_admin_guard" name="test_admin_passes_auth_guard[stripe-/api/admin/payments/simulate-stripe-production-e2e]" time="0.097" /><testcase classname="tests.test_payment_simulate_admin_guard" name="test_admin_passes_auth_guard[paypal-/api/admin/payments/simulate-paypal-production-e2e]" time="0.094" /><testcase classname="tests.test_payment_simulate_admin_guard" name="test_admin_passes_auth_guard[fedapay-/api/admin/payments/simulate-fedapay-production-e2e]" time="0.101" /><testcase classname="tests.test_payment_simulate_admin_guard" name="test_admin_passes_auth_guard[webhook-/api/webhook-events/simulate]" time="0.089" /><testcase classname="tests.test_payment_simulate_admin_guard" name="test_invalid_bearer_token_is_blocked[iap-/api/iap/admin/simulate-production-e2e]" time="0.082" /><testcase classname="tests.test_payment_simulate_admin_guard" name="test_invalid_bearer_token_is_blocked[stripe-/api/admin/payments/simulate-stripe-production-e2e]" time="0.109" /><testcase classname="tests.test_payment_simulate_admin_guard" name="test_invalid_bearer_token_is_blocked[paypal-/api/admin/payments/simulate-paypal-production-e2e]" time="0.085" /><testcase classname="tests.test_payment_simulate_admin_guard" name="test_invalid_bearer_token_is_blocked[fedapay-/api/admin/payments/simulate-fedapay-production-e2e]" time="0.081" /><testcase classname="tests.test_payment_simulate_admin_guard" name="test_invalid_bearer_token_is_blocked[webhook-/api/webhook-events/simulate]" time="0.071" /><testcase classname="tests.test_payment_simulate_schema_leak_fix" name="test_anon_empty_body_no_schema_leak[iap-/api/iap/admin/simulate-production-e2e]" time="0.076" /><testcase classname="tests.test_payment_simulate_schema_leak_fix" name="test_anon_empty_body_no_schema_leak[stripe-/api/admin/payments/simulate-stripe-production-e2e]" time="0.086" /><testcase classname="tests.test_payment_simulate_schema_leak_fix" name="test_anon_empty_body_no_schema_leak[paypal-/api/admin/payments/simulate-paypal-production-e2e]" time="0.080" /><testcase classname="tests.test_payment_simulate_schema_leak_fix" name="test_anon_empty_body_no_schema_leak[fedapay-/api/admin/payments/simulate-fedapay-production-e2e]" time="0.071" /><testcase classname="tests.test_payment_simulate_schema_leak_fix" name="test_anon_empty_body_no_schema_leak[webhook-/api/webhook-events/simulate]" time="0.089" /><testcase classname="tests.test_payment_simulate_schema_leak_fix" name="test_non_admin_empty_body_no_schema_leak[iap-/api/iap/admin/simulate-production-e2e]" time="0.419" /><testcase classname="tests.test_payment_simulate_schema_leak_fix" name="test_non_admin_empty_body_no_schema_leak[stripe-/api/admin/payments/simulate-stripe-production-e2e]" time="0.089" /><testcase classname="tests.test_payment_simulate_schema_leak_fix" name="test_non_admin_empty_body_no_schema_leak[paypal-/api/admin/payments/simulate-paypal-production-e2e]" time="0.098" /><testcase classname="tests.test_payment_simulate_schema_leak_fix" name="test_non_admin_empty_body_no_schema_leak[fedapay-/api/admin/payments/simulate-fedapay-production-e2e]" time="0.103" /><testcase classname="tests.test_payment_simulate_schema_leak_fix" name="test_non_admin_empty_body_no_schema_leak[webhook-/api/webhook-events/simulate]" time="0.089" /><testcase classname="tests.test_payment_simulate_schema_leak_fix" name="test_admin_empty_body_reaches_validation[iap-/api/iap/admin/simulate-production-e2e]" time="0.434" /><testcase classname="tests.test_payment_simulate_schema_leak_fix" name="test_admin_empty_body_reaches_validation[stripe-/api/admin/payments/simulate-stripe-production-e2e]" time="0.101" /><testcase classname="tests.test_payment_simulate_schema_leak_fix" name="test_admin_empty_body_reaches_validation[paypal-/api/admin/payments/simulate-paypal-production-e2e]" time="0.087" /><testcase classname="tests.test_payment_simulate_schema_leak_fix" name="test_admin_empty_body_reaches_validation[fedapay-/api/admin/payments/simulate-fedapay-production-e2e]" time="0.102" /><testcase classname="tests.test_payment_simulate_schema_leak_fix" name="test_admin_empty_body_webhook_reaches_handler" time="0.084" /></testsuite></testsuites>