<?xml version="1.0" encoding="utf-8"?><testsuites name="pytest tests"><testsuite name="pytest" errors="0" failures="0" skipped="0" tests="8" time="11.192" timestamp="2026-07-14T04:26:07.200094+00:00" hostname="agent-env-320e5436-f5fa-4f2f-8439-5ee0f24b240f"><testcase classname="tests.test_signup_geo_currency_prefill_iter891" name="test_uk_signup_prefills_gbp_and_gb" time="3.950" /><testcase classname="tests.test_signup_geo_currency_prefill_iter891" name="test_private_ip_signup_leaves_currency_unset" time="2.199" /><testcase classname="tests.test_signup_geo_currency_prefill_iter891" name="test_benin_signup_prefills_xof_and_bj" time="1.133" /><testcase classname="tests.test_signup_geo_currency_prefill_iter891" name="test_manual_currency_override_wins" time="2.164" /><testcase classname="tests.test_signup_geo_currency_prefill_iter891" name="test_duplicate_email_regression" time="0.108" /><testcase classname="tests.test_signup_geo_currency_prefill_iter891" name="test_weak_password_regression" time="0.094" /><testcase classname="tests.test_signup_geo_currency_prefill_iter891" name="test_rate_limit_still_enforced" time="1.392" /><testcase classname="tests.test_signup_geo_currency_prefill_iter891" name="test_geo_detect_public_still_anonymous" time="0.086" /></testsuite></testsuites>