<?xml version="1.0" encoding="utf-8"?><testsuites name="pytest tests"><testsuite name="pytest" errors="0" failures="0" skipped="0" tests="28" time="18.030" timestamp="2026-07-14T02:47:53.649846+00:00" hostname="agent-env-320e5436-f5fa-4f2f-8439-5ee0f24b240f"><testcase classname="tests.test_fedapay_production_e2e_iter887.TestFedaPayEndpointAuthGating" name="test_anonymous_forbidden" time="0.080" /><testcase classname="tests.test_fedapay_production_e2e_iter887.TestFedaPayEndpointAuthGating" name="test_non_admin_forbidden" time="0.385" /><testcase classname="tests.test_fedapay_production_e2e_iter887.TestFedaPayPremiumMonthlyPrimary" name="test_success_all_checks_true" time="0.597" /><testcase classname="tests.test_fedapay_production_e2e_iter887.TestFedaPayPremiumMonthlyPrimary" name="test_pricing_breakdown" time="0.000" /><testcase classname="tests.test_fedapay_production_e2e_iter887.TestFedaPayPremiumMonthlyPrimary" name="test_scenario_platform_and_ticket" time="0.000" /><testcase classname="tests.test_fedapay_production_e2e_iter887.TestFedaPayPremiumMonthlyPrimary" name="test_subscription_update_shape" time="0.000" /><testcase classname="tests.test_fedapay_production_e2e_iter887.TestFedaPayDbSideEffects" name="test_all_db_records_and_postal_fix" time="1.246" /><testcase classname="tests.test_fedapay_production_e2e_iter887.TestFedaPayValidation" name="test_invalid_period_returns_400" time="0.045" /><testcase classname="tests.test_fedapay_production_e2e_iter887.TestFedaPayValidation" name="test_invalid_plan_returns_404" time="0.045" /><testcase classname="tests.test_fedapay_production_e2e_iter887.TestFedaPayValidation" name="test_unsupported_country_ng_returns_400" time="0.049" /><testcase classname="tests.test_fedapay_production_e2e_iter887.TestFedaPayValidation" name="test_unsupported_currency_ngn_returns_400" time="0.083" /><testcase classname="tests.test_fedapay_production_e2e_iter887.TestBackendLogSignalsFedaPay" name="test_logs_show_fedapay_subjects" time="5.269" /><testcase classname="tests.test_fedapay_production_e2e_iter887.TestStripeRegressionPostFedaPay" name="test_stripe_premium_yearly_tx_unchanged" time="0.597" /><testcase classname="tests.test_fedapay_production_e2e_iter887.TestPayPalRegressionPostFedaPay" name="test_paypal_basic_yearly_ky_tx_unchanged" time="0.210" /><testcase classname="tests.test_stripe_production_e2e_iter885.TestEndpointAuthGating" name="test_anonymous_forbidden" time="0.076" /><testcase classname="tests.test_stripe_production_e2e_iter885.TestEndpointAuthGating" name="test_non_admin_forbidden" time="0.379" /><testcase classname="tests.test_stripe_production_e2e_iter885.TestStripePremiumYearlyPrimary" name="test_success_all_checks_true" time="0.948" /><testcase classname="tests.test_stripe_production_e2e_iter885.TestStripePremiumYearlyPrimary" name="test_pricing_breakdown" time="0.000" /><testcase classname="tests.test_stripe_production_e2e_iter885.TestStripePremiumYearlyPrimary" name="test_scenario_platform_and_ticket" time="0.000" /><testcase classname="tests.test_stripe_production_e2e_iter885.TestStripePremiumYearlyPrimary" name="test_subscription_update_shape" time="0.000" /><testcase classname="tests.test_stripe_production_e2e_iter885.TestStripeDbSideEffects" name="test_all_db_records" time="1.511" /><testcase classname="tests.test_stripe_production_e2e_iter885.TestStripeValidation" name="test_invalid_period_returns_400" time="0.056" /><testcase classname="tests.test_stripe_production_e2e_iter885.TestStripeValidation" name="test_invalid_plan_returns_404" time="0.048" /><testcase classname="tests.test_stripe_production_e2e_iter885.TestExistingUserRerun" name="test_second_run_succeeds_and_notifies" time="1.065" /><testcase classname="tests.test_stripe_production_e2e_iter885.TestBackendLogSignalsStripe" name="test_logs_show_stripe_subjects" time="4.539" /><testcase classname="tests.test_stripe_production_e2e_iter885.TestStripeRegression" name="test_checkout_status_fake_id_returns_404_or_500" time="0.304" /><testcase classname="tests.test_stripe_production_e2e_iter885.TestStripeRegression" name="test_webhook_bad_signature_returns_400" time="0.143" /><testcase classname="tests.test_stripe_production_e2e_iter885.TestIapCrossModuleRegression" name="test_iap_google_basic_still_works" time="0.253" /></testsuite></testsuites>