<?xml version="1.0" encoding="utf-8"?><testsuites name="pytest tests"><testsuite name="pytest" errors="0" failures="0" skipped="0" tests="36" time="7.946" timestamp="2026-07-13T22:12:33.761698+00:00" hostname="agent-env-bab637c0-aac3-4b51-ba56-6fa9905a7046"><testcase classname="tests.test_red_to_green_remediation.TestPolicyGate" name="test_all_four_checks_pass" time="0.084" /><testcase classname="tests.test_red_to_green_remediation.TestPolicyGate" name="test_guardrail_accepts_status_field" time="0.017" /><testcase classname="tests.test_red_to_green_remediation.TestCiaTrustHeartbeat" name="test_heartbeat_persisted_with_pillars" time="0.016" /><testcase classname="tests.test_red_to_green_remediation.TestCiaTrustHeartbeat" name="test_no_stale_pending_payments" time="0.023" /><testcase classname="tests.test_red_to_green_remediation.TestRunbookRag" name="test_latest_run_is_amber_with_rag_change_email" time="0.016" /><testcase classname="tests.test_red_to_green_remediation.TestA11yAutoFixerSafety" name="test_safe_insert_skips_generics" time="0.198" /><testcase classname="tests.test_red_to_green_remediation.TestA11yAutoFixerSafety" name="test_safe_insert_skips_arrow_only_lines" time="0.000" /><testcase classname="tests.test_red_to_green_remediation.TestA11yAutoFixerSafety" name="test_safe_insert_self_closing" time="0.000" /><testcase classname="tests.test_red_to_green_remediation.TestA11yAutoFixerSafety" name="test_safe_insert_multiline_tag_returns_none" time="0.000" /><testcase classname="tests.test_red_to_green_remediation.TestA11yAutoFixerSafety" name="test_no_corruption_patterns_in_source" time="0.499" /><testcase classname="tests.test_red_to_green_remediation.TestFrontendRoutesServe" name="test_route_returns_200[/]" time="0.098" /><testcase classname="tests.test_red_to_green_remediation.TestFrontendRoutesServe" name="test_route_returns_200[/dashboard]" time="0.108" /><testcase classname="tests.test_red_to_green_remediation.TestFrontendRoutesServe" name="test_route_returns_200[/admin-console]" time="0.112" /><testcase classname="tests.test_red_to_green_remediation.TestFrontendRoutesServe" name="test_route_returns_200[/careers/offer/confirm]" time="0.085" /><testcase classname="tests.test_red_to_green_remediation.TestRegression" name="test_platform_perf_audits_healthy" time="3.762" /><testcase classname="tests.test_red_to_green_remediation.TestRegression" name="test_agent_framework_untouched" time="0.050" /><testcase classname="tests.test_apple_sso_provider_verified_only.TestAppleSSO_ProviderVerifiedOnly" name="test_sso_config_apple_uses_provider_verified_base" time="0.549" /><testcase classname="tests.test_apple_sso_provider_verified_only.TestAppleSSO_ProviderVerifiedOnly" name="test_sso_config_apple_preview_fallback_disabled" time="0.085" /><testcase classname="tests.test_apple_sso_provider_verified_only.TestAppleSSO_ProviderVerifiedOnly" name="test_sso_config_apple_provider_verified_base_active" time="0.042" /><testcase classname="tests.test_apple_sso_provider_verified_only.TestAppleLogin_ProviderVerifiedRedirectURI" name="test_apple_login_redirect_uses_provider_verified_callback" time="0.043" /><testcase classname="tests.test_apple_sso_provider_verified_only.TestAdminSSOStatus_AppleProviderVerified" name="test_admin_sso_status_apple_provider_verification_source" time="0.048" /><testcase classname="tests.test_apple_sso_provider_verified_only.TestSSOE2EValidation_AppleProviderVerified" name="test_sso_e2e_validation_apple_checks_pass" time="0.595" /><testcase classname="tests.test_apple_sso_provider_verified_only.TestMicrosoftSSO_RegressionCheck" name="test_microsoft_still_uses_preview_callback" time="0.087" /><testcase classname="tests.test_apple_sso_provider_verified_only.TestMicrosoftSSO_RegressionCheck" name="test_microsoft_login_redirect_uses_preview_callback" time="0.490" /><testcase classname="tests.test_apple_sso_provider_verified_only.TestEnvConfiguration" name="test_env_apple_sso_auto_sync_use_dynamic_preview_false" time="0.043" /><testcase classname="tests.test_apple_sso_provider_verified_only.TestEnvConfiguration" name="test_env_apple_sso_preview_allow_registered_base_false" time="0.041" /><testcase classname="tests.test_apple_sso_provider_verified_only.TestEnvConfiguration" name="test_env_apple_sso_provider_verified_redirect_bases" time="0.041" /><testcase classname="tests.test_runbook_monitor_email_fix.TestDedicatedTemplate" name="test_registered_in_catalog" time="0.019" /><testcase classname="tests.test_runbook_monitor_email_fix.TestDedicatedTemplate" name="test_renders_structured_report_not_markdown" time="0.014" /><testcase classname="tests.test_runbook_monitor_email_fix.TestDedicatedTemplate" name="test_rag_color_mapping" time="0.008" /><testcase classname="tests.test_runbook_monitor_email_fix.TestDedicatedTemplate" name="test_admin_outbound_template_untouched" time="0.002" /><testcase classname="tests.test_runbook_monitor_email_fix.TestDedicatedTemplate" name="test_catalog_builders_map_to_correct_functions" time="0.000" /><testcase classname="tests.test_runbook_monitor_email_fix.TestNoiseControl" name="test_scheduler_run_suppressed_when_rag_stable_and_already_emailed" time="0.093" /><testcase classname="tests.test_runbook_monitor_email_fix.TestNoiseControl" name="test_manual_run_always_emails" time="0.016" /><testcase classname="tests.test_runbook_monitor_email_fix.TestRegression" name="test_monitor_status_endpoint" time="0.471" /><testcase classname="tests.test_runbook_monitor_email_fix.TestRegression" name="test_monitor_history_endpoint" time="0.058" /></testsuite></testsuites>