<?xml version="1.0" encoding="utf-8"?><testsuites name="pytest tests"><testsuite name="pytest" errors="0" failures="0" skipped="0" tests="17" time="5.657" timestamp="2026-07-13T05:56:10.864924+00:00" hostname="agent-env-bab637c0-aac3-4b51-ba56-6fa9905a7046"><testcase classname="tests.test_offer_letter_qr_iter877.TestQRPresencePerVariant" name="test_original_has_scan_to_accept" time="1.024" /><testcase classname="tests.test_offer_letter_qr_iter877.TestQRPresencePerVariant" name="test_accepted_has_scan_to_view" time="0.000" /><testcase classname="tests.test_offer_letter_qr_iter877.TestQRPresencePerVariant" name="test_terminal_variants_have_no_scan_label[rescinded]" time="0.000" /><testcase classname="tests.test_offer_letter_qr_iter877.TestQRPresencePerVariant" name="test_terminal_variants_have_no_scan_label[expired]" time="0.000" /><testcase classname="tests.test_offer_letter_qr_iter877.TestQRPresencePerVariant" name="test_terminal_variants_have_no_scan_label[declined]" time="0.000" /><testcase classname="tests.test_offer_letter_qr_iter877.TestQRPresencePerVariant" name="test_original_has_at_least_three_images" time="0.000" /><testcase classname="tests.test_offer_letter_qr_iter877.TestQRPresencePerVariant" name="test_accepted_has_at_least_three_images" time="0.000" /><testcase classname="tests.test_offer_letter_qr_iter877.TestPortalUrlSelection" name="test_public_confirm_url_wins_over_env_fallback" time="0.170" /><testcase classname="tests.test_offer_letter_qr_iter877.TestPortalUrlSelection" name="test_env_fallback_used_when_only_candidate_token" time="0.165" /><testcase classname="tests.test_offer_letter_qr_iter877.TestPortalUrlSelection" name="test_no_qr_when_neither_token_nor_url" time="0.150" /><testcase classname="tests.test_offer_letter_qr_iter877.TestOldBuggyFieldIgnored" name="test_legacy_public_token_field_does_not_trigger_qr" time="0.151" /><testcase classname="tests.test_offer_letter_qr_iter877.TestQRHelperFunction" name="test_qr_generator_returns_png_buffer_for_valid_url" time="0.006" /><testcase classname="tests.test_offer_letter_qr_iter877.TestQRHelperFunction" name="test_qr_generator_handles_empty_url_gracefully" time="0.003" /><testcase classname="tests.test_offer_letter_qr_iter877.TestOrderingFixE2E" name="test_send_flow_produces_pdf_with_qr" time="1.281" /><testcase classname="tests.test_offer_letter_qr_iter877.TestPublicCandidatePortal" name="test_get_public_offer_invalid_token_returns_404" time="0.104" /><testcase classname="tests.test_offer_letter_qr_iter877.TestPublicCandidatePortal" name="test_accept_requires_ack_and_signed_name" time="0.856" /><testcase classname="tests.test_offer_letter_qr_iter877.TestPublicCandidatePortal" name="test_decline_flow" time="1.338" /></testsuite></testsuites>