<?xml version="1.0" encoding="utf-8"?><testsuites name="pytest tests"><testsuite name="pytest" errors="0" failures="0" skipped="0" tests="8" time="0.973" timestamp="2026-07-15T03:56:24.152889+00:00" hostname="agent-env-cb09c686-9e31-4aa4-ae29-70345ca86378"><testcase classname="tests.test_gtec_directive_selfheal_iter916.TestPackagedCanonicalCopy" name="test_packaged_copy_exists_and_is_large" time="0.001" /><testcase classname="tests.test_gtec_directive_selfheal_iter916.TestPackagedCanonicalCopy" name="test_packaged_copy_matches_memory_directive" time="0.001" /><testcase classname="tests.test_gtec_directive_selfheal_iter916.TestSelfHealMissingFile" name="test_missing_directive_selfheals_without_raise" time="0.157" /><testcase classname="tests.test_gtec_directive_selfheal_iter916.TestSelfHealTruncatedFile" name="test_truncated_directive_selfheals" time="0.003" /><testcase classname="tests.test_gtec_directive_selfheal_iter916.TestSelfHealBothUnavailable" name="test_both_missing_raises" time="0.001" /><testcase classname="tests.test_gtec_directive_selfheal_iter916.TestBackendLiveHealth" name="test_health_endpoint_200" time="0.091" /><testcase classname="tests.test_gtec_directive_selfheal_iter916.TestBackendLiveHealth" name="test_gtec_directive_state_public" time="0.093" /><testcase classname="tests.test_gtec_directive_selfheal_iter916.TestBackendLiveHealth" name="test_admin_login_regression" time="0.559" /></testsuite></testsuites>