<?xml version="1.0" encoding="utf-8"?><testsuites name="pytest tests"><testsuite name="pytest" errors="0" failures="0" skipped="0" tests="17" time="0.428" timestamp="2026-07-13T23:55:10.757244+00:00" hostname="agent-env-bab637c0-aac3-4b51-ba56-6fa9905a7046"><testcase classname="tests.test_autonomous_tests_gate_mandatory.TestWorkflowEngineInvariants" name="test_all_step_types_validate" time="0.002" /><testcase classname="tests.test_autonomous_tests_gate_mandatory.TestWorkflowEngineInvariants" name="test_invalid_step_rejected" time="0.000" /><testcase classname="tests.test_autonomous_tests_gate_mandatory.TestAgentCatalogInvariants" name="test_catalog_has_200_plus_agents" time="0.000" /><testcase classname="tests.test_autonomous_tests_gate_mandatory.TestAgentCatalogInvariants" name="test_routing_scorer_is_deterministic" time="0.001" /><testcase classname="tests.test_autonomous_tests_gate_mandatory.TestEmailTemplateCatalogInvariants" name="test_critical_templates_registered_and_wrapped" time="0.018" /><testcase classname="tests.test_autonomous_tests_gate_mandatory.TestEmailTemplateCatalogInvariants" name="test_catalog_builders_not_cross_wired" time="0.000" /><testcase classname="tests.test_autonomous_tests_gate_mandatory.TestOfferLetterInvariants" name="test_variant_mapping_complete" time="0.226" /><testcase classname="tests.test_autonomous_tests_gate_mandatory.TestA11yAutoFixerSafety" name="test_never_corrupts_generics_or_arrows" time="0.003" /><testcase classname="tests.test_autonomous_tests_gate_mandatory.TestAnalyticsInvariants" name="test_cost_estimation_monotonic" time="0.000" /><testcase classname="tests.test_email_v2_inheritance.TestV2BaselineWrapper" name="test_wraps_plain_fragment" time="0.000" /><testcase classname="tests.test_email_v2_inheritance.TestV2BaselineWrapper" name="test_idempotent_no_double_wrap" time="0.000" /><testcase classname="tests.test_email_v2_inheritance.TestV2BaselineWrapper" name="test_wraps_full_document_body_inner" time="0.000" /><testcase classname="tests.test_email_v2_inheritance.TestV2BaselineWrapper" name="test_empty_html_passthrough" time="0.000" /><testcase classname="tests.test_email_v2_inheritance.TestV2BaselineWrapper" name="test_wrapper_uses_light_card_styles" time="0.000" /><testcase classname="tests.test_email_v2_inheritance.TestSendPipelineInheritance" name="test_send_pipeline_applies_v2_wrapper" time="0.001" /><testcase classname="tests.test_email_v2_inheritance.TestSendPipelineInheritance" name="test_send_pipeline_applies_contrast_and_meta_guards" time="0.000" /><testcase classname="tests.test_email_v2_inheritance.TestSendPipelineInheritance" name="test_critical_catalog_templates_registered" time="0.000" /></testsuite></testsuites>