<?xml version="1.0" encoding="utf-8"?><testsuites name="pytest tests"><testsuite name="pytest" errors="0" failures="0" skipped="0" tests="25" time="4.226" timestamp="2026-07-13T04:13:53.162333+00:00" hostname="agent-env-bab637c0-aac3-4b51-ba56-6fa9905a7046"><testcase classname="tests.test_ai_operating_layer_v2.TestEngineV2" name="test_new_step_types_valid" time="0.000" /><testcase classname="tests.test_ai_operating_layer_v2.TestEngineV2" name="test_collaborate_requires_agent_keys" time="0.000" /><testcase classname="tests.test_ai_operating_layer_v2.TestEngineV2" name="test_legacy_step_types_unchanged" time="0.000" /><testcase classname="tests.test_ai_operating_layer_v2.TestEngineV2" name="test_resolution_strategies" time="0.000" /><testcase classname="tests.test_ai_operating_layer_v2.TestEngineV2" name="test_cost_estimation" time="0.001" /><testcase classname="tests.test_ai_operating_layer_v2.TestRouting" name="test_route_selects_agent" time="0.431" /><testcase classname="tests.test_ai_operating_layer_v2.TestRouting" name="test_route_logged" time="0.087" /><testcase classname="tests.test_ai_operating_layer_v2.TestRouting" name="test_capabilities_discovery" time="0.055" /><testcase classname="tests.test_ai_operating_layer_v2.TestRouting" name="test_route_requires_auth" time="0.003" /><testcase classname="tests.test_ai_operating_layer_v2.TestEventTriggers" name="test_trigger_crud_and_emit" time="0.940" /><testcase classname="tests.test_ai_operating_layer_v2.TestEventTriggers" name="test_trigger_rejects_unknown_workflow" time="0.057" /><testcase classname="tests.test_ai_operating_layer_v2.TestKnowledge" name="test_collection_source_search_lifecycle" time="1.709" /><testcase classname="tests.test_ai_operating_layer_v2.TestKnowledge" name="test_source_requires_existing_collection" time="0.055" /><testcase classname="tests.test_ai_operating_layer_v2.TestKnowledge" name="test_invalid_source_type_rejected" time="0.166" /><testcase classname="tests.test_ai_operating_layer_v2.TestAnalytics" name="test_overview" time="0.055" /><testcase classname="tests.test_ai_operating_layer_v2.TestAnalytics" name="test_trends" time="0.054" /><testcase classname="tests.test_ai_operating_layer_v2.TestAnalytics" name="test_recommendations" time="0.055" /><testcase classname="tests.test_ai_operating_layer_v2.TestAnalytics" name="test_alerts" time="0.055" /><testcase classname="tests.test_ai_operating_layer_v2.TestAnalytics" name="test_adoption" time="0.055" /><testcase classname="tests.test_ai_operating_layer_v2.TestAnalytics" name="test_feedback_and_history" time="0.111" /><testcase classname="tests.test_ai_operating_layer_v2.TestNoRegression" name="test_existing_overview_unchanged" time="0.056" /><testcase classname="tests.test_ai_operating_layer_v2.TestNoRegression" name="test_marketplace_catalog_unchanged" time="0.057" /><testcase classname="tests.test_ai_operating_layer_v2.TestNoRegression" name="test_marketplace_readiness_still_ready" time="0.061" /><testcase classname="tests.test_ai_operating_layer_v2.TestNoRegression" name="test_workflows_endpoint_unchanged" time="0.054" /><testcase classname="tests.test_ai_operating_layer_v2.TestNoRegression" name="test_tools_include_legacy_and_new" time="0.055" /></testsuite></testsuites>