<?xml version="1.0" encoding="utf-8"?><testsuites name="pytest tests"><testsuite name="pytest" errors="0" failures="0" skipped="0" tests="3" time="0.686" timestamp="2026-07-09T20:41:15.047229+00:00" hostname="agent-env-bda554e9-5071-4e9c-b3f5-9aabe8e5578c"><testcase classname="tests.test_iter802_home_today_pulse.TestTodayPulseAuth" name="test_today_pulse_unauthenticated_returns_401" time="0.082" /><testcase classname="tests.test_iter802_home_today_pulse.TestTodayPulseAuth" name="test_today_pulse_authenticated_returns_200_with_all_fields" time="0.460" /><testcase classname="tests.test_iter802_home_today_pulse.TestTodayPulseAuth" name="test_today_pulse_streak_stable_within_same_day" time="0.094" /></testsuite></testsuites>