<?xml version="1.0" encoding="utf-8"?><testsuites name="pytest tests"><testsuite name="pytest" errors="0" failures="0" skipped="0" tests="8" time="0.547" timestamp="2026-07-11T23:54:30.550820+00:00" hostname="agent-env-e5a98e1c-3349-4dec-8aca-165df305d690"><testcase classname="tests.test_email_exactly_once_policy" name="test_env_and_module_constant_equal_1" time="0.081" /><testcase classname="tests.test_email_exactly_once_policy" name="test_backend_health_ok" time="0.006" /><testcase classname="tests.test_email_exactly_once_policy" name="test_exactly_once_identical_send_suppressed_by_dedupe" time="0.336" /><testcase classname="tests.test_email_exactly_once_policy" name="test_bypass_resistance_cap_blocks_after_dedupe_cleared" time="0.014" /><testcase classname="tests.test_email_exactly_once_policy" name="test_unique_content_passes_provider_invoked_again" time="0.012" /><testcase classname="tests.test_email_exactly_once_policy" name="test_explicit_dedupe_key_permanent_idempotency" time="0.011" /><testcase classname="tests.test_email_exactly_once_policy" name="test_cap_policy_override_respected" time="0.007" /><testcase classname="tests.test_email_exactly_once_policy" name="test_clear_template_cap_policy_cache_symbol_is_callable" time="0.000" /></testsuite></testsuites>