<?xml version="1.0" encoding="utf-8"?><testsuites name="pytest tests"><testsuite name="pytest" errors="0" failures="0" skipped="0" tests="13" time="2.080" timestamp="2026-07-13T01:47:33.762029+00:00" hostname="agent-env-ddd3fc64-1e17-4961-b382-f77fa52ab8b3"><testcase classname="tests.test_agent_marketplace_extra_iter873.TestMarketplaceExtendedFilters" name="test_catalog_search_q" time="0.703" /><testcase classname="tests.test_agent_marketplace_extra_iter873.TestMarketplaceExtendedFilters" name="test_catalog_status_filter" time="0.075" /><testcase classname="tests.test_agent_marketplace_extra_iter873.TestMarketplaceExtendedFilters" name="test_catalog_availability_filter" time="0.047" /><testcase classname="tests.test_agent_marketplace_extra_iter873.TestMarketplaceExtendedFilters" name="test_catalog_feature_filter" time="0.045" /><testcase classname="tests.test_agent_marketplace_extra_iter873.TestMarketplaceExtendedFilters" name="test_catalog_tag_filter_returns_tag_matches" time="0.300" /><testcase classname="tests.test_agent_marketplace_extra_iter873.TestMarketplaceExtendedFilters" name="test_catalog_sort_name_desc" time="0.044" /><testcase classname="tests.test_agent_marketplace_extra_iter873.TestMarketplaceExtendedFilters" name="test_catalog_sort_name_asc" time="0.045" /><testcase classname="tests.test_agent_marketplace_extra_iter873.TestPortfolioShape" name="test_portfolio_has_breakdowns" time="0.046" /><testcase classname="tests.test_agent_marketplace_extra_iter873.TestPortfolioShape" name="test_readiness_9_checks_all_pass" time="0.091" /><testcase classname="tests.test_agent_marketplace_extra_iter873.TestRecommendationsScoring" name="test_recommendations_fitness" time="0.089" /><testcase classname="tests.test_agent_marketplace_extra_iter873.TestAgentDetailAndVersions" name="test_agent_detail_shape" time="0.111" /><testcase classname="tests.test_agent_marketplace_extra_iter873.TestAgentDetailAndVersions" name="test_agent_versions_history" time="0.099" /><testcase classname="tests.test_agent_marketplace_extra_iter873.TestUpsertZeroRegression" name="test_upsert_with_marketplace_fields" time="0.306" /></testsuite></testsuites>