<?xml version="1.0" encoding="utf-8"?><testsuites name="pytest tests"><testsuite name="pytest" errors="0" failures="0" skipped="0" tests="24" time="9.307" timestamp="2026-07-11T23:54:38.718275+00:00" hostname="agent-env-e5a98e1c-3349-4dec-8aca-165df305d690"><testcase classname="tests.test_ai_learning_hub_certificate_email_attachments" name="test_backend_health" time="0.006" /><testcase classname="tests.test_ai_learning_hub_certificate_email_attachments" name="test_import_dispatcher_and_builders" time="1.875" /><testcase classname="tests.test_ai_learning_hub_certificate_email_attachments" name="test_dispatch_certificate_email_attaches_portrait_and_landscape" time="0.662" /><testcase classname="tests.test_ai_learning_hub_certificate_email_attachments" name="test_attachment_portrait_page_size_is_a4_portrait" time="0.638" /><testcase classname="tests.test_ai_learning_hub_certificate_email_attachments" name="test_attachment_landscape_page_size_is_a4_landscape" time="0.002" /><testcase classname="tests.test_ai_learning_hub_certificate_email_attachments" name="test_attachment_portrait_has_enlarged_blue_signature" time="0.098" /><testcase classname="tests.test_ai_learning_hub_certificate_email_attachments" name="test_attachment_landscape_has_enlarged_blue_signature" time="0.086" /><testcase classname="tests.test_ai_learning_hub_certificate_email_attachments" name="test_dispatcher_returns_false_when_no_learner_email" time="0.001" /><testcase classname="tests.test_ai_learning_hub_certificate_email_attachments" name="test_dispatcher_returns_false_when_email_not_configured" time="0.001" /><testcase classname="tests.test_ai_learning_hub_signature_pdf" name="test_backend_health" time="0.006" /><testcase classname="tests.test_ai_learning_hub_signature_pdf" name="test_import_build_certificate_pdf_bytes" time="0.000" /><testcase classname="tests.test_ai_learning_hub_signature_pdf" name="test_list_certificates_admin_ok" time="0.511" /><testcase classname="tests.test_ai_learning_hub_signature_pdf" name="test_list_certificates_free_ok" time="0.309" /><testcase classname="tests.test_ai_learning_hub_signature_pdf" name="test_list_certificates_requires_auth" time="0.003" /><testcase classname="tests.test_ai_learning_hub_signature_pdf" name="test_pdf_endpoint_returns_valid_pdf" time="1.102" /><testcase classname="tests.test_ai_learning_hub_signature_pdf" name="test_pdf_endpoint_landscape" time="0.448" /><testcase classname="tests.test_ai_learning_hub_signature_pdf" name="test_png_endpoint" time="0.731" /><testcase classname="tests.test_ai_learning_hub_signature_pdf" name="test_verify_endpoint_returns_valid" time="0.104" /><testcase classname="tests.test_ai_learning_hub_signature_pdf" name="test_direct_pdf_portrait_signature_size_and_position" time="0.370" /><testcase classname="tests.test_ai_learning_hub_signature_pdf" name="test_direct_pdf_landscape_signature_size_and_position" time="0.370" /><testcase classname="tests.test_ai_learning_hub_signature_pdf" name="test_cropped_signature_helper_returns_image" time="0.000" /><testcase classname="tests.test_ai_learning_hub_signature_pdf" name="test_served_portrait_pdf_endpoint_has_enlarged_signature" time="0.972" /><testcase classname="tests.test_ai_learning_hub_signature_pdf" name="test_served_landscape_pdf_endpoint_has_enlarged_signature" time="0.438" /><testcase classname="tests.test_ai_learning_hub_signature_pdf" name="test_signature_larger_than_pre_change_baseline" time="0.374" /></testsuite></testsuites>