<?xml version="1.0" encoding="utf-8"?><testsuites name="pytest tests"><testsuite name="pytest" errors="0" failures="0" skipped="0" tests="14" time="1.886" timestamp="2026-07-15T04:17:04.871207+00:00" hostname="agent-env-cb09c686-9e31-4aa4-ae29-70345ca86378"><testcase classname="tests.test_mono_restructure_iter917.TestStructure" name="test_frontend_has_react_scripts_not_expo" time="0.001" /><testcase classname="tests.test_mono_restructure_iter917.TestStructure" name="test_mobile_has_expo" time="0.000" /><testcase classname="tests.test_mono_restructure_iter917.TestStructure" name="test_mobile_eas_and_app_json_present" time="0.000" /><testcase classname="tests.test_mono_restructure_iter917.TestStructure" name="test_web_shell_files_present" time="0.000" /><testcase classname="tests.test_mono_restructure_iter917.TestStructure" name="test_frontend_env_has_expo_tunnel_subdomain" time="0.000" /><testcase classname="tests.test_mono_restructure_iter917.TestBackendHealth" name="test_health_200" time="0.085" /><testcase classname="tests.test_mono_restructure_iter917.TestBackendHealth" name="test_admin_login_cookie_auth" time="0.510" /><testcase classname="tests.test_mono_restructure_iter917.TestBackendHealth" name="test_free_user_login_and_me" time="0.399" /><testcase classname="tests.test_mono_restructure_iter917.TestBackendStartupLogs" name="test_current_boot_has_no_frontend_path_errors" time="0.025" /><testcase classname="tests.test_mono_restructure_iter917.TestBackendStartupLogs" name="test_current_boot_no_filenotfound_for_frontend_paths" time="0.024" /><testcase classname="tests.test_mono_restructure_iter917.TestWebShell" name="test_healthz" time="0.310" /><testcase classname="tests.test_mono_restructure_iter917.TestWebShell" name="test_root_serves_html" time="0.009" /><testcase classname="tests.test_mono_restructure_iter917.TestWebShell" name="test_welcome_serves_html" time="0.005" /><testcase classname="tests.test_mono_restructure_iter917.TestBuildScript" name="test_build_script_runs_and_produces_client_and_server" time="0.445" /></testsuite></testsuites>