<?xml version="1.0" encoding="utf-8"?><testsuites name="pytest tests"><testsuite name="pytest" errors="0" failures="0" skipped="0" tests="9" time="1.438" timestamp="2026-07-12T03:27:14.733932+00:00" hostname="agent-env-af180bcb-e517-4f92-afe0-33fd2175f908"><testcase classname="tests.test_receipt_pdf_pro_e2e_iter857" name="test_unauth_relay_receipt_returns_401" time="0.084" /><testcase classname="tests.test_receipt_pdf_pro_e2e_iter857" name="test_content_document_invalid_doc_type_returns_400" time="0.487" /><testcase classname="tests.test_receipt_pdf_pro_e2e_iter857" name="test_content_document_missing_payment_id_returns_400" time="0.041" /><testcase classname="tests.test_receipt_pdf_pro_e2e_iter857" name="test_free_user_receipt_via_relay_returns_pdf" time="0.208" /><testcase classname="tests.test_receipt_pdf_pro_e2e_iter857" name="test_free_user_receipt_via_content_document_returns_pdf" time="0.198" /><testcase classname="tests.test_receipt_pdf_pro_e2e_iter857" name="test_free_user_invoice_returns_403_plan_gate" time="0.042" /><testcase classname="tests.test_receipt_pdf_pro_e2e_iter857" name="test_receipt_pdf_contains_required_sections" time="0.247" /><testcase classname="tests.test_receipt_pdf_pro_e2e_iter857" name="test_payment_history_csv_export_via_relay" time="0.042" /><testcase classname="tests.test_receipt_pdf_pro_e2e_iter857" name="test_payment_history_tool_csv_html_via_relay" time="0.040" /></testsuite></testsuites>