<?xml version="1.0" encoding="utf-8"?><testsuites name="pytest tests"><testsuite name="pytest" errors="0" failures="0" skipped="0" tests="24" time="2.813" timestamp="2026-07-12T06:18:06.538287+00:00" hostname="agent-env-6bd01f6d-db67-4dfd-8a11-b6348c9e0bc7"><testcase classname="tests.test_job_search_email_kit.TestEmailKitEndpoint" name="test_unauthenticated_returns_401" time="0.085" /><testcase classname="tests.test_job_search_email_kit.TestEmailKitEndpoint" name="test_nonexistent_job_returns_404" time="0.475" /><testcase classname="tests.test_job_search_email_kit.TestEmailKitEndpoint" name="test_send_kit_returns_success_with_attachments" time="0.108" /><testcase classname="tests.test_job_search_email_kit.TestTemplateRegistration" name="test_template_registered_in_catalog" time="0.047" /><testcase classname="tests.test_job_search_email_kit.TestAttachmentExemption" name="test_job_search_kit_pdf_is_exempt" time="0.000" /><testcase classname="tests.test_job_search_email_kit.TestAttachmentExemption" name="test_wrong_filename_not_exempt" time="0.000" /><testcase classname="tests.test_job_search_email_kit.TestAttachmentExemption" name="test_wrong_template_not_exempt" time="0.000" /><testcase classname="tests.test_job_search_email_kit.TestAttachmentExemption" name="test_apply_pdf_theme_policy_leaves_kit_content_unchanged" time="0.034" /><testcase classname="tests.test_job_search_email_kit.TestAttachmentExemption" name="test_apply_pdf_theme_policy_non_matching_filename_still_enforced_or_blocked" time="0.000" /><testcase classname="tests.test_job_search_email_kit.TestAttachmentExemption" name="test_apply_pdf_theme_policy_other_template_enforces_kit_filename" time="0.001" /><testcase classname="tests.test_job_search_documents_docx.TestJobSearchDocumentDocx" name="test_cv_docx_success_headers_and_mime" time="0.717" /><testcase classname="tests.test_job_search_documents_docx.TestJobSearchDocumentDocx" name="test_cv_docx_python_docx_readback_and_content" time="0.119" /><testcase classname="tests.test_job_search_documents_docx.TestJobSearchDocumentDocx" name="test_cover_docx_success" time="0.065" /><testcase classname="tests.test_job_search_documents_docx.TestJobSearchDocumentDocx" name="test_unauthenticated_401" time="0.125" /><testcase classname="tests.test_job_search_documents_docx.TestJobSearchDocumentDocx" name="test_nonexistent_job_404" time="0.086" /><testcase classname="tests.test_job_search_documents_docx.TestJobSearchDocumentDocx" name="test_invalid_view_400" time="0.086" /><testcase classname="tests.test_job_search_documents_docx.TestJobSearchRegression" name="test_pdf_cv_still_200" time="0.050" /><testcase classname="tests.test_job_search_documents_docx.TestJobSearchRegression" name="test_pdf_cover_still_200" time="0.048" /><testcase classname="tests.test_job_search_documents_docx.TestJobSearchRegression" name="test_email_kit_still_200" time="0.111" /><testcase classname="tests.test_certificate_earn_yours_engagement.TestPublicEngagementEndpoint" name="test_earn_yours_click_accepted" time="0.102" /><testcase classname="tests.test_certificate_earn_yours_engagement.TestPublicEngagementEndpoint" name="test_verifier_view_accepted" time="0.086" /><testcase classname="tests.test_certificate_earn_yours_engagement.TestPublicEngagementEndpoint" name="test_bogus_event_rejected" time="0.087" /><testcase classname="tests.test_certificate_earn_yours_engagement.TestPublicEngagementEndpoint" name="test_missing_event_type_rejected" time="0.081" /><testcase classname="tests.test_certificate_earn_yours_engagement.TestPublicEngagementEndpoint" name="test_earn_yours_event_persisted_in_mongo" time="0.088" /></testsuite></testsuites>