<?xml version="1.0" encoding="utf-8"?><testsuites name="pytest tests"><testsuite name="pytest" errors="0" failures="0" skipped="0" tests="78" time="9.804" timestamp="2026-07-16T08:51:58.831896+00:00" hostname="agent-env-44f539e0-0d54-4632-a685-8b1dc7e745ee"><testcase classname="tests.test_admin_schema_leak_sweep_iter928" name="test_anon_empty_body_no_schema_leak[ai_alerts_config-PUT-/api/admin/ai-alerts/config]" time="0.081" /><testcase classname="tests.test_admin_schema_leak_sweep_iter928" name="test_anon_empty_body_no_schema_leak[ai_support_configure-POST-/api/admin/ai-support/configure]" time="0.085" /><testcase classname="tests.test_admin_schema_leak_sweep_iter928" name="test_anon_empty_body_no_schema_leak[scaling_rules_create-POST-/api/admin/scaling/rules]" time="0.082" /><testcase classname="tests.test_admin_schema_leak_sweep_iter928" name="test_anon_empty_body_no_schema_leak[scaling_rules_update-PUT-/api/admin/scaling/rules/test123]" time="0.073" /><testcase classname="tests.test_admin_schema_leak_sweep_iter928" name="test_anon_empty_body_no_schema_leak[scaling_trigger-POST-/api/admin/scaling/trigger]" time="0.078" /><testcase classname="tests.test_admin_schema_leak_sweep_iter928" name="test_anon_empty_body_no_schema_leak[executive_risk_actions-POST-/api/admin/executive/risk-actions]" time="0.093" /><testcase classname="tests.test_admin_schema_leak_sweep_iter928" name="test_anon_empty_body_no_schema_leak[iap_commission_policy-PUT-/api/iap/admin/commission-policy]" time="0.107" /><testcase classname="tests.test_admin_schema_leak_sweep_iter928" name="test_anon_empty_body_no_schema_leak[iap_sandbox_validation-POST-/api/iap/admin/run-live-sandbox-validation]" time="0.087" /><testcase classname="tests.test_admin_schema_leak_sweep_iter928" name="test_anon_empty_body_no_schema_leak[system_repair_config-POST-/api/admin/system/repair-config]" time="0.089" /><testcase classname="tests.test_admin_schema_leak_sweep_iter928" name="test_anon_empty_body_no_schema_leak[email_override_approve-POST-/api/email-notifications/template-policies/override-approval]" time="0.091" /><testcase classname="tests.test_admin_schema_leak_sweep_iter928" name="test_anon_empty_body_no_schema_leak[email_override_revoke-POST-/api/email-notifications/template-policies/override-revoke]" time="0.095" /><testcase classname="tests.test_admin_schema_leak_sweep_iter928" name="test_anon_empty_body_no_schema_leak[email_manual_override-POST-/api/email-notifications/overrides/manual]" time="0.092" /><testcase classname="tests.test_admin_schema_leak_sweep_iter928" name="test_anon_empty_body_no_schema_leak[jobs_admin_decide-POST-/api/jobs/admin/approvals/decide]" time="0.077" /><testcase classname="tests.test_admin_schema_leak_sweep_iter928" name="test_anon_empty_body_no_schema_leak[jobs_admin_respond-POST-/api/jobs/admin/support/respond]" time="0.088" /><testcase classname="tests.test_admin_schema_leak_sweep_iter928" name="test_non_admin_empty_body_no_schema_leak[ai_alerts_config-PUT-/api/admin/ai-alerts/config]" time="0.504" /><testcase classname="tests.test_admin_schema_leak_sweep_iter928" name="test_non_admin_empty_body_no_schema_leak[ai_support_configure-POST-/api/admin/ai-support/configure]" time="0.090" /><testcase classname="tests.test_admin_schema_leak_sweep_iter928" name="test_non_admin_empty_body_no_schema_leak[scaling_rules_create-POST-/api/admin/scaling/rules]" time="0.084" /><testcase classname="tests.test_admin_schema_leak_sweep_iter928" name="test_non_admin_empty_body_no_schema_leak[scaling_rules_update-PUT-/api/admin/scaling/rules/test123]" time="0.086" /><testcase classname="tests.test_admin_schema_leak_sweep_iter928" name="test_non_admin_empty_body_no_schema_leak[scaling_trigger-POST-/api/admin/scaling/trigger]" time="0.115" /><testcase classname="tests.test_admin_schema_leak_sweep_iter928" name="test_non_admin_empty_body_no_schema_leak[executive_risk_actions-POST-/api/admin/executive/risk-actions]" time="0.102" /><testcase classname="tests.test_admin_schema_leak_sweep_iter928" name="test_non_admin_empty_body_no_schema_leak[iap_commission_policy-PUT-/api/iap/admin/commission-policy]" time="0.098" /><testcase classname="tests.test_admin_schema_leak_sweep_iter928" name="test_non_admin_empty_body_no_schema_leak[iap_sandbox_validation-POST-/api/iap/admin/run-live-sandbox-validation]" time="0.096" /><testcase classname="tests.test_admin_schema_leak_sweep_iter928" name="test_non_admin_empty_body_no_schema_leak[system_repair_config-POST-/api/admin/system/repair-config]" time="0.109" /><testcase classname="tests.test_admin_schema_leak_sweep_iter928" name="test_non_admin_empty_body_no_schema_leak[email_override_approve-POST-/api/email-notifications/template-policies/override-approval]" time="0.082" /><testcase classname="tests.test_admin_schema_leak_sweep_iter928" name="test_non_admin_empty_body_no_schema_leak[email_override_revoke-POST-/api/email-notifications/template-policies/override-revoke]" time="0.097" /><testcase classname="tests.test_admin_schema_leak_sweep_iter928" name="test_non_admin_empty_body_no_schema_leak[email_manual_override-POST-/api/email-notifications/overrides/manual]" time="0.095" /><testcase classname="tests.test_admin_schema_leak_sweep_iter928" name="test_non_admin_empty_body_no_schema_leak[jobs_admin_decide-POST-/api/jobs/admin/approvals/decide]" time="0.111" /><testcase classname="tests.test_admin_schema_leak_sweep_iter928" name="test_non_admin_empty_body_no_schema_leak[jobs_admin_respond-POST-/api/jobs/admin/support/respond]" time="0.085" /><testcase classname="tests.test_admin_schema_leak_sweep_iter928" name="test_admin_empty_body_guard_passes[ai_alerts_config-PUT-/api/admin/ai-alerts/config]" time="0.448" /><testcase classname="tests.test_admin_schema_leak_sweep_iter928" name="test_admin_empty_body_guard_passes[ai_support_configure-POST-/api/admin/ai-support/configure]" time="0.087" /><testcase classname="tests.test_admin_schema_leak_sweep_iter928" name="test_admin_empty_body_guard_passes[scaling_rules_create-POST-/api/admin/scaling/rules]" time="0.101" /><testcase classname="tests.test_admin_schema_leak_sweep_iter928" name="test_admin_empty_body_guard_passes[scaling_rules_update-PUT-/api/admin/scaling/rules/test123]" time="0.126" /><testcase classname="tests.test_admin_schema_leak_sweep_iter928" name="test_admin_empty_body_guard_passes[scaling_trigger-POST-/api/admin/scaling/trigger]" time="0.092" /><testcase classname="tests.test_admin_schema_leak_sweep_iter928" name="test_admin_empty_body_guard_passes[executive_risk_actions-POST-/api/admin/executive/risk-actions]" time="0.114" /><testcase classname="tests.test_admin_schema_leak_sweep_iter928" name="test_admin_empty_body_guard_passes[iap_commission_policy-PUT-/api/iap/admin/commission-policy]" time="0.097" /><testcase classname="tests.test_admin_schema_leak_sweep_iter928" name="test_admin_empty_body_guard_passes[iap_sandbox_validation-POST-/api/iap/admin/run-live-sandbox-validation]" time="0.304" /><testcase classname="tests.test_admin_schema_leak_sweep_iter928" name="test_admin_empty_body_guard_passes[system_repair_config-POST-/api/admin/system/repair-config]" time="0.095" /><testcase classname="tests.test_admin_schema_leak_sweep_iter928" name="test_admin_empty_body_guard_passes[email_override_approve-POST-/api/email-notifications/template-policies/override-approval]" time="0.091" /><testcase classname="tests.test_admin_schema_leak_sweep_iter928" name="test_admin_empty_body_guard_passes[email_override_revoke-POST-/api/email-notifications/template-policies/override-revoke]" time="0.084" /><testcase classname="tests.test_admin_schema_leak_sweep_iter928" name="test_admin_empty_body_guard_passes[email_manual_override-POST-/api/email-notifications/overrides/manual]" time="0.092" /><testcase classname="tests.test_admin_schema_leak_sweep_iter928" name="test_admin_empty_body_guard_passes[jobs_admin_decide-POST-/api/jobs/admin/approvals/decide]" time="0.077" /><testcase classname="tests.test_admin_schema_leak_sweep_iter928" name="test_admin_empty_body_guard_passes[jobs_admin_respond-POST-/api/jobs/admin/support/respond]" time="0.079" /><testcase classname="tests.test_admin_schema_leak_sweep_iter928" name="test_id_checker_send_message_allows_non_admin" time="0.086" /><testcase classname="tests.test_payment_simulate_admin_guard" name="test_anonymous_is_blocked[iap-/api/iap/admin/simulate-production-e2e]" time="0.092" /><testcase classname="tests.test_payment_simulate_admin_guard" name="test_anonymous_is_blocked[stripe-/api/admin/payments/simulate-stripe-production-e2e]" time="0.087" /><testcase classname="tests.test_payment_simulate_admin_guard" name="test_anonymous_is_blocked[paypal-/api/admin/payments/simulate-paypal-production-e2e]" time="0.082" /><testcase classname="tests.test_payment_simulate_admin_guard" name="test_anonymous_is_blocked[fedapay-/api/admin/payments/simulate-fedapay-production-e2e]" time="0.108" /><testcase classname="tests.test_payment_simulate_admin_guard" name="test_anonymous_is_blocked[webhook-/api/webhook-events/simulate]" time="0.075" /><testcase classname="tests.test_payment_simulate_admin_guard" name="test_non_admin_is_blocked[iap-/api/iap/admin/simulate-production-e2e]" time="0.418" /><testcase classname="tests.test_payment_simulate_admin_guard" name="test_non_admin_is_blocked[stripe-/api/admin/payments/simulate-stripe-production-e2e]" time="0.080" /><testcase classname="tests.test_payment_simulate_admin_guard" name="test_non_admin_is_blocked[paypal-/api/admin/payments/simulate-paypal-production-e2e]" time="0.080" /><testcase classname="tests.test_payment_simulate_admin_guard" name="test_non_admin_is_blocked[fedapay-/api/admin/payments/simulate-fedapay-production-e2e]" time="0.080" /><testcase classname="tests.test_payment_simulate_admin_guard" name="test_non_admin_is_blocked[webhook-/api/webhook-events/simulate]" time="0.080" /><testcase classname="tests.test_payment_simulate_admin_guard" name="test_admin_passes_auth_guard[iap-/api/iap/admin/simulate-production-e2e]" time="0.423" /><testcase classname="tests.test_payment_simulate_admin_guard" name="test_admin_passes_auth_guard[stripe-/api/admin/payments/simulate-stripe-production-e2e]" time="0.115" /><testcase classname="tests.test_payment_simulate_admin_guard" name="test_admin_passes_auth_guard[paypal-/api/admin/payments/simulate-paypal-production-e2e]" time="0.093" /><testcase classname="tests.test_payment_simulate_admin_guard" name="test_admin_passes_auth_guard[fedapay-/api/admin/payments/simulate-fedapay-production-e2e]" time="0.087" /><testcase classname="tests.test_payment_simulate_admin_guard" name="test_admin_passes_auth_guard[webhook-/api/webhook-events/simulate]" time="0.104" /><testcase classname="tests.test_payment_simulate_admin_guard" name="test_invalid_bearer_token_is_blocked[iap-/api/iap/admin/simulate-production-e2e]" time="0.088" /><testcase classname="tests.test_payment_simulate_admin_guard" name="test_invalid_bearer_token_is_blocked[stripe-/api/admin/payments/simulate-stripe-production-e2e]" time="0.105" /><testcase classname="tests.test_payment_simulate_admin_guard" name="test_invalid_bearer_token_is_blocked[paypal-/api/admin/payments/simulate-paypal-production-e2e]" time="0.094" /><testcase classname="tests.test_payment_simulate_admin_guard" name="test_invalid_bearer_token_is_blocked[fedapay-/api/admin/payments/simulate-fedapay-production-e2e]" time="0.095" /><testcase classname="tests.test_payment_simulate_admin_guard" name="test_invalid_bearer_token_is_blocked[webhook-/api/webhook-events/simulate]" time="0.085" /><testcase classname="tests.test_payment_simulate_schema_leak_fix" name="test_anon_empty_body_no_schema_leak[iap-/api/iap/admin/simulate-production-e2e]" time="0.097" /><testcase classname="tests.test_payment_simulate_schema_leak_fix" name="test_anon_empty_body_no_schema_leak[stripe-/api/admin/payments/simulate-stripe-production-e2e]" time="0.098" /><testcase classname="tests.test_payment_simulate_schema_leak_fix" name="test_anon_empty_body_no_schema_leak[paypal-/api/admin/payments/simulate-paypal-production-e2e]" time="0.073" /><testcase classname="tests.test_payment_simulate_schema_leak_fix" name="test_anon_empty_body_no_schema_leak[fedapay-/api/admin/payments/simulate-fedapay-production-e2e]" time="0.086" /><testcase classname="tests.test_payment_simulate_schema_leak_fix" name="test_anon_empty_body_no_schema_leak[webhook-/api/webhook-events/simulate]" time="0.076" /><testcase classname="tests.test_payment_simulate_schema_leak_fix" name="test_non_admin_empty_body_no_schema_leak[iap-/api/iap/admin/simulate-production-e2e]" time="0.525" /><testcase classname="tests.test_payment_simulate_schema_leak_fix" name="test_non_admin_empty_body_no_schema_leak[stripe-/api/admin/payments/simulate-stripe-production-e2e]" time="0.079" /><testcase classname="tests.test_payment_simulate_schema_leak_fix" name="test_non_admin_empty_body_no_schema_leak[paypal-/api/admin/payments/simulate-paypal-production-e2e]" time="0.196" /><testcase classname="tests.test_payment_simulate_schema_leak_fix" name="test_non_admin_empty_body_no_schema_leak[fedapay-/api/admin/payments/simulate-fedapay-production-e2e]" time="0.092" /><testcase classname="tests.test_payment_simulate_schema_leak_fix" name="test_non_admin_empty_body_no_schema_leak[webhook-/api/webhook-events/simulate]" time="0.087" /><testcase classname="tests.test_payment_simulate_schema_leak_fix" name="test_admin_empty_body_reaches_validation[iap-/api/iap/admin/simulate-production-e2e]" time="0.439" /><testcase classname="tests.test_payment_simulate_schema_leak_fix" name="test_admin_empty_body_reaches_validation[stripe-/api/admin/payments/simulate-stripe-production-e2e]" time="0.093" /><testcase classname="tests.test_payment_simulate_schema_leak_fix" name="test_admin_empty_body_reaches_validation[paypal-/api/admin/payments/simulate-paypal-production-e2e]" time="0.091" /><testcase classname="tests.test_payment_simulate_schema_leak_fix" name="test_admin_empty_body_reaches_validation[fedapay-/api/admin/payments/simulate-fedapay-production-e2e]" time="0.101" /><testcase classname="tests.test_payment_simulate_schema_leak_fix" name="test_admin_empty_body_webhook_reaches_handler" time="0.093" /></testsuite></testsuites>