<?xml version="1.0" encoding="utf-8"?><testsuites name="pytest tests"><testsuite name="pytest" errors="0" failures="0" skipped="0" tests="5" time="1.357" timestamp="2026-07-15T01:49:58.010567+00:00" hostname="agent-env-cb09c686-9e31-4aa4-ae29-70345ca86378"><testcase classname="tests.test_travel_visa_country_track_iter915.TestCountryTrackFree" name="test_us_track_free" time="0.612" /><testcase classname="tests.test_travel_visa_country_track_iter915.TestCountryTrackFree" name="test_invalid_country_404" time="0.041" /><testcase classname="tests.test_travel_visa_country_track_iter915.TestCountryTrackFree" name="test_unauthenticated_401" time="0.085" /><testcase classname="tests.test_travel_visa_country_track_iter915.TestCountryTrackAdmin" name="test_us_track_admin" time="0.426" /><testcase classname="tests.test_travel_visa_country_track_iter915.TestTelemetry" name="test_telemetry_insert_on_call" time="0.128" /></testsuite></testsuites>