<?xml version="1.0" encoding="utf-8"?><testsuites name="pytest tests"><testsuite name="pytest" errors="0" failures="0" skipped="0" tests="15" time="3.538" timestamp="2026-07-11T17:30:01.275631+00:00" hostname="agent-env-59e61ee2-0d2e-44e6-8262-b3e144bf6d5e"><testcase classname="tests.test_api_v1_curl_public_verification.TestHealthParity" name="test_legacy_health" time="0.092" /><testcase classname="tests.test_api_v1_curl_public_verification.TestHealthParity" name="test_v1_health" time="0.086" /><testcase classname="tests.test_api_v1_curl_public_verification.TestClientBootstrapPublic" name="test_versioned_bootstrap" time="0.063" /><testcase classname="tests.test_api_v1_curl_public_verification.TestClientBootstrapPublic" name="test_legacy_bootstrap_alias" time="0.056" /><testcase classname="tests.test_api_v1_curl_public_verification.TestClientBootstrapPublic" name="test_bootstrap_echoes_native_platform" time="0.054" /><testcase classname="tests.test_api_v1_curl_public_verification.TestAuthGate" name="test_openapi_requires_auth" time="0.041" /><testcase classname="tests.test_api_v1_curl_public_verification.TestAuthGate" name="test_docs_requires_auth" time="0.040" /><testcase classname="tests.test_api_v1_curl_public_verification.TestAuthGate" name="test_admin_users_versioned_requires_auth" time="0.081" /><testcase classname="tests.test_api_v1_curl_public_verification.TestNativeAuthChannel" name="test_native_login_returns_tokens_in_body" time="0.469" /><testcase classname="tests.test_api_v1_curl_public_verification.TestNativeAuthChannel" name="test_web_login_does_not_leak_tokens_in_body" time="0.353" /><testcase classname="tests.test_api_v1_curl_public_verification.TestNativeAuthChannel" name="test_bearer_token_grants_me" time="0.579" /><testcase classname="tests.test_api_v1_curl_public_verification.TestNativeAuthChannel" name="test_admin_openapi_with_bearer" time="1.287" /><testcase classname="tests.test_api_v1_curl_public_verification.TestBackwardCompat" name="test_features_registry" time="0.066" /><testcase classname="tests.test_api_v1_curl_public_verification.TestBackwardCompat" name="test_i18n_languages" time="0.046" /><testcase classname="tests.test_api_v1_curl_public_verification.TestBackwardCompat" name="test_flappy_bird_gate_parity" time="0.151" /></testsuite></testsuites>