<?xml version="1.0" encoding="utf-8"?><testsuites name="pytest tests"><testsuite name="pytest" errors="0" failures="0" skipped="0" tests="11" time="5.197" timestamp="2026-07-10T00:24:54.833748+00:00" hostname="agent-env-f85a60b6-8b8e-4912-aafd-f131d8927787"><testcase classname="tests.test_job_search_weekly_digest.TestDigestPreference" name="test_default_get_returns_subscribed_true" time="3.919" /><testcase classname="tests.test_job_search_weekly_digest.TestDigestPreference" name="test_toggle_off_then_on" time="0.205" /><testcase classname="tests.test_job_search_weekly_digest.TestDigestAdminGuard" name="test_send_now_forbidden_for_free_user" time="0.296" /><testcase classname="tests.test_job_search_weekly_digest.TestDigestAdminGuard" name="test_runs_forbidden_for_free_user" time="0.049" /><testcase classname="tests.test_job_search_weekly_digest.TestDigestSendNowAndOptOut" name="test_send_now_opt_out_then_opt_in_flow" time="0.226" /><testcase classname="tests.test_job_search_weekly_digest.TestDigestSendNowAndOptOut" name="test_runs_lists_recent_runs" time="0.050" /><testcase classname="tests.test_job_search_weekly_digest.TestIdempotencyAndTemplate" name="test_template_registered_in_catalog" time="0.018" /><testcase classname="tests.test_job_search_weekly_digest.TestIdempotencyAndTemplate" name="test_template_builder_renders" time="0.081" /><testcase classname="tests.test_job_search_weekly_digest.TestIdempotencyAndTemplate" name="test_cron_path_idempotent_already_sent" time="0.216" /><testcase classname="tests.test_job_search_weekly_digest.TestSchedulerRegistration" name="test_scheduler_registers_mon_0930" time="0.001" /><testcase classname="tests.test_job_search_weekly_digest.TestFreeTierRegression" name="test_free_summary_and_jobs_accessible" time="0.065" /></testsuite></testsuites>