<?xml version="1.0" encoding="utf-8"?><testsuites name="pytest tests"><testsuite name="pytest" errors="0" failures="0" skipped="0" tests="10" time="1.061" timestamp="2026-07-10T01:31:15.068685+00:00" hostname="agent-env-f85a60b6-8b8e-4912-aafd-f131d8927787"><testcase classname="tests.test_job_search_email_kit.TestEmailKitEndpoint" name="test_unauthenticated_returns_401" time="0.197" /><testcase classname="tests.test_job_search_email_kit.TestEmailKitEndpoint" name="test_nonexistent_job_returns_404" time="0.583" /><testcase classname="tests.test_job_search_email_kit.TestEmailKitEndpoint" name="test_send_kit_returns_success_with_attachments" time="0.059" /><testcase classname="tests.test_job_search_email_kit.TestTemplateRegistration" name="test_template_registered_in_catalog" time="0.100" /><testcase classname="tests.test_job_search_email_kit.TestAttachmentExemption" name="test_job_search_kit_pdf_is_exempt" time="0.000" /><testcase classname="tests.test_job_search_email_kit.TestAttachmentExemption" name="test_wrong_filename_not_exempt" time="0.000" /><testcase classname="tests.test_job_search_email_kit.TestAttachmentExemption" name="test_wrong_template_not_exempt" time="0.000" /><testcase classname="tests.test_job_search_email_kit.TestAttachmentExemption" name="test_apply_pdf_theme_policy_leaves_kit_content_unchanged" time="0.055" /><testcase classname="tests.test_job_search_email_kit.TestAttachmentExemption" name="test_apply_pdf_theme_policy_non_matching_filename_still_enforced_or_blocked" time="0.003" /><testcase classname="tests.test_job_search_email_kit.TestAttachmentExemption" name="test_apply_pdf_theme_policy_other_template_enforces_kit_filename" time="0.001" /></testsuite></testsuites>