<?xml version="1.0" encoding="utf-8"?><testsuites name="pytest tests"><testsuite name="pytest" errors="0" failures="0" skipped="0" tests="7" time="7.339" timestamp="2026-07-10T01:55:07.229999+00:00" hostname="agent-env-f85a60b6-8b8e-4912-aafd-f131d8927787"><testcase classname="tests.test_job_search_mark_applied.TestAuthGuards" name="test_unauthenticated_returns_401_or_403" time="0.269" /><testcase classname="tests.test_job_search_mark_applied.TestAuthGuards" name="test_nonexistent_job_returns_404" time="0.454" /><testcase classname="tests.test_job_search_mark_applied.TestUntrackedToApplied" name="test_creates_as_applied_when_untracked" time="0.575" /><testcase classname="tests.test_job_search_mark_applied.TestSavedToApplied" name="test_advances_saved_to_applied_with_history" time="0.591" /><testcase classname="tests.test_job_search_mark_applied.TestAlreadyAppliedNoOp" name="test_already_applied_returns_changed_false" time="0.232" /><testcase classname="tests.test_job_search_mark_applied.TestAlreadyAppliedNoOp" name="test_interview_status_not_downgraded" time="4.998" /><testcase classname="tests.test_job_search_mark_applied" name="test_cleanup" time="0.157" /></testsuite></testsuites>