<?xml version="1.0" encoding="utf-8"?><testsuites name="pytest tests"><testsuite name="pytest" errors="0" failures="0" skipped="1" tests="12" time="46.456" timestamp="2026-07-09T23:48:06.995364+00:00" hostname="agent-env-f85a60b6-8b8e-4912-aafd-f131d8927787"><testcase classname="tests.test_job_search_feature26.TestAuthGuard" name="test_jobs_requires_auth" time="0.086" /><testcase classname="tests.test_job_search_feature26.TestProfile" name="test_put_and_get_profile" time="0.618" /><testcase classname="tests.test_job_search_feature26.TestJobsSearch" name="test_search_engineer" time="0.037" /><testcase classname="tests.test_job_search_feature26.TestJobsSearch" name="test_search_returns_open_jobs_default" time="0.040" /><testcase classname="tests.test_job_search_feature26.TestMatch" name="test_match_without_profile_returns_400" time="0.080"><skipped type="pytest.skip" message="Fresh user register failed: 422 {&quot;detail&quot;:&quot;Validation error&quot;,&quot;errors&quot;:[{&quot;field&quot;:&quot;body -&gt; name&quot;,&quot;message&quot;:&quot;Field required&quot;}]}">/app/backend/tests/test_job_search_feature26.py:132: Fresh user register failed: 422 {"detail":"Validation error","errors":[{"field":"body -&gt; name","message":"Field required"}]}</skipped></testcase><testcase classname="tests.test_job_search_feature26.TestMatch" name="test_match_with_profile_returns_ai_score" time="8.164" /><testcase classname="tests.test_job_search_feature26.TestDocumentsAndAts" name="test_generate_documents" time="27.574" /><testcase classname="tests.test_job_search_feature26.TestDocumentsAndAts" name="test_ats_check_after_generate" time="9.088" /><testcase classname="tests.test_job_search_feature26.TestDocumentsAndAts" name="test_ats_check_without_docs_returns_400" time="0.192" /><testcase classname="tests.test_job_search_feature26.TestTracker" name="test_create_and_duplicate_and_patch_and_delete" time="0.418" /><testcase classname="tests.test_job_search_feature26.TestSummary" name="test_summary_shape" time="0.044" /><testcase classname="tests.test_job_search_feature26.TestFeatureRegistry" name="test_jobs_portal_entry_renamed_to_job_search" time="0.040" /></testsuite></testsuites>