<?xml version="1.0" encoding="utf-8"?><testsuites name="pytest tests"><testsuite name="pytest" errors="0" failures="0" skipped="0" tests="8" time="1.109" timestamp="2026-07-10T00:55:28.398871+00:00" hostname="agent-env-f85a60b6-8b8e-4912-aafd-f131d8927787"><testcase classname="tests.test_job_search_documents_pdf.TestJobSearchDocumentPdf" name="test_cv_pdf_success" time="0.589" /><testcase classname="tests.test_job_search_documents_pdf.TestJobSearchDocumentPdf" name="test_cv_pdf_bypasses_v15_theme" time="0.053" /><testcase classname="tests.test_job_search_documents_pdf.TestJobSearchDocumentPdf" name="test_cover_pdf_success" time="0.048" /><testcase classname="tests.test_job_search_documents_pdf.TestJobSearchDocumentPdf" name="test_unauthenticated_401" time="0.067" /><testcase classname="tests.test_job_search_documents_pdf.TestJobSearchDocumentPdf" name="test_nonexistent_job_404" time="0.087" /><testcase classname="tests.test_job_search_documents_pdf.TestJobSearchDocumentPdf" name="test_invalid_view_400" time="0.041" /><testcase classname="tests.test_job_search_documents_pdf.TestJobSearchDocumentPdf" name="test_pdf_text_layer_extractable_and_clean" time="0.089" /><testcase classname="tests.test_job_search_documents_pdf.TestExemptionIsScoped" name="test_exempt_path_matcher" time="0.074" /></testsuite></testsuites>