<?xml version="1.0" encoding="utf-8"?><testsuites name="pytest tests"><testsuite name="pytest" errors="0" failures="0" skipped="0" tests="20" time="2.773" timestamp="2026-07-16T07:46:58.527815+00:00" hostname="agent-env-44f539e0-0d54-4632-a685-8b1dc7e745ee"><testcase classname="tests.test_payment_simulate_admin_guard" name="test_anonymous_is_blocked[iap-/api/iap/admin/simulate-production-e2e]" time="0.081" /><testcase classname="tests.test_payment_simulate_admin_guard" name="test_anonymous_is_blocked[stripe-/api/admin/payments/simulate-stripe-production-e2e]" time="0.099" /><testcase classname="tests.test_payment_simulate_admin_guard" name="test_anonymous_is_blocked[paypal-/api/admin/payments/simulate-paypal-production-e2e]" time="0.095" /><testcase classname="tests.test_payment_simulate_admin_guard" name="test_anonymous_is_blocked[fedapay-/api/admin/payments/simulate-fedapay-production-e2e]" time="0.079" /><testcase classname="tests.test_payment_simulate_admin_guard" name="test_anonymous_is_blocked[webhook-/api/webhook-events/simulate]" time="0.076" /><testcase classname="tests.test_payment_simulate_admin_guard" name="test_non_admin_is_blocked[iap-/api/iap/admin/simulate-production-e2e]" time="0.515" /><testcase classname="tests.test_payment_simulate_admin_guard" name="test_non_admin_is_blocked[stripe-/api/admin/payments/simulate-stripe-production-e2e]" time="0.081" /><testcase classname="tests.test_payment_simulate_admin_guard" name="test_non_admin_is_blocked[paypal-/api/admin/payments/simulate-paypal-production-e2e]" time="0.086" /><testcase classname="tests.test_payment_simulate_admin_guard" name="test_non_admin_is_blocked[fedapay-/api/admin/payments/simulate-fedapay-production-e2e]" time="0.098" /><testcase classname="tests.test_payment_simulate_admin_guard" name="test_non_admin_is_blocked[webhook-/api/webhook-events/simulate]" time="0.108" /><testcase classname="tests.test_payment_simulate_admin_guard" name="test_admin_passes_auth_guard[iap-/api/iap/admin/simulate-production-e2e]" time="0.445" /><testcase classname="tests.test_payment_simulate_admin_guard" name="test_admin_passes_auth_guard[stripe-/api/admin/payments/simulate-stripe-production-e2e]" time="0.112" /><testcase classname="tests.test_payment_simulate_admin_guard" name="test_admin_passes_auth_guard[paypal-/api/admin/payments/simulate-paypal-production-e2e]" time="0.094" /><testcase classname="tests.test_payment_simulate_admin_guard" name="test_admin_passes_auth_guard[fedapay-/api/admin/payments/simulate-fedapay-production-e2e]" time="0.098" /><testcase classname="tests.test_payment_simulate_admin_guard" name="test_admin_passes_auth_guard[webhook-/api/webhook-events/simulate]" time="0.113" /><testcase classname="tests.test_payment_simulate_admin_guard" name="test_invalid_bearer_token_is_blocked[iap-/api/iap/admin/simulate-production-e2e]" time="0.105" /><testcase classname="tests.test_payment_simulate_admin_guard" name="test_invalid_bearer_token_is_blocked[stripe-/api/admin/payments/simulate-stripe-production-e2e]" time="0.118" /><testcase classname="tests.test_payment_simulate_admin_guard" name="test_invalid_bearer_token_is_blocked[paypal-/api/admin/payments/simulate-paypal-production-e2e]" time="0.075" /><testcase classname="tests.test_payment_simulate_admin_guard" name="test_invalid_bearer_token_is_blocked[fedapay-/api/admin/payments/simulate-fedapay-production-e2e]" time="0.081" /><testcase classname="tests.test_payment_simulate_admin_guard" name="test_invalid_bearer_token_is_blocked[webhook-/api/webhook-events/simulate]" time="0.154" /></testsuite></testsuites>