<?xml version="1.0" encoding="utf-8"?><testsuites name="pytest tests"><testsuite name="pytest" errors="0" failures="0" skipped="0" tests="12" time="7.656" timestamp="2026-07-14T02:14:51.951494+00:00" hostname="agent-env-320e5436-f5fa-4f2f-8439-5ee0f24b240f"><testcase classname="tests.test_paypal_production_e2e_iter886.TestPayPalEndpointAuthGating" name="test_anonymous_forbidden" time="0.078" /><testcase classname="tests.test_paypal_production_e2e_iter886.TestPayPalEndpointAuthGating" name="test_non_admin_forbidden" time="0.475" /><testcase classname="tests.test_paypal_production_e2e_iter886.TestPayPalBasicYearlyPrimary" name="test_success_all_checks_true" time="0.635" /><testcase classname="tests.test_paypal_production_e2e_iter886.TestPayPalBasicYearlyPrimary" name="test_pricing_breakdown" time="0.000" /><testcase classname="tests.test_paypal_production_e2e_iter886.TestPayPalBasicYearlyPrimary" name="test_scenario_platform_and_ticket" time="0.000" /><testcase classname="tests.test_paypal_production_e2e_iter886.TestPayPalBasicYearlyPrimary" name="test_subscription_update_shape" time="0.000" /><testcase classname="tests.test_paypal_production_e2e_iter886.TestPayPalDbSideEffects" name="test_all_db_records" time="1.228" /><testcase classname="tests.test_paypal_production_e2e_iter886.TestPayPalValidation" name="test_invalid_period_returns_400" time="0.043" /><testcase classname="tests.test_paypal_production_e2e_iter886.TestPayPalValidation" name="test_invalid_plan_returns_404" time="0.044" /><testcase classname="tests.test_paypal_production_e2e_iter886.TestBackendLogSignalsPayPal" name="test_logs_show_paypal_subjects" time="4.199" /><testcase classname="tests.test_paypal_production_e2e_iter886.TestStripeRegressionPostRefactor" name="test_stripe_premium_yearly_tx_unchanged" time="0.623" /><testcase classname="tests.test_paypal_production_e2e_iter886.TestIapCrossModuleRegression" name="test_iap_google_basic_still_works" time="0.240" /></testsuite></testsuites>