<?xml version="1.0" encoding="utf-8"?><testsuites name="pytest tests"><testsuite name="pytest" errors="0" failures="1" skipped="0" tests="16" time="2.568" timestamp="2026-07-15T01:01:55.309441+00:00" hostname="agent-env-cb09c686-9e31-4aa4-ae29-70345ca86378"><testcase classname="tests.test_preprod_entitlement_lock.TestEntitlementLockEndpoint" name="test_admin_get_lock_active" time="0.553" /><testcase classname="tests.test_preprod_entitlement_lock.TestEntitlementLockEndpoint" name="test_free_user_cannot_read_lock" time="0.405" /><testcase classname="tests.test_preprod_entitlement_lock.TestAuthMeEffectivePlan" name="test_admin_me_premium" time="0.081" /><testcase classname="tests.test_preprod_entitlement_lock.TestAuthMeEffectivePlan" name="test_free_user_me_free" time="0.038" /><testcase classname="tests.test_preprod_entitlement_lock.TestAuthMeEffectivePlan" name="test_former_premium_now_free" time="0.356" /><testcase classname="tests.test_preprod_entitlement_lock.TestPaidCheckoutBlocked" name="test_stripe_create_checkout_blocked[basic]" time="0.080" /><testcase classname="tests.test_preprod_entitlement_lock.TestPaidCheckoutBlocked" name="test_stripe_create_checkout_blocked[premium]" time="0.038" /><testcase classname="tests.test_preprod_entitlement_lock.TestPaidCheckoutBlocked" name="test_paypal_create_order_blocked[basic]" time="0.081" /><testcase classname="tests.test_preprod_entitlement_lock.TestPaidCheckoutBlocked" name="test_paypal_create_order_blocked[premium]" time="0.039" /><testcase classname="tests.test_preprod_entitlement_lock.TestPaidCheckoutBlocked" name="test_fedapay_mobile_money_blocked[basic]" time="0.042" /><testcase classname="tests.test_preprod_entitlement_lock.TestPaidCheckoutBlocked" name="test_fedapay_mobile_money_blocked[premium]" time="0.038" /><testcase classname="tests.test_preprod_entitlement_lock.TestPaidCheckoutBlocked" name="test_revenue_upgrade_blocked" time="0.040"><failure message="AssertionError: detail mismatch (403 but not preprod-lock message): body={&quot;error&quot;:&quot;Subscription Required&quot;,&quot;message&quot;:&quot;This feature requires a Basic plan or higher. Upgrade now to unlock access.&quot;,&quot;current_plan&quot;:&quot;free&quot;,&quot;required_plan&quot;:&quot;basic&quot;,&quot;upgrade_url&quot;:&quot;/subscription/plans&quot;}&#10;assert ('Subscriptions are disabled until production launch.' in 'None' or 'Subscriptions are disabled until production launch.' in '{&quot;error&quot;:&quot;Subscription Required&quot;,&quot;message&quot;:&quot;This feature requires a Basic plan or higher. Upgrade now to unlock access.&quot;,&quot;current_plan&quot;:&quot;free&quot;,&quot;required_plan&quot;:&quot;basic&quot;,&quot;upgrade_url&quot;:&quot;/subscription/plans&quot;}')&#10; +  where 'None' = str('None')">backend/tests/test_preprod_entitlement_lock.py:186: in test_revenue_upgrade_blocked
    assert EXPECTED_403_DETAIL in str(detail) or EXPECTED_403_DETAIL in body_text, (
E   AssertionError: detail mismatch (403 but not preprod-lock message): body={"error":"Subscription Required","message":"This feature requires a Basic plan or higher. Upgrade now to unlock access.","current_plan":"free","required_plan":"basic","upgrade_url":"/subscription/plans"}
E   assert ('Subscriptions are disabled until production launch.' in 'None' or 'Subscriptions are disabled until production launch.' in '{"error":"Subscription Required","message":"This feature requires a Basic plan or higher. Upgrade now to unlock access.","current_plan":"free","required_plan":"basic","upgrade_url":"/subscription/plans"}')
E    +  where 'None' = str('None')</failure></testcase><testcase classname="tests.test_preprod_entitlement_lock.TestAdminToggleLock" name="test_toggle_off_then_on" time="0.292" /><testcase classname="tests.test_preprod_entitlement_lock.TestDBIntegrity" name="test_no_nonadmin_paid_users" time="0.054" /><testcase classname="tests.test_preprod_entitlement_lock.TestRegressionSmoke" name="test_free_user_home_endpoints" time="0.255" /><testcase classname="tests.test_preprod_entitlement_lock.TestRegressionSmoke" name="test_admin_home" time="0.077" /></testsuite></testsuites>