<?xml version="1.0" encoding="utf-8"?><testsuites name="pytest tests"><testsuite name="pytest" errors="0" failures="0" skipped="0" tests="7" time="1.348" timestamp="2026-07-09T01:06:38.322401+00:00" hostname="agent-env-0f0dafcc-e619-4da8-b426-c26294c11b36"><testcase classname="tests.test_home_dashboard_backend.TestNovaHealth" name="test_nova_health_returns_200" time="0.102" /><testcase classname="tests.test_home_dashboard_backend.TestNovaHealth" name="test_nova_health_returns_healthy_status" time="0.096" /><testcase classname="tests.test_home_dashboard_backend.TestNovaHealth" name="test_nova_health_has_gps_live" time="0.107" /><testcase classname="tests.test_home_dashboard_backend.TestAuthentication" name="test_login_with_valid_credentials" time="0.429" /><testcase classname="tests.test_home_dashboard_backend.TestAuthentication" name="test_login_with_invalid_credentials" time="0.095" /><testcase classname="tests.test_home_dashboard_backend.TestAuthentication" name="test_auth_me_without_token" time="0.073" /><testcase classname="tests.test_home_dashboard_backend.TestDashboardEndpoints" name="test_auth_me_with_valid_session" time="0.396" /></testsuite></testsuites>