<?xml version="1.0" encoding="utf-8"?><testsuites name="pytest tests"><testsuite name="pytest" errors="0" failures="0" skipped="0" tests="17" time="3.003" timestamp="2026-07-11T15:40:43.853296+00:00" hostname="agent-env-5cb8d12f-cd73-4095-aa0a-25e2267bc2d9"><testcase classname="tests.test_feature37_flappy_bird.TestFlappyBirdAuthGuard" name="test_bootstrap_requires_auth" time="0.071" /><testcase classname="tests.test_feature37_flappy_bird.TestFlappyBirdAuthGuard" name="test_leaderboard_requires_auth" time="0.184" /><testcase classname="tests.test_feature37_flappy_bird.TestFlappyBirdAuthGuard" name="test_score_requires_auth" time="0.088" /><testcase classname="tests.test_feature37_flappy_bird.TestFlappyBirdBootstrap" name="test_bootstrap_shape" time="0.485" /><testcase classname="tests.test_feature37_flappy_bird.TestFlappyBirdScoreValidation" name="test_score_negative_rejected" time="0.043" /><testcase classname="tests.test_feature37_flappy_bird.TestFlappyBirdScoreValidation" name="test_score_too_high_rejected" time="0.042" /><testcase classname="tests.test_feature37_flappy_bird.TestFlappyBirdScoreSubmit" name="test_submit_and_persist" time="0.296" /><testcase classname="tests.test_feature37_flappy_bird.TestFlappyBirdLeaderboard" name="test_leaderboard_ranked" time="0.087" /><testcase classname="tests.test_feature37_flappy_bird.TestFeatureRegistryRegression" name="test_registry_includes_flappy_bird" time="0.069" /><testcase classname="tests.test_feature37_flappy_bird.TestFeatureRegistryRegression" name="test_registry_preserves_36_prior_features" time="0.043" /><testcase classname="tests.test_feature37_flappy_bird.TestFPSGameRegression" name="test_games_station_bootstrap" time="0.084" /><testcase classname="tests.test_feature37_flappy_bird_ext.TestScoreBoundaries" name="test_score_zero_accepted" time="0.495" /><testcase classname="tests.test_feature37_flappy_bird_ext.TestScoreBoundaries" name="test_score_max_9999_accepted" time="0.093" /><testcase classname="tests.test_feature37_flappy_bird_ext.TestCSRFEnforcement" name="test_score_without_custom_headers_blocked" time="0.080" /><testcase classname="tests.test_feature37_flappy_bird_ext.TestCSRFEnforcement" name="test_score_with_x_requested_with_accepted" time="0.056" /><testcase classname="tests.test_feature37_flappy_bird_ext.TestMultiUserLeaderboard" name="test_admin_top_after_free_submit" time="0.567" /><testcase classname="tests.test_feature37_flappy_bird_ext.TestMultiUserLeaderboard" name="test_best_score_is_max_not_latest" time="0.130" /></testsuite></testsuites>