<?xml version="1.0" encoding="utf-8"?><testsuites name="pytest tests"><testsuite name="pytest" errors="0" failures="0" skipped="0" tests="14" time="1.186" timestamp="2026-07-11T16:56:38.275647+00:00" hostname="agent-env-5cb8d12f-cd73-4095-aa0a-25e2267bc2d9"><testcase classname="tests.test_feature37_flappy_streak_saver.TestTemplateRegistration" name="test_template_key_registered" time="0.018" /><testcase classname="tests.test_feature37_flappy_streak_saver.TestTemplateRegistration" name="test_builder_output_contains_streak_target_and_cta" time="0.084" /><testcase classname="tests.test_feature37_flappy_streak_saver.TestTemplateRegistration" name="test_builder_singular_day_label" time="0.001" /><testcase classname="tests.test_feature37_flappy_streak_saver.TestSchedulerRegistration" name="test_scheduler_source_contains_streak_saver_cron" time="0.001" /><testcase classname="tests.test_feature37_flappy_streak_saver.TestCandidateSelection" name="test_yesterday_only_user_is_at_risk" time="0.193" /><testcase classname="tests.test_feature37_flappy_streak_saver.TestCandidateSelection" name="test_user_done_today_excluded" time="0.006" /><testcase classname="tests.test_feature37_flappy_streak_saver.TestCandidateSelection" name="test_user_without_yesterday_excluded" time="0.005" /><testcase classname="tests.test_feature37_flappy_streak_saver.TestStreakMath" name="test_streak_walks_back_consecutive_days" time="0.005" /><testcase classname="tests.test_feature37_flappy_streak_saver.TestStreakMath" name="test_streak_stops_at_gap" time="0.005" /><testcase classname="tests.test_feature37_flappy_streak_saver.TestStreakMath" name="test_streak_zero_when_no_yesterday" time="0.005" /><testcase classname="tests.test_feature37_flappy_streak_saver.TestSendAndDedupe" name="test_send_writes_log_and_dedupes" time="0.013" /><testcase classname="tests.test_feature37_flappy_streak_saver.TestAdminEndpointGuardrails" name="test_anonymous_denied" time="0.005" /><testcase classname="tests.test_feature37_flappy_streak_saver.TestAdminEndpointGuardrails" name="test_non_admin_denied" time="0.420" /><testcase classname="tests.test_feature37_flappy_streak_saver.TestAdminEndpointHappyPath" name="test_admin_run_returns_shape" time="0.355" /></testsuite></testsuites>