<?xml version="1.0" encoding="utf-8"?><testsuites name="pytest tests"><testsuite name="pytest" errors="0" failures="0" skipped="0" tests="14" time="9.864" timestamp="2026-07-14T02:15:09.490436+00:00" hostname="agent-env-320e5436-f5fa-4f2f-8439-5ee0f24b240f"><testcase classname="tests.test_stripe_production_e2e_iter885.TestEndpointAuthGating" name="test_anonymous_forbidden" time="0.084" /><testcase classname="tests.test_stripe_production_e2e_iter885.TestEndpointAuthGating" name="test_non_admin_forbidden" time="0.389" /><testcase classname="tests.test_stripe_production_e2e_iter885.TestStripePremiumYearlyPrimary" name="test_success_all_checks_true" time="1.144" /><testcase classname="tests.test_stripe_production_e2e_iter885.TestStripePremiumYearlyPrimary" name="test_pricing_breakdown" time="0.000" /><testcase classname="tests.test_stripe_production_e2e_iter885.TestStripePremiumYearlyPrimary" name="test_scenario_platform_and_ticket" time="0.000" /><testcase classname="tests.test_stripe_production_e2e_iter885.TestStripePremiumYearlyPrimary" name="test_subscription_update_shape" time="0.000" /><testcase classname="tests.test_stripe_production_e2e_iter885.TestStripeDbSideEffects" name="test_all_db_records" time="1.603" /><testcase classname="tests.test_stripe_production_e2e_iter885.TestStripeValidation" name="test_invalid_period_returns_400" time="0.156" /><testcase classname="tests.test_stripe_production_e2e_iter885.TestStripeValidation" name="test_invalid_plan_returns_404" time="0.046" /><testcase classname="tests.test_stripe_production_e2e_iter885.TestExistingUserRerun" name="test_second_run_succeeds_and_notifies" time="1.089" /><testcase classname="tests.test_stripe_production_e2e_iter885.TestBackendLogSignalsStripe" name="test_logs_show_stripe_subjects" time="4.601" /><testcase classname="tests.test_stripe_production_e2e_iter885.TestStripeRegression" name="test_checkout_status_fake_id_returns_404_or_500" time="0.235" /><testcase classname="tests.test_stripe_production_e2e_iter885.TestStripeRegression" name="test_webhook_bad_signature_returns_400" time="0.130" /><testcase classname="tests.test_stripe_production_e2e_iter885.TestIapCrossModuleRegression" name="test_iap_google_basic_still_works" time="0.333" /></testsuite></testsuites>